{
  "stats": {
    "suites": 6,
    "tests": 20,
    "passes": 20,
    "pending": 0,
    "failures": 0,
    "testsRegistered": 20,
    "passPercent": 100,
    "pendingPercent": 0,
    "other": 0,
    "hasOther": false,
    "skipped": 0,
    "hasSkipped": false,
    "start": "2026-05-20T19:58:50.082Z",
    "end": "2026-05-20T19:59:18.350Z",
    "duration": 28268
  },
  "results": [
    {
      "uuid": "5261e3a5-698e-4901-85a5-6f3253c6df97",
      "title": "",
      "fullFile": "cypress/e2e/login.cy.js",
      "file": "cypress/e2e/login.cy.js",
      "beforeHooks": [],
      "afterHooks": [],
      "tests": [],
      "suites": [
        {
          "uuid": "d59af5af-26e4-47ae-ba6b-0b9dc49ddb98",
          "title": "Login workflow",
          "fullFile": "",
          "file": "",
          "beforeHooks": [],
          "afterHooks": [],
          "tests": [
            {
              "title": "happy path: correct credentials log in and redirect home",
              "fullTitle": "Login workflow happy path: correct credentials log in and redirect home",
              "timedOut": null,
              "duration": 1334,
              "state": "passed",
              "speed": "fast",
              "pass": true,
              "fail": false,
              "pending": false,
              "context": null,
              "code": "cy.intercept('POST', '**/auth/login').as('login');\ncy.visit('/login');\ncy.get('input[placeholder*=\"university email\"]').type(Cypress.env('testEmail'));\ncy.get('input[placeholder*=\"••\"]').type(Cypress.env('testPassword'));\ncy.contains('button', /Sign in/i).click();\ncy.wait('@login').then(interception => {\n  expect(interception.response.statusCode).to.eq(200);\n  expect(interception.response.body.access_token).to.be.a('string');\n  expect(interception.response.body.user.email).to.eq(Cypress.env('testEmail'));\n});\n// 登录成功后 token 应进 storage（默认 sessionStorage，rememberMe=true 时进 localStorage）\ncy.window().then(win => {\n  const token = win.sessionStorage.getItem('token') || win.localStorage.getItem('token');\n  expect(token, 'token in storage').to.match(/^eyJ/);\n});\n// 应跳转到首页（或某个已登录页面）\ncy.url({\n  timeout: 6000\n}).should('not.include', '/login');",
              "err": {},
              "uuid": "99abc600-9659-4c2d-8706-be6c74675129",
              "parentUUID": "d59af5af-26e4-47ae-ba6b-0b9dc49ddb98",
              "isHook": false,
              "skipped": false
            },
            {
              "title": "rejects wrong password (HTTP 401)",
              "fullTitle": "Login workflow rejects wrong password (HTTP 401)",
              "timedOut": null,
              "duration": 1181,
              "state": "passed",
              "speed": "fast",
              "pass": true,
              "fail": false,
              "pending": false,
              "context": null,
              "code": "cy.intercept('POST', '**/auth/login').as('login');\ncy.visit('/login');\ncy.get('input[placeholder*=\"university email\"]').type(Cypress.env('testEmail'));\ncy.get('input[placeholder*=\"••\"]').type('WrongPassword999!');\ncy.contains('button', /Sign in/i).click();\ncy.wait('@login').then(interception => {\n  expect(interception.response.statusCode).to.eq(401);\n});\n// 错误信息应显示\ncy.contains(/Invalid|Incorrect|wrong|password/i, {\n  timeout: 5000\n}).should('be.visible');\n// 任何 storage 都不应有 token\ncy.window().then(win => {\n  expect(win.localStorage.getItem('token')).to.be.null;\n  expect(win.sessionStorage.getItem('token')).to.be.null;\n});",
              "err": {},
              "uuid": "be09b9e7-84c1-433c-800e-723bf65f48dd",
              "parentUUID": "d59af5af-26e4-47ae-ba6b-0b9dc49ddb98",
              "isHook": false,
              "skipped": false
            },
            {
              "title": "rejects unknown email (HTTP 401)",
              "fullTitle": "Login workflow rejects unknown email (HTTP 401)",
              "timedOut": null,
              "duration": 1109,
              "state": "passed",
              "speed": "fast",
              "pass": true,
              "fail": false,
              "pending": false,
              "context": null,
              "code": "cy.intercept('POST', '**/auth/login').as('login');\ncy.visit('/login');\ncy.get('input[placeholder*=\"university email\"]').type('definitelydoesnotexist@university.edu');\ncy.get('input[placeholder*=\"••\"]').type('Password123!');\ncy.contains('button', /Sign in/i).click();\ncy.wait('@login').then(interception => {\n  expect(interception.response.statusCode).to.eq(401);\n});\ncy.contains(/Invalid|Incorrect/i, {\n  timeout: 5000\n}).should('be.visible');",
              "err": {},
              "uuid": "dafdf2a4-e0be-46f4-ac4c-3183768b02d2",
              "parentUUID": "d59af5af-26e4-47ae-ba6b-0b9dc49ddb98",
              "isHook": false,
              "skipped": false
            },
            {
              "title": "preserves token across page reloads (session persistence)",
              "fullTitle": "Login workflow preserves token across page reloads (session persistence)",
              "timedOut": null,
              "duration": 393,
              "state": "passed",
              "speed": "fast",
              "pass": true,
              "fail": false,
              "pending": false,
              "context": null,
              "code": "cy.loginAsTestUser();\ncy.visit('/');\ncy.window().then(win => {\n  expect(win.localStorage.getItem('token')).to.match(/^eyJ/);\n});\n// reload — token 应仍在\ncy.reload();\ncy.window().then(win => {\n  expect(win.localStorage.getItem('token')).to.match(/^eyJ/);\n});",
              "err": {},
              "uuid": "a727008e-c952-456d-b600-c02d3b420660",
              "parentUUID": "d59af5af-26e4-47ae-ba6b-0b9dc49ddb98",
              "isHook": false,
              "skipped": false
            }
          ],
          "suites": [],
          "passes": [
            "99abc600-9659-4c2d-8706-be6c74675129",
            "be09b9e7-84c1-433c-800e-723bf65f48dd",
            "dafdf2a4-e0be-46f4-ac4c-3183768b02d2",
            "a727008e-c952-456d-b600-c02d3b420660"
          ],
          "failures": [],
          "pending": [],
          "skipped": [],
          "duration": 4017,
          "root": false,
          "rootEmpty": false,
          "_timeout": 2000
        }
      ],
      "passes": [],
      "failures": [],
      "pending": [],
      "skipped": [],
      "duration": 0,
      "root": true,
      "rootEmpty": true,
      "_timeout": 2000
    },
    {
      "uuid": "2b470e0b-e955-4a68-b074-4b79e4f5b06c",
      "title": "",
      "fullFile": "cypress/e2e/message.cy.js",
      "file": "cypress/e2e/message.cy.js",
      "beforeHooks": [],
      "afterHooks": [],
      "tests": [],
      "suites": [
        {
          "uuid": "10d11b23-52a4-4226-855d-71c12d338b3b",
          "title": "Message workflow",
          "fullFile": "",
          "file": "",
          "beforeHooks": [],
          "afterHooks": [],
          "tests": [
            {
              "title": "verified user can send a message that persists in DB",
              "fullTitle": "Message workflow verified user can send a message that persists in DB",
              "timedOut": null,
              "duration": 1350,
              "state": "passed",
              "speed": "fast",
              "pass": true,
              "fail": false,
              "pending": false,
              "context": null,
              "code": "cy.intercept('POST', '**/messages**').as('sendMessage');\ncy.loginAsTestUser().then(() => {\n  cy.visit(`/chat/${partnerId}`);\n  // 等输入框可用\n  cy.get('input[placeholder*=\"Type a message\"]', {\n    timeout: 6000\n  }).should('be.visible');\n  const text = `Cypress test message ${Date.now()}`;\n  cy.get('input[placeholder*=\"Type a message\"]').type(text);\n  cy.contains('button', /^Send$/).click();\n  // 消息应出现在聊天窗口里\n  cy.contains(text, {\n    timeout: 5000\n  }).should('be.visible');\n  // 同时通过 REST API 验证消息真的存到了 DB\n  cy.window().its('localStorage.token').then(token => {\n    cy.request({\n      method: 'GET',\n      url: `${Cypress.env('apiBase')}/messages?other_user_id=${partnerId}`,\n      headers: {\n        Authorization: `Bearer ${token}`\n      }\n    }).then(res => {\n      expect(res.status).to.eq(200);\n      const found = res.body.some(m => m.content === text);\n      expect(found, 'message should be stored in DB').to.be.true;\n    });\n  });\n});",
              "err": {},
              "uuid": "547afb87-40f9-43f9-9b58-323a620daf04",
              "parentUUID": "10d11b23-52a4-4226-855d-71c12d338b3b",
              "isHook": false,
              "skipped": false
            },
            {
              "title": "recipient sees the message after sender persisted it",
              "fullTitle": "Message workflow recipient sees the message after sender persisted it",
              "timedOut": null,
              "duration": 963,
              "state": "passed",
              "speed": "fast",
              "pass": true,
              "fail": false,
              "pending": false,
              "context": null,
              "code": "const text = `cross-account msg ${Date.now()}`;\n// sender (perftest) 直接通过 API 发消息（绕开 WebSocket 时序问题）\ncy.loginAsTestUser().then(() => {\n  cy.window().its('localStorage.token').then(token => {\n    cy.request({\n      method: 'POST',\n      url: `${Cypress.env('apiBase')}/messages`,\n      headers: {\n        Authorization: `Bearer ${token}`\n      },\n      body: {\n        to_user_id: partnerId,\n        content: text\n      }\n    }).then(res => {\n      expect(res.status).to.be.oneOf([200, 201]);\n    });\n  });\n});\n// 切换到 partner 登录，UI 上能看到这条消息\ncy.clearLocalStorage();\ncy.apiLogin(Cypress.env('partnerEmail'), Cypress.env('testPassword')).then(body => {\n  const myId = body.user.id;\n  // 拿到 perftest 的 user_id\n  cy.request({\n    method: 'GET',\n    url: `${Cypress.env('apiBase')}/auth/login`,\n    failOnStatusCode: false\n  });\n  cy.request({\n    method: 'POST',\n    url: `${Cypress.env('apiBase')}/auth/login`,\n    body: {\n      email: Cypress.env('testEmail'),\n      password: Cypress.env('testPassword')\n    },\n    headers: {\n      'X-Forwarded-For': `10.${Math.floor(Math.random() * 256)}.${Math.floor(Math.random() * 256)}.${Math.floor(Math.random() * 256)}`\n    }\n  }).then(perftestRes => {\n    const senderId = perftestRes.body.user.id;\n    // 用 partner 账号回到主线，访问 /chat/<sender>\n    cy.window().then(win => {\n      win.localStorage.setItem('token', body.access_token);\n      win.localStorage.setItem('user', JSON.stringify(body.user));\n    });\n    cy.visit(`/chat/${senderId}`);\n    cy.contains(text, {\n      timeout: 6000\n    }).should('be.visible');\n  });\n});",
              "err": {},
              "uuid": "adb4f35a-b86b-4523-adf2-913d41f57229",
              "parentUUID": "10d11b23-52a4-4226-855d-71c12d338b3b",
              "isHook": false,
              "skipped": false
            },
            {
              "title": "unauthenticated user is redirected away from /chat",
              "fullTitle": "Message workflow unauthenticated user is redirected away from /chat",
              "timedOut": null,
              "duration": 307,
              "state": "passed",
              "speed": "fast",
              "pass": true,
              "fail": false,
              "pending": false,
              "context": null,
              "code": "cy.visit(`/chat/${partnerId}`);\n// ProtectedRoute 应当把未登录用户重定向掉\ncy.url({\n  timeout: 6000\n}).should('match', /login|home|\\/$/);",
              "err": {},
              "uuid": "5df5d37d-2dfa-4564-90e7-347d413ad741",
              "parentUUID": "10d11b23-52a4-4226-855d-71c12d338b3b",
              "isHook": false,
              "skipped": false
            }
          ],
          "suites": [],
          "passes": [
            "547afb87-40f9-43f9-9b58-323a620daf04",
            "adb4f35a-b86b-4523-adf2-913d41f57229",
            "5df5d37d-2dfa-4564-90e7-347d413ad741"
          ],
          "failures": [],
          "pending": [],
          "skipped": [],
          "duration": 2620,
          "root": false,
          "rootEmpty": false,
          "_timeout": 2000
        }
      ],
      "passes": [],
      "failures": [],
      "pending": [],
      "skipped": [],
      "duration": 0,
      "root": true,
      "rootEmpty": true,
      "_timeout": 2000
    },
    {
      "uuid": "6196c678-0180-4264-b61d-a0c237e66f41",
      "title": "",
      "fullFile": "cypress/e2e/order.cy.js",
      "file": "cypress/e2e/order.cy.js",
      "beforeHooks": [],
      "afterHooks": [],
      "tests": [],
      "suites": [
        {
          "uuid": "89bfcb4b-2a08-429a-8c8f-6ea8e77daaf5",
          "title": "Order workflow",
          "fullFile": "",
          "file": "",
          "beforeHooks": [],
          "afterHooks": [],
          "tests": [
            {
              "title": "happy path: buyer places order from product detail",
              "fullTitle": "Order workflow happy path: buyer places order from product detail",
              "timedOut": null,
              "duration": 918,
              "state": "passed",
              "speed": "fast",
              "pass": true,
              "fail": false,
              "pending": false,
              "context": null,
              "code": "cy.intercept('POST', '**/orders').as('createOrder');\ngetPartnerAvailableProductId().then(productId => {\n  cy.visit('/'); // 先进任意页面让 React 启动\n  injectAuth(buyerToken, buyerUser);\n  cy.visit(`/products/${productId}`);\n  cy.contains('button', /Buy Now/i, {\n    timeout: 8000\n  }).should('be.visible');\n  // 商品详情页用 window.confirm，stub 自动 OK\n  cy.window().then(win => {\n    cy.stub(win, 'confirm').returns(true);\n  });\n  cy.contains('button', /Buy Now/i).click();\n  cy.wait('@createOrder').then(interception => {\n    expect(interception.response.statusCode).to.eq(201);\n    expect(interception.response.body.status).to.eq('pending');\n    expect(interception.response.body.buyer_id).to.eq(buyerUser.id);\n    expect(interception.response.body.seller_id).to.eq(partnerUser.id);\n  });\n});",
              "err": {},
              "uuid": "6160c27c-db07-4626-911d-59acf8b3457a",
              "parentUUID": "89bfcb4b-2a08-429a-8c8f-6ea8e77daaf5",
              "isHook": false,
              "skipped": false
            },
            {
              "title": "seller sees pending order in MyOrders → can confirm",
              "fullTitle": "Order workflow seller sees pending order in MyOrders → can confirm",
              "timedOut": null,
              "duration": 378,
              "state": "passed",
              "speed": "fast",
              "pass": true,
              "fail": false,
              "pending": false,
              "context": null,
              "code": "cy.intercept('PATCH', '**/orders/**/confirm').as('confirmOrder');\ngetPartnerAvailableProductId().then(productId => {\n  // 用缓存的 buyer token 直接发订单（不再 /auth/login）\n  cy.request({\n    method: 'POST',\n    url: `${apiBase}/orders`,\n    headers: {\n      Authorization: `Bearer ${buyerToken}`\n    },\n    body: {\n      product_id: productId\n    }\n  }).then(orderRes => {\n    expect(orderRes.status).to.eq(201);\n    // 切到 partner（seller）的 token，访问 MyOrders\n    cy.visit('/');\n    injectAuth(partnerToken, partnerUser);\n    cy.visit('/my-orders');\n    // 切到 seller tab\n    cy.contains('button', /Sold|Selling|Seller/i, {\n      timeout: 8000\n    }).should('be.visible').click();\n    // 找 Confirm 按钮\n    cy.contains('button', /^Confirm$/, {\n      timeout: 5000\n    }).should('be.visible').first().click();\n    cy.wait('@confirmOrder').then(interception => {\n      expect(interception.response.statusCode).to.eq(200);\n      expect(interception.response.body.status).to.eq('confirmed');\n    });\n  });\n});",
              "err": {},
              "uuid": "44434f60-0f95-4fe3-a813-8729eeae42cd",
              "parentUUID": "89bfcb4b-2a08-429a-8c8f-6ea8e77daaf5",
              "isHook": false,
              "skipped": false
            },
            {
              "title": "full lifecycle: pending → confirmed → completed",
              "fullTitle": "Order workflow full lifecycle: pending → confirmed → completed",
              "timedOut": null,
              "duration": 359,
              "state": "passed",
              "speed": "fast",
              "pass": true,
              "fail": false,
              "pending": false,
              "context": null,
              "code": "cy.intercept('PATCH', '**/orders/**/complete').as('completeOrder');\ngetPartnerAvailableProductId().then(productId => {\n  // 1. buyer 下单\n  cy.request({\n    method: 'POST',\n    url: `${apiBase}/orders`,\n    headers: {\n      Authorization: `Bearer ${buyerToken}`\n    },\n    body: {\n      product_id: productId\n    }\n  }).then(orderRes => {\n    const orderId = orderRes.body.id;\n    expect(orderRes.body.status).to.eq('pending');\n    // 2. seller confirm（API 直接走，加快）\n    cy.request({\n      method: 'PATCH',\n      url: `${apiBase}/orders/${orderId}/confirm`,\n      headers: {\n        Authorization: `Bearer ${partnerToken}`\n      }\n    }).then(confirmRes => {\n      expect(confirmRes.body.status).to.eq('confirmed');\n      // 3. buyer 在 UI 上 complete\n      cy.visit('/');\n      injectAuth(buyerToken, buyerUser);\n      cy.visit('/my-orders');\n      cy.contains('button', /^Complete$/, {\n        timeout: 8000\n      }).should('be.visible').first().click();\n      cy.wait('@completeOrder').then(interception => {\n        expect(interception.response.statusCode).to.eq(200);\n        expect(interception.response.body.status).to.eq('completed');\n      });\n    });\n  });\n});",
              "err": {},
              "uuid": "0d00cbab-d215-4358-9785-511496321df0",
              "parentUUID": "89bfcb4b-2a08-429a-8c8f-6ea8e77daaf5",
              "isHook": false,
              "skipped": false
            }
          ],
          "suites": [],
          "passes": [
            "6160c27c-db07-4626-911d-59acf8b3457a",
            "44434f60-0f95-4fe3-a813-8729eeae42cd",
            "0d00cbab-d215-4358-9785-511496321df0"
          ],
          "failures": [],
          "pending": [],
          "skipped": [],
          "duration": 1655,
          "root": false,
          "rootEmpty": false,
          "_timeout": 2000
        }
      ],
      "passes": [],
      "failures": [],
      "pending": [],
      "skipped": [],
      "duration": 0,
      "root": true,
      "rootEmpty": true,
      "_timeout": 2000
    },
    {
      "uuid": "e69e14d5-92f8-4f18-8b9f-3b98f7a1345d",
      "title": "",
      "fullFile": "cypress/e2e/registration.cy.js",
      "file": "cypress/e2e/registration.cy.js",
      "beforeHooks": [],
      "afterHooks": [],
      "tests": [],
      "suites": [
        {
          "uuid": "e65a1319-3f96-48b7-adf2-29f10e63bef2",
          "title": "Registration workflow",
          "fullFile": "",
          "file": "",
          "beforeHooks": [],
          "afterHooks": [],
          "tests": [
            {
              "title": "happy path: university email registers successfully",
              "fullTitle": "Registration workflow happy path: university email registers successfully",
              "timedOut": null,
              "duration": 2173,
              "state": "passed",
              "speed": "fast",
              "pass": true,
              "fail": false,
              "pending": false,
              "context": null,
              "code": "const stamp = Date.now();\nconst email = `cyptest${stamp}@university.edu`;\nconst username = `cyp${stamp}`;\ncy.intercept('POST', '**/auth/register').as('register');\ncy.visit('/register');\nfillForm(email, username, 'Password123!', 'Password123!');\ncy.contains('button', /Create Account/i).click();\ncy.wait('@register').then(interception => {\n  expect(interception.response.statusCode).to.eq(201);\n  expect(interception.response.body.email).to.eq(email);\n  expect(interception.response.body.is_verified).to.eq(false);\n});\n// 注册后页面应展示成功信息\ncy.contains(/Registered/i, {\n  timeout: 8000\n}).should('be.visible');",
              "err": {},
              "uuid": "4892adc1-a35c-4151-b359-e4f1c6458157",
              "parentUUID": "e65a1319-3f96-48b7-adf2-29f10e63bef2",
              "isHook": false,
              "skipped": false
            },
            {
              "title": "rejects non-university email (client-side validation)",
              "fullTitle": "Registration workflow rejects non-university email (client-side validation)",
              "timedOut": null,
              "duration": 1474,
              "state": "passed",
              "speed": "fast",
              "pass": true,
              "fail": false,
              "pending": false,
              "context": null,
              "code": "cy.visit('/register');\nfillForm('hacker@gmail.com', 'baduser', 'Password123!', 'Password123!');\ncy.contains('button', /Create Account/i).click();\n// 前端 isUniversityEmail() 拦截，不发请求\ncy.contains(/university email/i, {\n  timeout: 5000\n}).should('be.visible');",
              "err": {},
              "uuid": "93c08509-10c5-477a-879e-4dbce7aa8db8",
              "parentUUID": "e65a1319-3f96-48b7-adf2-29f10e63bef2",
              "isHook": false,
              "skipped": false
            },
            {
              "title": "rejects mismatched password confirmation (client-side)",
              "fullTitle": "Registration workflow rejects mismatched password confirmation (client-side)",
              "timedOut": null,
              "duration": 1620,
              "state": "passed",
              "speed": "fast",
              "pass": true,
              "fail": false,
              "pending": false,
              "context": null,
              "code": "cy.visit('/register');\nfillForm('test@university.edu', 'testuser', 'Password123!', 'DifferentPassword!');\ncy.contains('button', /Create Account/i).click();\ncy.contains(/do not match|Passwords do not/i, {\n  timeout: 4000\n}).should('be.visible');",
              "err": {},
              "uuid": "0986aa4a-ee6e-4f81-9fbd-a8a8bc0e711a",
              "parentUUID": "e65a1319-3f96-48b7-adf2-29f10e63bef2",
              "isHook": false,
              "skipped": false
            },
            {
              "title": "rejects short password (<8 chars, client-side)",
              "fullTitle": "Registration workflow rejects short password (<8 chars, client-side)",
              "timedOut": null,
              "duration": 1382,
              "state": "passed",
              "speed": "fast",
              "pass": true,
              "fail": false,
              "pending": false,
              "context": null,
              "code": "cy.visit('/register');\nfillForm('test2@university.edu', 'testuser2', 'short1', 'short1');\ncy.contains('button', /Create Account/i).click();\ncy.contains(/at least 8/i, {\n  timeout: 4000\n}).should('be.visible');",
              "err": {},
              "uuid": "7187d2b0-cecb-45e9-abad-23fe8cf60f3c",
              "parentUUID": "e65a1319-3f96-48b7-adf2-29f10e63bef2",
              "isHook": false,
              "skipped": false
            },
            {
              "title": "rejects unchecked terms agreement",
              "fullTitle": "Registration workflow rejects unchecked terms agreement",
              "timedOut": null,
              "duration": 1595,
              "state": "passed",
              "speed": "fast",
              "pass": true,
              "fail": false,
              "pending": false,
              "context": null,
              "code": "cy.visit('/register');\nfillForm(`a${Date.now()}@university.edu`, 'testuser', 'Password123!', 'Password123!', /* agree= */false);\ncy.contains('button', /Create Account/i).click();\ncy.contains(/agree.*terms/i, {\n  timeout: 4000\n}).should('be.visible');",
              "err": {},
              "uuid": "2ae78710-d37d-41db-a208-fec470ca618b",
              "parentUUID": "e65a1319-3f96-48b7-adf2-29f10e63bef2",
              "isHook": false,
              "skipped": false
            }
          ],
          "suites": [],
          "passes": [
            "4892adc1-a35c-4151-b359-e4f1c6458157",
            "93c08509-10c5-477a-879e-4dbce7aa8db8",
            "0986aa4a-ee6e-4f81-9fbd-a8a8bc0e711a",
            "7187d2b0-cecb-45e9-abad-23fe8cf60f3c",
            "2ae78710-d37d-41db-a208-fec470ca618b"
          ],
          "failures": [],
          "pending": [],
          "skipped": [],
          "duration": 8244,
          "root": false,
          "rootEmpty": false,
          "_timeout": 2000
        }
      ],
      "passes": [],
      "failures": [],
      "pending": [],
      "skipped": [],
      "duration": 0,
      "root": true,
      "rootEmpty": true,
      "_timeout": 2000
    },
    {
      "uuid": "a8a768fb-90ed-41fa-b118-74442aaaadf6",
      "title": "",
      "fullFile": "cypress/e2e/search.cy.js",
      "file": "cypress/e2e/search.cy.js",
      "beforeHooks": [],
      "afterHooks": [],
      "tests": [],
      "suites": [
        {
          "uuid": "988836a2-7087-4876-9a8d-ae8209768a2e",
          "title": "Search workflow",
          "fullFile": "",
          "file": "",
          "beforeHooks": [],
          "afterHooks": [],
          "tests": [
            {
              "title": "home page renders product list from /products",
              "fullTitle": "Search workflow home page renders product list from /products",
              "timedOut": null,
              "duration": 531,
              "state": "passed",
              "speed": "fast",
              "pass": true,
              "fail": false,
              "pending": false,
              "context": null,
              "code": "cy.intercept('GET', '**/products**').as('listProducts');\ncy.visit('/');\ncy.wait('@listProducts').then(interception => {\n  expect(interception.response.statusCode).to.eq(200);\n  expect(interception.response.body).to.have.length.greaterThan(0);\n});",
              "err": {},
              "uuid": "04a6a0bb-cd62-4a4a-b060-62ca1f7acb01",
              "parentUUID": "988836a2-7087-4876-9a8d-ae8209768a2e",
              "isHook": false,
              "skipped": false
            },
            {
              "title": "search keyword triggers API call with search param",
              "fullTitle": "Search workflow search keyword triggers API call with search param",
              "timedOut": null,
              "duration": 871,
              "state": "passed",
              "speed": "fast",
              "pass": true,
              "fail": false,
              "pending": false,
              "context": null,
              "code": "cy.intercept('GET', '**/products**').as('listProducts');\ncy.visit('/');\ncy.wait('@listProducts');\n// 输入关键词，每次 onChange 都会触发新的请求\ncy.get('input[placeholder*=\"Search\"]').first().type('Test');\n// 等到带 search=Test 的请求出现\ncy.wait('@listProducts', {\n  timeout: 10000\n});\ncy.get('@listProducts.all').should(interceptions => {\n  // 至少有一条请求 URL 包含 search=Test\n  const matched = interceptions.some(i => /search=Test/i.test(i.request.url));\n  expect(matched, 'expected at least one request with search=Test').to.be.true;\n});",
              "err": {},
              "uuid": "d6d33b19-3abb-478a-a762-fb4e8f188bec",
              "parentUUID": "988836a2-7087-4876-9a8d-ae8209768a2e",
              "isHook": false,
              "skipped": false
            },
            {
              "title": "price range inputs trigger filtered API call",
              "fullTitle": "Search workflow price range inputs trigger filtered API call",
              "timedOut": null,
              "duration": 2812,
              "state": "passed",
              "speed": "fast",
              "pass": true,
              "fail": false,
              "pending": false,
              "context": null,
              "code": "cy.intercept('GET', '**/products**').as('listProducts');\ncy.visit('/');\ncy.wait('@listProducts');\ncy.get('input[placeholder*=\"Min\"]').first().type('20');\ncy.get('input[placeholder*=\"Max\"]').first().type('80');\n// 让 React 把所有 onChange 都跑完\ncy.wait(2000);\ncy.get('@listProducts.all').should(interceptions => {\n  const hasMin = interceptions.some(i => /min_price=20/i.test(i.request.url));\n  const hasMax = interceptions.some(i => /max_price=80/i.test(i.request.url));\n  expect(hasMin, 'expected request with min_price=20').to.be.true;\n  expect(hasMax, 'expected request with max_price=80').to.be.true;\n});",
              "err": {},
              "uuid": "e1612360-4e25-4053-9bcf-d16a287202e2",
              "parentUUID": "988836a2-7087-4876-9a8d-ae8209768a2e",
              "isHook": false,
              "skipped": false
            }
          ],
          "suites": [],
          "passes": [
            "04a6a0bb-cd62-4a4a-b060-62ca1f7acb01",
            "d6d33b19-3abb-478a-a762-fb4e8f188bec",
            "e1612360-4e25-4053-9bcf-d16a287202e2"
          ],
          "failures": [],
          "pending": [],
          "skipped": [],
          "duration": 4214,
          "root": false,
          "rootEmpty": false,
          "_timeout": 2000
        }
      ],
      "passes": [],
      "failures": [],
      "pending": [],
      "skipped": [],
      "duration": 0,
      "root": true,
      "rootEmpty": true,
      "_timeout": 2000
    },
    {
      "uuid": "3bb981ce-3789-4f89-b5b7-ddf356378cc1",
      "title": "",
      "fullFile": "cypress/e2e/ai_listing.cy.js",
      "file": "cypress/e2e/ai_listing.cy.js",
      "beforeHooks": [],
      "afterHooks": [],
      "tests": [],
      "suites": [
        {
          "uuid": "342ef40f-7681-4d19-895a-4fdb0da654cd",
          "title": "AI Listing workflow",
          "fullFile": "",
          "file": "",
          "beforeHooks": [],
          "afterHooks": [],
          "tests": [
            {
              "title": "unauthenticated user is redirected away from /publish",
              "fullTitle": "AI Listing workflow unauthenticated user is redirected away from /publish",
              "timedOut": null,
              "duration": 274,
              "state": "passed",
              "speed": "fast",
              "pass": true,
              "fail": false,
              "pending": false,
              "context": null,
              "code": "cy.visit('/publish');\ncy.url({\n  timeout: 6000\n}).should('match', /login|home|\\/$/);",
              "err": {},
              "uuid": "87affcb5-3f39-49cb-9b78-89af464e3206",
              "parentUUID": "342ef40f-7681-4d19-895a-4fdb0da654cd",
              "isHook": false,
              "skipped": false
            },
            {
              "title": "verified user uploads image → AI fills form → publish succeeds",
              "fullTitle": "AI Listing workflow verified user uploads image → AI fills form → publish succeeds",
              "timedOut": null,
              "duration": 3920,
              "state": "passed",
              "speed": "fast",
              "pass": true,
              "fail": false,
              "pending": false,
              "context": null,
              "code": "cy.intercept('POST', '**/ai/analyze-and-save').as('aiSave');\n// POST /products 或 POST /products/with-image（** 同时匹配两者）\ncy.intercept('POST', '**/products**').as('createProduct');\ncy.loginAsTestUser().then(() => {\n  cy.visit('/publish');\n  // 上传图片到 AI 卡片的隐藏 input\n  cy.get('input[type=file]').first().selectFile('cypress/fixtures/test_product.png', {\n    force: true\n  });\n  // 点击 AI Smart Publish\n  cy.contains('button', /AI Smart Publish/i).should('be.visible').click();\n  // 等真实 OpenAI 响应（最多 30s 留出网络余量；耗时<8s 单独断言）\n  cy.wait('@aiSave', {\n    timeout: 30000\n  }).then(interception => {\n    var _interception$respons, _interception$respons2, _interception$respons3;\n    expect(interception.response.statusCode).to.eq(200);\n    const body = interception.response.body || {};\n    const data = body.data || {};\n    expect(data).to.include.keys('title', 'description', 'category');\n    // CA2 性能目标：AI 响应 < 8s\n    const elapsed = ((_interception$respons = interception.response.headers) === null || _interception$respons === void 0 ? void 0 : _interception$respons['x-response-time-ms']) && Number(interception.response.headers['x-response-time-ms']) || ((_interception$respons2 = (_interception$respons3 = interception.response) === null || _interception$respons3 === void 0 ? void 0 : _interception$respons3.duration) !== null && _interception$respons2 !== void 0 ? _interception$respons2 : 0);\n    if (elapsed) {\n      expect(elapsed, 'AI response time (ms)').to.be.lessThan(8000);\n    }\n  });\n  // 后端可能因低置信度弹出 \"Confirm AI Result\" 模态；若有就点 Apply to Form\n  cy.get('body').then($body => {\n    if ($body.find(':contains(\"Confirm AI Result\")').length) {\n      cy.contains('button', /Apply to Form/i).click();\n    }\n  });\n  // 表单 title 应被 AI 数据填充\n  cy.get('input[placeholder=\"Product title\"]', {\n    timeout: 8000\n  }).should('not.have.value', '');\n  // 价格手填（AI 不返回价格）\n  cy.get('input[placeholder=\"0.00\"]').clear().type('29.99');\n  // 提交\n  cy.contains('button', /Confirm.*Publish/i).click();\n  cy.wait('@createProduct', {\n    timeout: 15000\n  }).then(interception => {\n    expect([200, 201]).to.include(interception.response.statusCode);\n  });\n});",
              "err": {},
              "uuid": "06fd31c9-e581-4c58-8915-071b996d82a3",
              "parentUUID": "342ef40f-7681-4d19-895a-4fdb0da654cd",
              "isHook": false,
              "skipped": false
            }
          ],
          "suites": [],
          "passes": [
            "87affcb5-3f39-49cb-9b78-89af464e3206",
            "06fd31c9-e581-4c58-8915-071b996d82a3"
          ],
          "failures": [],
          "pending": [],
          "skipped": [],
          "duration": 4194,
          "root": false,
          "rootEmpty": false,
          "_timeout": 2000
        }
      ],
      "passes": [],
      "failures": [],
      "pending": [],
      "skipped": [],
      "duration": 0,
      "root": true,
      "rootEmpty": true,
      "_timeout": 2000
    }
  ],
  "meta": {
    "mocha": {
      "version": "7.2.0"
    },
    "mochawesome": {
      "options": {
        "quiet": false,
        "reportFilename": "mochawesome",
        "saveHtml": false,
        "saveJson": true,
        "consoleReporter": "spec",
        "useInlineDiffs": false,
        "code": true
      },
      "version": "7.1.4"
    },
    "marge": {
      "options": {
        "reportDir": "cypress/reports",
        "overwrite": false,
        "html": false,
        "json": true,
        "reportFilename": "mochawesome"
      },
      "version": "6.3.2"
    }
  }
}