{
  "stats": {
    "suites": 1,
    "tests": 3,
    "passes": 3,
    "pending": 0,
    "failures": 0,
    "start": "2026-05-20T19:59:02.845Z",
    "end": "2026-05-20T19:59:04.551Z",
    "duration": 1706,
    "testsRegistered": 3,
    "passPercent": 100,
    "pendingPercent": 0,
    "other": 0,
    "hasOther": false,
    "skipped": 0,
    "hasSkipped": false
  },
  "results": [
    {
      "uuid": "6196c678-0180-4264-b61d-a0c237e66f41",
      "title": "",
      "fullFile": "cypress/e2e/order.cy.js",
      "file": "cypress/e2e/order.cy.js",
      "beforeHooks": [],
      "afterHooks": [],
      "tests": [],
      "suites": [
        {
          "uuid": "89bfcb4b-2a08-429a-8c8f-6ea8e77daaf5",
          "title": "Order workflow",
          "fullFile": "",
          "file": "",
          "beforeHooks": [],
          "afterHooks": [],
          "tests": [
            {
              "title": "happy path: buyer places order from product detail",
              "fullTitle": "Order workflow happy path: buyer places order from product detail",
              "timedOut": null,
              "duration": 918,
              "state": "passed",
              "speed": "fast",
              "pass": true,
              "fail": false,
              "pending": false,
              "context": null,
              "code": "cy.intercept('POST', '**/orders').as('createOrder');\ngetPartnerAvailableProductId().then(productId => {\n  cy.visit('/'); // 先进任意页面让 React 启动\n  injectAuth(buyerToken, buyerUser);\n  cy.visit(`/products/${productId}`);\n  cy.contains('button', /Buy Now/i, {\n    timeout: 8000\n  }).should('be.visible');\n  // 商品详情页用 window.confirm，stub 自动 OK\n  cy.window().then(win => {\n    cy.stub(win, 'confirm').returns(true);\n  });\n  cy.contains('button', /Buy Now/i).click();\n  cy.wait('@createOrder').then(interception => {\n    expect(interception.response.statusCode).to.eq(201);\n    expect(interception.response.body.status).to.eq('pending');\n    expect(interception.response.body.buyer_id).to.eq(buyerUser.id);\n    expect(interception.response.body.seller_id).to.eq(partnerUser.id);\n  });\n});",
              "err": {},
              "uuid": "6160c27c-db07-4626-911d-59acf8b3457a",
              "parentUUID": "89bfcb4b-2a08-429a-8c8f-6ea8e77daaf5",
              "isHook": false,
              "skipped": false
            },
            {
              "title": "seller sees pending order in MyOrders → can confirm",
              "fullTitle": "Order workflow seller sees pending order in MyOrders → can confirm",
              "timedOut": null,
              "duration": 378,
              "state": "passed",
              "speed": "fast",
              "pass": true,
              "fail": false,
              "pending": false,
              "context": null,
              "code": "cy.intercept('PATCH', '**/orders/**/confirm').as('confirmOrder');\ngetPartnerAvailableProductId().then(productId => {\n  // 用缓存的 buyer token 直接发订单（不再 /auth/login）\n  cy.request({\n    method: 'POST',\n    url: `${apiBase}/orders`,\n    headers: {\n      Authorization: `Bearer ${buyerToken}`\n    },\n    body: {\n      product_id: productId\n    }\n  }).then(orderRes => {\n    expect(orderRes.status).to.eq(201);\n    // 切到 partner（seller）的 token，访问 MyOrders\n    cy.visit('/');\n    injectAuth(partnerToken, partnerUser);\n    cy.visit('/my-orders');\n    // 切到 seller tab\n    cy.contains('button', /Sold|Selling|Seller/i, {\n      timeout: 8000\n    }).should('be.visible').click();\n    // 找 Confirm 按钮\n    cy.contains('button', /^Confirm$/, {\n      timeout: 5000\n    }).should('be.visible').first().click();\n    cy.wait('@confirmOrder').then(interception => {\n      expect(interception.response.statusCode).to.eq(200);\n      expect(interception.response.body.status).to.eq('confirmed');\n    });\n  });\n});",
              "err": {},
              "uuid": "44434f60-0f95-4fe3-a813-8729eeae42cd",
              "parentUUID": "89bfcb4b-2a08-429a-8c8f-6ea8e77daaf5",
              "isHook": false,
              "skipped": false
            },
            {
              "title": "full lifecycle: pending → confirmed → completed",
              "fullTitle": "Order workflow full lifecycle: pending → confirmed → completed",
              "timedOut": null,
              "duration": 359,
              "state": "passed",
              "speed": "fast",
              "pass": true,
              "fail": false,
              "pending": false,
              "context": null,
              "code": "cy.intercept('PATCH', '**/orders/**/complete').as('completeOrder');\ngetPartnerAvailableProductId().then(productId => {\n  // 1. buyer 下单\n  cy.request({\n    method: 'POST',\n    url: `${apiBase}/orders`,\n    headers: {\n      Authorization: `Bearer ${buyerToken}`\n    },\n    body: {\n      product_id: productId\n    }\n  }).then(orderRes => {\n    const orderId = orderRes.body.id;\n    expect(orderRes.body.status).to.eq('pending');\n    // 2. seller confirm（API 直接走，加快）\n    cy.request({\n      method: 'PATCH',\n      url: `${apiBase}/orders/${orderId}/confirm`,\n      headers: {\n        Authorization: `Bearer ${partnerToken}`\n      }\n    }).then(confirmRes => {\n      expect(confirmRes.body.status).to.eq('confirmed');\n      // 3. buyer 在 UI 上 complete\n      cy.visit('/');\n      injectAuth(buyerToken, buyerUser);\n      cy.visit('/my-orders');\n      cy.contains('button', /^Complete$/, {\n        timeout: 8000\n      }).should('be.visible').first().click();\n      cy.wait('@completeOrder').then(interception => {\n        expect(interception.response.statusCode).to.eq(200);\n        expect(interception.response.body.status).to.eq('completed');\n      });\n    });\n  });\n});",
              "err": {},
              "uuid": "0d00cbab-d215-4358-9785-511496321df0",
              "parentUUID": "89bfcb4b-2a08-429a-8c8f-6ea8e77daaf5",
              "isHook": false,
              "skipped": false
            }
          ],
          "suites": [],
          "passes": [
            "6160c27c-db07-4626-911d-59acf8b3457a",
            "44434f60-0f95-4fe3-a813-8729eeae42cd",
            "0d00cbab-d215-4358-9785-511496321df0"
          ],
          "failures": [],
          "pending": [],
          "skipped": [],
          "duration": 1655,
          "root": false,
          "rootEmpty": false,
          "_timeout": 2000
        }
      ],
      "passes": [],
      "failures": [],
      "pending": [],
      "skipped": [],
      "duration": 0,
      "root": true,
      "rootEmpty": true,
      "_timeout": 2000
    }
  ],
  "meta": {
    "mocha": {
      "version": "7.2.0"
    },
    "mochawesome": {
      "options": {
        "quiet": false,
        "reportFilename": "mochawesome",
        "saveHtml": false,
        "saveJson": true,
        "consoleReporter": "spec",
        "useInlineDiffs": false,
        "code": true
      },
      "version": "7.1.4"
    },
    "marge": {
      "options": {
        "reportDir": "cypress/reports",
        "overwrite": false,
        "html": false,
        "json": true,
        "reportFilename": "mochawesome"
      },
      "version": "6.3.2"
    }
  }
}