{
  "stats": {
    "suites": 1,
    "tests": 5,
    "passes": 5,
    "pending": 0,
    "failures": 0,
    "start": "2026-05-20T19:59:05.138Z",
    "end": "2026-05-20T19:59:13.474Z",
    "duration": 8336,
    "testsRegistered": 5,
    "passPercent": 100,
    "pendingPercent": 0,
    "other": 0,
    "hasOther": false,
    "skipped": 0,
    "hasSkipped": false
  },
  "results": [
    {
      "uuid": "e69e14d5-92f8-4f18-8b9f-3b98f7a1345d",
      "title": "",
      "fullFile": "cypress/e2e/registration.cy.js",
      "file": "cypress/e2e/registration.cy.js",
      "beforeHooks": [],
      "afterHooks": [],
      "tests": [],
      "suites": [
        {
          "uuid": "e65a1319-3f96-48b7-adf2-29f10e63bef2",
          "title": "Registration workflow",
          "fullFile": "",
          "file": "",
          "beforeHooks": [],
          "afterHooks": [],
          "tests": [
            {
              "title": "happy path: university email registers successfully",
              "fullTitle": "Registration workflow happy path: university email registers successfully",
              "timedOut": null,
              "duration": 2173,
              "state": "passed",
              "speed": "fast",
              "pass": true,
              "fail": false,
              "pending": false,
              "context": null,
              "code": "const stamp = Date.now();\nconst email = `cyptest${stamp}@university.edu`;\nconst username = `cyp${stamp}`;\ncy.intercept('POST', '**/auth/register').as('register');\ncy.visit('/register');\nfillForm(email, username, 'Password123!', 'Password123!');\ncy.contains('button', /Create Account/i).click();\ncy.wait('@register').then(interception => {\n  expect(interception.response.statusCode).to.eq(201);\n  expect(interception.response.body.email).to.eq(email);\n  expect(interception.response.body.is_verified).to.eq(false);\n});\n// 注册后页面应展示成功信息\ncy.contains(/Registered/i, {\n  timeout: 8000\n}).should('be.visible');",
              "err": {},
              "uuid": "4892adc1-a35c-4151-b359-e4f1c6458157",
              "parentUUID": "e65a1319-3f96-48b7-adf2-29f10e63bef2",
              "isHook": false,
              "skipped": false
            },
            {
              "title": "rejects non-university email (client-side validation)",
              "fullTitle": "Registration workflow rejects non-university email (client-side validation)",
              "timedOut": null,
              "duration": 1474,
              "state": "passed",
              "speed": "fast",
              "pass": true,
              "fail": false,
              "pending": false,
              "context": null,
              "code": "cy.visit('/register');\nfillForm('hacker@gmail.com', 'baduser', 'Password123!', 'Password123!');\ncy.contains('button', /Create Account/i).click();\n// 前端 isUniversityEmail() 拦截，不发请求\ncy.contains(/university email/i, {\n  timeout: 5000\n}).should('be.visible');",
              "err": {},
              "uuid": "93c08509-10c5-477a-879e-4dbce7aa8db8",
              "parentUUID": "e65a1319-3f96-48b7-adf2-29f10e63bef2",
              "isHook": false,
              "skipped": false
            },
            {
              "title": "rejects mismatched password confirmation (client-side)",
              "fullTitle": "Registration workflow rejects mismatched password confirmation (client-side)",
              "timedOut": null,
              "duration": 1620,
              "state": "passed",
              "speed": "fast",
              "pass": true,
              "fail": false,
              "pending": false,
              "context": null,
              "code": "cy.visit('/register');\nfillForm('test@university.edu', 'testuser', 'Password123!', 'DifferentPassword!');\ncy.contains('button', /Create Account/i).click();\ncy.contains(/do not match|Passwords do not/i, {\n  timeout: 4000\n}).should('be.visible');",
              "err": {},
              "uuid": "0986aa4a-ee6e-4f81-9fbd-a8a8bc0e711a",
              "parentUUID": "e65a1319-3f96-48b7-adf2-29f10e63bef2",
              "isHook": false,
              "skipped": false
            },
            {
              "title": "rejects short password (<8 chars, client-side)",
              "fullTitle": "Registration workflow rejects short password (<8 chars, client-side)",
              "timedOut": null,
              "duration": 1382,
              "state": "passed",
              "speed": "fast",
              "pass": true,
              "fail": false,
              "pending": false,
              "context": null,
              "code": "cy.visit('/register');\nfillForm('test2@university.edu', 'testuser2', 'short1', 'short1');\ncy.contains('button', /Create Account/i).click();\ncy.contains(/at least 8/i, {\n  timeout: 4000\n}).should('be.visible');",
              "err": {},
              "uuid": "7187d2b0-cecb-45e9-abad-23fe8cf60f3c",
              "parentUUID": "e65a1319-3f96-48b7-adf2-29f10e63bef2",
              "isHook": false,
              "skipped": false
            },
            {
              "title": "rejects unchecked terms agreement",
              "fullTitle": "Registration workflow rejects unchecked terms agreement",
              "timedOut": null,
              "duration": 1595,
              "state": "passed",
              "speed": "fast",
              "pass": true,
              "fail": false,
              "pending": false,
              "context": null,
              "code": "cy.visit('/register');\nfillForm(`a${Date.now()}@university.edu`, 'testuser', 'Password123!', 'Password123!', /* agree= */false);\ncy.contains('button', /Create Account/i).click();\ncy.contains(/agree.*terms/i, {\n  timeout: 4000\n}).should('be.visible');",
              "err": {},
              "uuid": "2ae78710-d37d-41db-a208-fec470ca618b",
              "parentUUID": "e65a1319-3f96-48b7-adf2-29f10e63bef2",
              "isHook": false,
              "skipped": false
            }
          ],
          "suites": [],
          "passes": [
            "4892adc1-a35c-4151-b359-e4f1c6458157",
            "93c08509-10c5-477a-879e-4dbce7aa8db8",
            "0986aa4a-ee6e-4f81-9fbd-a8a8bc0e711a",
            "7187d2b0-cecb-45e9-abad-23fe8cf60f3c",
            "2ae78710-d37d-41db-a208-fec470ca618b"
          ],
          "failures": [],
          "pending": [],
          "skipped": [],
          "duration": 8244,
          "root": false,
          "rootEmpty": false,
          "_timeout": 2000
        }
      ],
      "passes": [],
      "failures": [],
      "pending": [],
      "skipped": [],
      "duration": 0,
      "root": true,
      "rootEmpty": true,
      "_timeout": 2000
    }
  ],
  "meta": {
    "mocha": {
      "version": "7.2.0"
    },
    "mochawesome": {
      "options": {
        "quiet": false,
        "reportFilename": "mochawesome",
        "saveHtml": false,
        "saveJson": true,
        "consoleReporter": "spec",
        "useInlineDiffs": false,
        "code": true
      },
      "version": "7.1.4"
    },
    "marge": {
      "options": {
        "reportDir": "cypress/reports",
        "overwrite": false,
        "html": false,
        "json": true,
        "reportFilename": "mochawesome"
      },
      "version": "6.3.2"
    }
  }
}