{
  "stats": {
    "suites": 1,
    "tests": 3,
    "passes": 1,
    "pending": 0,
    "failures": 2,
    "start": "2026-05-04T19:41:06.201Z",
    "end": "2026-05-04T19:41:12.950Z",
    "duration": 6749,
    "testsRegistered": 3,
    "passPercent": 33.33333333333333,
    "pendingPercent": 0,
    "other": 0,
    "hasOther": false,
    "skipped": 0,
    "hasSkipped": false
  },
  "results": [
    {
      "uuid": "e6bf8c66-2aee-4d2f-8d9d-50d39084e8b9",
      "title": "",
      "fullFile": "cypress/e2e/order.cy.js",
      "file": "cypress/e2e/order.cy.js",
      "beforeHooks": [],
      "afterHooks": [],
      "tests": [],
      "suites": [
        {
          "uuid": "6be0ad75-3d02-4ec6-a9e5-03f7ea3b4df1",
          "title": "Order workflow",
          "fullFile": "",
          "file": "",
          "beforeHooks": [],
          "afterHooks": [],
          "tests": [
            {
              "title": "happy path: buyer places order from product detail",
              "fullTitle": "Order workflow happy path: buyer places order from product detail",
              "timedOut": null,
              "duration": 1775,
              "state": "passed",
              "speed": "fast",
              "pass": true,
              "fail": false,
              "pending": false,
              "context": null,
              "code": "cy.intercept('POST', '**/orders').as('createOrder');\ngetPartnerAvailableProductId().then(productId => {\n  cy.visit('/'); // 先进任意页面让 React 启动\n  injectAuth(buyerToken, buyerUser);\n  cy.visit(`/products/${productId}`);\n  cy.contains('button', /Buy Now/i, {\n    timeout: 8000\n  }).should('be.visible');\n  // 商品详情页用 window.confirm，stub 自动 OK\n  cy.window().then(win => {\n    cy.stub(win, 'confirm').returns(true);\n  });\n  cy.contains('button', /Buy Now/i).click();\n  cy.wait('@createOrder').then(interception => {\n    expect(interception.response.statusCode).to.eq(201);\n    expect(interception.response.body.status).to.eq('pending');\n    expect(interception.response.body.buyer_id).to.eq(buyerUser.id);\n    expect(interception.response.body.seller_id).to.eq(partnerUser.id);\n  });\n});",
              "err": {},
              "uuid": "7724ce35-12b8-40b0-87a7-a088657e0af5",
              "parentUUID": "6be0ad75-3d02-4ec6-a9e5-03f7ea3b4df1",
              "isHook": false,
              "skipped": false
            },
            {
              "title": "seller sees pending order in MyOrders → can confirm",
              "fullTitle": "Order workflow seller sees pending order in MyOrders → can confirm",
              "timedOut": null,
              "duration": 2134,
              "state": "failed",
              "speed": null,
              "pass": false,
              "fail": true,
              "pending": false,
              "context": null,
              "code": "cy.intercept('PATCH', '**/orders/**/confirm').as('confirmOrder');\ngetPartnerAvailableProductId().then(productId => {\n  // 用缓存的 buyer token 直接发订单（不再 /auth/login）\n  cy.request({\n    method: 'POST',\n    url: `${apiBase}/orders`,\n    headers: {\n      Authorization: `Bearer ${buyerToken}`\n    },\n    body: {\n      product_id: productId\n    }\n  }).then(orderRes => {\n    expect(orderRes.status).to.eq(201);\n    // 切到 partner（seller）的 token，访问 MyOrders\n    cy.visit('/');\n    injectAuth(partnerToken, partnerUser);\n    cy.visit('/my-orders');\n    // 切到 seller tab\n    cy.contains('button', /Sold|Selling|Seller/i, {\n      timeout: 8000\n    }).should('be.visible').click();\n    // 找 Confirm 按钮\n    cy.contains('button', /^Confirm$/, {\n      timeout: 5000\n    }).should('be.visible').first().click();\n    cy.wait('@confirmOrder').then(interception => {\n      expect(interception.response.statusCode).to.eq(200);\n      expect(interception.response.body.status).to.eq('confirmed');\n    });\n  });\n});",
              "err": {
                "message": "CypressError: `cy.request()` failed on:\n\nhttp://localhost:8000/orders\n\nThe response we received from your web server was:\n\n  > 422: Unprocessable Entity\n\nThis was considered a failure because the status code was not `2xx` or `3xx`.\n\nIf you do not want status codes to cause failures pass the option: `failOnStatusCode: false`\n\n-----------------------------------------------------------\n\nThe request we sent was:\n\nMethod: POST\nURL: http://localhost:8000/orders\nHeaders: {\n  \"Connection\": \"keep-alive\",\n  \"Authorization\": \"Bearer eyJhbGciOiJIUzI1NiIsInR5cCI6IkpXVCJ9.eyJzdWIiOiI2OWY4ZTVhMTg3YjU5ZjY4MzNiYmQ2Y2MiLCJlbWFpbCI6InBlcmZ0ZXN0QHVuaXZlcnNpdHkuZWR1IiwiZXhwIjoxNzc4NTI4NDY2fQ.X0_3CXP5W_wwRfucxRSx9kmlcf06WZmFhV0KGTU8u4A\",\n  \"user-agent\": \"Mozilla/5.0 (Macintosh; Intel Mac OS X 10_15_7) AppleWebKit/537.36 (KHTML, like Gecko) Cypress/15.14.2 Chrome/138.0.7204.251 Electron/37.6.0 Safari/537.36\",\n  \"accept\": \"*/*\",\n  \"accept-encoding\": \"gzip, deflate\",\n  \"content-type\": \"application/json\",\n  \"content-length\": 35889\n}\nBody: {\"product_id\":{\"body\":[{\"id\":\"69f8f384943cff1a637c7053\",\"title\":\"Cypress Test Item #1\",\"description\":\"Used textbooks item for E2E testing. __cypress_seed__\",\"price\":10,\"category\":\"Textbooks\",\"condition\":\"good\",\"sustainable\":true,\"images\":[],\"seller_id\":\"69f8e5a287b59f6833bbd6cd\",\"status\":\"reserved\",\"views\":2,\"boosted_at\":null,\"created_at\":\"2026-05-04T19:29:08.590000\",\"updated_at\":\"2026-05-04T19:41:07.722000\",\"thumb_url\":null,\"is_favorited\":false},{\"id\":\"69f8f384943cff1a637c7054\",\"title\":\"Cypress Test Item #2\",\"description\":\"Used electronics item for E2E testing. __cypress_seed__\",\"price\":15,\"category\":\"Electronics\",\"condition\":\"good\",\"sustainable\":false,\"images\":[],\"seller_id\":\"69f8e5a287b59f6833bbd6cd\",\"status\":\"reserved\",\"views\":4,\"boosted_at\":null,\"created_at\":\"2026-05-04T19:29:08.590000\",\"updated_at\":\"2026-05-04T19:38:22.410000\",\"thumb_url\":null,\"is_favorited\":false},{\"id\":\"69df7f3a66a590b16db5e967\",\"title\":\"Elegant Tri-Stone Gold Ring\",\"description\":\"This exquisite tri-stone gold ring features a modern design with three dazzling stones, perfect for adding a touch of elegance to any outfit. In excellent condition, it's an ideal accessory for special occasions or daily wear, appealing to students looking for sophistication on a budget.\",\"price\":99,\"category\":\"Other\",\"condition\":\"good\",\"sustainable\":false,\"images\":[\"/images/69df7ef766a590b16db5e961\"],\"seller_id\":\"69cc1f83b5b0079a05e27728\",\"status\":\"available\",\"views\":1,\"boosted_at\":null,\"created_at\":\"2026-04-15T12:06:18.265000\",\"updated_at\":\"2026-04-15T12:06:18.265000\",\"thumb_url\":null,\"is_favorited\":false},{\"id\":\"69df7e6166a590b16db5e95a\",\"title\":\"Elegant Sterling Silver Ring with Gemstone\",\"description\":\"This exquisite sterling silver ring features a brilliant central gemstone, flanked by smaller stones for added sparkle. Its elegant design is perfect for special occasions or everyday wear. The ring is in excellent condition, making it a great addition to any student's jewelry collection.\",\"price\":1000,\"categ...\n\n-----------------------------------------------------------\n\nThe response we got was:\n\nStatus: 422 - Unprocessable Entity\nHeaders: {\n  \"date\": \"Mon, 04 May 2026 19:41:07 GMT\",\n  \"server\": \"uvicorn\",\n  \"content-length\": \"35985\",\n  \"content-type\": \"application/json\"\n}\nBody: {\n  \"detail\": [\n    {\n      \"type\": \"string_type\",\n      \"loc\": [\n        \"body\",\n        \"product_id\"\n      ],\n      \"msg\": \"Input should be a valid string\",\n      \"input\": {\n        \"body\": [\n{\n  \"id\": \"69f8f384943cff1a637c7053\",\n  \"title\": \"Cypress Test Item #1\",\n  \"description\": \"Used textbooks item for E2E testing. __cypress_seed__\",\n  \"price\": 10,\n  \"category\": \"Textbooks\",\n  \"condition\": \"good\",\n  \"sustainable\": true,\n  \"images\": [],\n  \"seller_id\": \"69f8e5a287b59f6833bbd6cd\",\n  \"status\": \"reserved\",\n  \"views\": 2,\n  \"boosted_at\": null,\n  \"created_at\": \"2026-05-04T19:29:08.590000\",\n  \"updated_at\": \"2026-05-04T19:41:07.722000\",\n  \"thumb_url\": null,\n  \"is_favorited\": false\n},\n{\n  \"id\": \"69f8f384943cff1a637c7054\",\n  \"title\": \"Cypress Test Item #2\",\n  \"description\": \"Used electronics item for E2E testing. __cypress_seed__\",\n  \"price\": 15,\n  \"category\": \"Electronics\",\n  \"condition\": \"good\",\n  \"sustainable\": false,\n  \"images\": [],\n  \"seller_id\": \"69f8e5a287b59f6833bbd6cd\",\n  \"status\": \"reserved\",\n  \"views\": 4,\n  \"boosted_at\": null,\n  \"created_at\": \"2026-05-04T19:29:08.590000\",\n  \"updated_at\": \"2026-05-04T19:38:22.410000\",\n  \"thumb_url\": null,\n  \"is_favorited\": false\n},\n{\n  \"id\": \"69df7f3a66a590b16db5e967\",\n  \"title\": \"Elegant Tri-Stone Gold Ring\",\n  \"description\": \"This exquisite tri-stone gold ring features a modern design with three dazzling stones, perfect for adding a touch of elegance to any outfit. In excellent condition, it's an ideal accessory for special occasions or daily wear, appealing to students looking for sophistication on a budget.\",\n  \"price\": 99,\n  \"category\": \"Other\",\n  \"condition\": \"good\",\n  \"sustainable\": false,\n  \"images\": [\n    \"/images/69df7ef766a590b16db5e961\"\n  ],\n  \"seller_id\": \"69cc1f83b5b0079a05e27728\",\n  \"status\": \"available\",\n  \"views\": 1,\n  \"boosted_at\": null,\n  \"created_at\": \"2026-04-15T12:06:18.265000\",\n  \"updated_at\": \"2026-04-15T12:06:18.265000\",\n  \"thumb_url\": null,\n  \"is_favorited\": false\n},\n{\n  \"id\": \"69df7e6166a590b16db5e95a\",\n  \"title\": \"Elegant Sterling Silver Ring with Gemstone\",\n  \"description\": \"This exquisite sterling silver ring features a brilliant central gemstone, flanked by smaller stones for added sparkle. Its elegant design is perfect for special occasions or everyday wear. The ring is in excellent condition, making it a great addition to any student's jewelry collection.\",\n  \"price\": 1000,\n  \"category\": \"Other\",\n  \"condition\": \"good\",\n  \"sustainable\": false,\n  \"images\": [\n    \"/images/69df7e4466a590b16db5e958\"\n  ],\n  \"seller_id\": \"69cc1f83b5b0079a05e27728\",\n  \"status\": \"available\",\n  \"views\": 1,\n  \"boosted_at\": null,\n  \"created_at\": \"2026-04-15T12:02:41.856000\",\n  \"updated_at\": \"2026-04-15T12:02:41.856000\",\n  \"thumb_url\": null,\n  \"is_favorited\": false\n},\n{\n  \"id\": \"69df79ab66a590b16db5e950\",\n  \"title\": \"Stylish White Suede Sneakers\",\n  \"description\": \"These trendy white sneakers feature suede accents and a comfortable fit, perfect for campus walks and casual outings. With a durable sole and clean design, they are a versatile addition to any student wardrobe. They are in excellent condition, offering style and practicality.\",\n  \"price\": 53.97,\n  \"category\": \"Clothing\",\n  \"condition\": \"good\",\n  \"sustainable\": false,\n  \"images\": [\n    \"/images/69df799a66a590b16db5e94b\"\n  ],\n  \"seller_id\": \"69cc1f83b5b0079a05e27728\",\n  \"status\": \"available\",\n  \"views\": 4,\n  \"boosted_at\": null,\n  \"created_at\": \"2026-04-15T11:42:35.230000\",\n  \"updated_at\": \"2026-04-15T11:42:35.230000\",\n  \"thumb_url\": null,\n  \"is_favorited\": false\n},\n{\n  \"id\": \"69df786281566a9921e58934\",\n  \"title\": \"Black and White Casual Sneakers\",\n  \"description\": \"Stylish black and white sneakers perfect for campus life. In excellent condition with a comfortable fit and durable build, these shoes are ideal for everyday wear. Their classic design will appeal to fashion-forward students looking to make a statement.\",\n  \"price\": 57.97,\n  \"category\": \"Clothing\",\n  \"condition\": \"good\",\n  \"sustainable\": false,\n  \"images\": [\n    \"/images/69df785881566a9921e58930\"\n  ],\n  \"seller_id\": \"69cc1f83b5b0079a05e27728\",\n  \"status\": \"available\",\n  \"views\": 2,\n  \"boosted_at\": null,\n  \"created_at\": \"2026-04-15T11:37:06.501000\",\n  \"updated_at\": \"2026-04-15T11:37:06.501000\",\n  \"thumb_url\": null,\n  \"is_favorited\": false\n},\n{\n  \"id\": \"69d625a132b75706d78cac7e\",\n  \"title\": \"Ultraman Action Figure Statue\",\n  \"description\": \"This superhero figure is in excellent condition, featuring striking red and silver colors. Ideal for students who love collectibles or want a unique room decor piece. Stands out with its iconic design, perfect for anime and comic enthusiasts.\",\n  \"price\": 12,\n  \"category\": \"Other\",\n  \"condition\": \"good\",\n  \"sustainable\": false,\n  \"images\": [\n    \"/images/69d6259132b75706d78cac7c\"\n  ],\n  \"seller_id\": \"69d5993b32b75706d78cac3f\",\n  \"status\": \"reserved\",\n  \"views\": 37,\n  \"boosted_at\": null,\n  \"created_at\": \"2026-04-08T09:53:37.514000\",\n  \"updated_at\": \"2026-04-12T14:09:07.738000\",\n  \"thumb_url\": null,\n  \"is_favorited\": false\n},\n{\n  \"id\": \"69d413b8068a7f8bc788e002\",\n  \"title\": \"Chelsea Football Club Soccer Ball\",\n  \"description\": \"Gently used Chelsea Football Club soccer ball in excellent condition. Perfect for campus games or decor for passionate fans. Lightweight and durable, ensuring hours of play. A must-have for student soccer enthusiasts.\",\n  \"price\": 8,\n  \"category\": \"Sports\",\n  \"condition\": \"good\",\n  \"sustainable\": false,\n  \"images\": [\n    \"/images/69d413af068a7f8bc788e000\"\n  ],\n  \"seller_id\": \"69cbff634e6c645108f3c215\",\n  \"status\": \"available\",\n  \"views\": 11,\n  \"boosted_at\": null,\n  \"created_at\": \"2026-04-06T20:12:40.297000\",\n  \"updated_at\": \"2026-04-06T20:12:40.297000\",\n  \"thumb_url\": null,\n  \"is_favorited\": false\n},\n{\n  \"id\": \"69d41152068a7f8bc788dfed\",\n  \"title\": \"Orange Smartphone with Three Cameras\",\n  \"description\": \"This stylish orange smartphone features a triple-camera system for high-quality photography. In excellent condition, it's perfect for capturing campus memories and staying connected. Sleek design and vibrant color make it stand out in any crowd.\",\n  \"price\": 1198.99,\n  \"category\": \"Electronics\",\n  \"condition\": \"good\",\n  \"sustainable\": false,\n  \"images\": [\n    \"/images/69d3d177068a7f8bc788dfe4\"\n  ],\n  \"seller_id\": \"69cbff634e6c645108f3c215\",\n  \"status\": \"available\",\n  \"views\": 13,\n  \"boosted_at\": null,\n  \"created_at\": \"2026-04-06T20:02:26.920000\",\n  \"updated_at\": \"2026-04-06T20:02:26.920000\",\n  \"thumb_url\": null,\n  \"is_favorited\": false\n},\n{\n  \"id\": \"69cffbb9f680e295c22f07bd\",\n  \"title\": \"harman kardon\",\n  \"description\": \"very good\",\n  \"price\": 256,\n  \"category\": \"Electronics\",\n  \"condition\": \"good\",\n  \"sustainable\": false,\n  \"images\": [\n    \"/images/69cffbb8f680e295c22f07b9\"\n  ],\n  \"seller_id\": \"69cc1f83b5b0079a05e27728\",\n  \"status\": \"available\",\n  \"views\": 3,\n  \"boosted_at\": null,\n  \"created_at\": \"2026-04-03T17:41:13.808000\",\n  \"updated_at\": \"2026-04-03T17:41:13.808000\",\n  \"thumb_url\": \"/images/69cffbb9f680e295c22f07bb\",\n  \"is_favorited\": false\n},\n{\n  \"id\": \"69cedba5f680e295c22f07a1\",\n  \"title\": \"Multifunctional Kitchen Scissors\",\n  \"description\": \"Gently used multifunctional kitchen scissors ideal for students. Features comfortable grip handles with sharp steel blades. Perfect for cutting various foods, herbs, and packaging. A versatile tool for any dorm kitchen.\",\n  \"price\": 5.03,\n  \"category\": \"Kitchen\",\n  \"condition\": \"good\",\n  \"sustainable\": false,\n  \"images\": [\n    \"/images/69cedb38f680e295c22f079b\"\n  ],\n  \"seller_id\": \"69cc18bdb3d0a34cc2856fb5\",\n  \"status\": \"available\",\n  \"views\": 11,\n  \"boosted_at\": null,\n  \"created_at\": \"2026-04-02T21:12:05.200000\",\n  \"updated_at\": \"2026-04-02T21:12:05.200000\",\n  \"thumb_url\": null,\n  \"is_favorited\": false\n},\n{\n  \"id\": \"69cedad4f680e295c22f0796\",\n  \"title\": \"Electric Crepe Maker with Accessories\",\n  \"description\": \"Pre-owned electric crepe maker, ideal for creating delicious homemade crepes. It features adjustable temperature settings and comes with a wooden spreader. Perfect for students who love to cook and entertain friends. In good condition, ready for your next campus get-together.\",\n  \"price\": 39.5,\n  \"category\": \"Kitchen\",\n  \"condition\": \"good\",\n  \"sustainable\": false,\n  \"images\": [\n    \"/images/69cedab7f680e295c22f0793\"\n  ],\n  \"seller_id\": \"69cc18bdb3d0a34cc2856fb5\",\n  \"status\": \"available\",\n  \"views\": 15,\n  \"boosted_at\": null,\n  \"created_at\": \"2026-04-02T21:08:36.776000\",\n  \"updated_at\": \"2026-04-02T21:08:36.776000\",\n  \"thumb_url\": null,\n  \"is_favorited\": false\n},\n{\n  \"id\": \"69ced856e72df647d88312b1\",\n  \"title\": \"Compact Stainless Steel Deep Fryer\",\n  \"description\": \"Lightly used compact deep fryer perfect for dorm cooking. Features adjustable temperature control and a spacious basket for easy frying. Ideal for students seeking convenient home-cooked meals. Stainless steel design ensures durability and easy cleaning, making it a great addition to any campus kitchen.\",\n  \"price\": 25,\n  \"category\": \"Kitchen\",\n  \"condition\": \"good\",\n  \"sustainable\": false,\n  \"images\": [\n    \"/images/69ced851e72df647d88312ae\"\n  ],\n  \"seller_id\": \"69caae08c46de1c5a4e48713\",\n  \"status\": \"available\",\n  \"views\": 2,\n  \"boosted_at\": null,\n  \"created_at\": \"2026-04-02T20:57:58.270000\",\n  \"updated_at\": \"2026-04-02T20:57:58.270000\",\n  \"thumb_url\": null,\n  \"is_favorited\": false\n},\n{\n  \"id\": \"69ced78ff680e295c22f0788\",\n  \"title\": \"Comfortable Single Mattress\",\n  \"description\": \"Gently used single mattress in excellent condition, perfect for dorm rooms. Features a firm yet comfortable surface with a stylish quilted design. Ideal for students seeking an affordable and restful sleep solution. Easy to transport and fits most standard bed frames.\",\n  \"price\": 231,\n  \"category\": \"Furniture\",\n  \"condition\": \"good\",\n  \"sustainable\": false,\n  \"images\": [\n    \"/images/69ced77df680e295c22f0786\"\n  ],\n  \"seller_id\": \"69cc18bdb3d0a34cc2856fb5\",\n  \"status\": \"available\",\n  \"views\": 9,\n  \"boosted_at\": null,\n  \"created_at\": \"2026-04-02T20:54:39.966000\",\n  \"updated_at\": \"2026-04-02T20:54:39.966000\",\n  \"thumb_url\": null,\n  \"is_favorited\": false\n},\n{\n  \"id\": \"69ced486f680e295c22f0780\",\n  \"title\": \"Gundam RX-93 ν Model Kit\",\n  \"description\": \"High-quality Gundam RX-93 ν model kit in excellent condition. Detailed design with intricate parts, perfect for collectors or enthusiasts. A striking addition to any room decor, ideal for students who appreciate sci-fi and anime culture.\",\n  \"price\": 800,\n  \"category\": \"Other\",\n  \"condition\": \"good\",\n  \"sustainable\": false,\n  \"images\": [\n    \"/images/69ced47bf680e295c22f077e\"\n  ],\n  \"seller_id\": \"69caae08c46de1c5a4e48713\",\n  \"status\": \"available\",\n  \"views\": 13,\n  \"boosted_at\": null,\n  \"created_at\": \"2026-04-02T20:41:42.398000\",\n  \"updated_at\": \"2026-04-06T02:23:00.559000\",\n  \"thumb_url\": null,\n  \"is_favorited\": false\n},\n{\n  \"id\": \"69ced37df680e295c22f0775\",\n  \"title\": \"Ultraman Tiga & Dyna Figures\",\n  \"description\": \"Set of Ultraman Tiga and Dyna collectible figures in excellent condition. These iconic characters are perfect for students who love Japanese pop culture and superhero memorabilia. Compact and durable, they add flair to any dorm or study space.\",\n  \"price\": 135,\n  \"category\": \"Other\",\n  \"condition\": \"good\",\n  \"sustainable\": false,\n  \"images\": [\n    \"/images/69ced36ff680e295c22f0773\"\n  ],\n  \"seller_id\": \"69caae08c46de1c5a4e48713\",\n  \"status\": \"reserved\",\n  \"views\": 44,\n  \"boosted_at\": null,\n  \"created_at\": \"2026-04-02T20:37:17.457000\",\n  \"updated_at\": \"2026-04-06T20:11:58.480000\",\n  \"thumb_url\": null,\n  \"is_favorited\": false\n},\n{\n  \"id\": \"69ced26be72df647d88312a7\",\n  \"title\": \"Stylish Aviator Sunglasses\",\n  \"description\": \"These aviator sunglasses feature a classic design perfect for campus life. With durable frames and tinted lenses, they offer both style and UV protection. Ideal for any student looking to enhance their look while staying cool outdoors.\",\n  \"price\": 150,\n  \"category\": \"Other\",\n  \"condition\": \"good\",\n  \"sustainable\": false,\n  \"images\": [\n    \"/images/69ced25be72df647d88312a5\"\n  ],\n  \"seller_id\": \"69caae08c46de1c5a4e48713\",\n  \"status\": \"available\",\n  \"views\": 15,\n  \"boosted_at\": null,\n  \"created_at\": \"2026-04-02T20:32:43.855000\",\n  \"updated_at\": \"2026-04-02T20:32:43.855000\",\n  \"thumb_url\": null,\n  \"is_favorited\": false\n},\n{\n  \"id\": \"69ced150f680e295c22f0760\",\n  \"title\": \"Colorful Refillable Lighters Set\",\n  \"description\": \"Set of five colorful refillable lighters in excellent condition. Ideal for students who enjoy camping, outdoor events, or need a reliable flame source on campus. Compact and portable with a sleek design.\",\n  \"price\": 1,\n  \"category\": \"Other\",\n  \"condition\": \"good\",\n  \"sustainable\": false,\n  \"images\": [\n    \"/images/69ced14af680e295c22f075e\"\n  ],\n  \"seller_id\": \"69cc1f83b5b0079a05e27728\",\n  \"status\": \"available\",\n  \"views\": 3,\n  \"boosted_at\": null,\n  \"created_at\": \"2026-04-02T20:28:00.108000\",\n  \"updated_at\": \"2026-04-02T20:28:00.108000\",\n  \"thumb_url\": null,\n  \"is_favorited\": false\n},\n{\n  \"id\": \"69cecf70f680e295c22f0747\",\n  \"title\": \"Non-Stick Rice Paddle\",\n  \"description\": \"Lightweight non-stick rice paddle in excellent condition. Features a textured surface to prevent sticking, ideal for easy serving. A must-have for student kitchens and essential for quick meal prep. Easy to clean and store with convenient hanging hole.\",\n  \"price\": 5,\n  \"category\": \"Kitchen\",\n  \"condition\": \"good\",\n  \"sustainable\": false,\n  \"images\": [\n    \"/images/69cecf67f680e295c22f0745\"\n  ],\n  \"seller_id\": \"69cc18bdb3d0a34cc2856fb5\",\n  \"status\": \"reserved\",\n  \"views\": 3,\n  \"boosted_at\": null,\n  \"created_at\": \"2026-04-02T20:20:00.390000\",\n  \"updated_at\": \"2026-04-02T20:22:52.315000\",\n  \"thumb_url\": null,\n  \"is_favorited\": false\n},\n{\n  \"id\": \"69cecf23f680e295c22f073f\",\n  \"title\": \"Mountain Bike with Lock\",\n  \"description\": \"Sturdy mountain bike in excellent condition, perfect for campus commuting. Features a comfortable seat and durable frame. Includes a secure lock, offering students an affordable and eco-friendly transportation option.\",\n  \"price\": 100,\n  \"category\": \"Sports\",\n  \"condition\": \"good\",\n  \"sustainable\": false,\n  \"images\": [\n    \"/images/69cecf17f680e295c22f073d\"\n  ],\n  \"seller_id\": \"69cc1f83b5b0079a05e27728\",\n  \"status\": \"reserved\",\n  \"views\": 6,\n  \"boosted_at\": null,\n  \"created_at\": \"2026-04-02T20:18:43.001000\",\n  \"updated_at\": \"2026-04-02T20:23:02.274000\",\n  \"thumb_url\": null,\n  \"is_favorited\": false\n},\n{\n  \"id\": \"69cece9bf680e295c22f0736\",\n  \"title\": \"Russell Hobbs Rice Cooker with Steamer\",\n  \"description\": \"Gently used Russell Hobbs rice cooker perfect for quick meals. Includes a built-in steamer, ideal for healthy student cooking. Compact design fits easily in dorm rooms. In good working condition with all accessories included.\",\n  \"price\": 15,\n  \"category\": \"Kitchen\",\n  \"condition\": \"good\",\n  \"sustainable\": true,\n  \"images\": [\n    \"/images/69cece8af680e295c22f0734\"\n  ],\n  \"seller_id\": \"69cc18bdb3d0a34cc2856fb5\",\n  \"status\": \"available\",\n  \"views\": 1,\n  \"boosted_at\": null,\n  \"created_at\": \"2026-04-02T20:16:27.821000\",\n  \"updated_at\": \"2026-04-02T20:16:27.821000\",\n  \"thumb_url\": null,\n  \"is_favorited\": false\n},\n{\n  \"id\": \"69cecaae7aba662dc7975084\",\n  \"title\": \"Chanel No. 5 Eau de Parfum\",\n  \"description\": \"Classic Chanel No. 5 Eau de Parfum, lightly used. Timeless floral fragrance perfect for daily wear and special occasions. Ideal for students looking to elevate their style with a touch of sophistication. Elegant bottle design adds a classy touch to any vanity.\",\n  \"price\": 156,\n  \"category\": \"Other\",\n  \"condition\": \"good\",\n  \"sustainable\": false,\n  \"images\": [\n    \"/images/69ceca8b7aba662dc7975081\"\n  ],\n  \"seller_id\": \"69cc1f83b5b0079a05e27728\",\n  \"status\": \"available\",\n  \"views\": 4,\n  \"boosted_at\": null,\n  \"created_at\": \"2026-04-02T19:59:42.411000\",\n  \"updated_at\": \"2026-04-02T19:59:42.411000\",\n  \"thumb_url\": null,\n  \"is_favorited\": false\n},\n{\n  \"id\": \"69cd623fe77a0365c7d69d47\",\n  \"title\": \"Apple MacBook Air 2023\",\n  \"description\": \"Sleek Apple MacBook Air 2023 in excellent condition. Features vibrant Retina display, long battery life, and lightweight design. Perfect for students needing portability and performance for studies and entertainment. Ideal for lectures, assignments, and creative projects.\",\n  \"price\": 360,\n  \"category\": \"Electronics\",\n  \"condition\": \"good\",\n  \"sustainable\": true,\n  \"images\": [\n    \"/images/69cd6228e77a0365c7d69d44\"\n  ],\n  \"seller_id\": \"69cc1f83b5b0079a05e27728\",\n  \"status\": \"available\",\n  \"views\": 51,\n  \"boosted_at\": null,\n  \"created_at\": \"2026-04-01T18:21:51.412000\",\n  \"updated_at\": \"2026-04-01T18:21:51.412000\",\n  \"thumb_url\": null,\n  \"is_favorited\": false\n},\n{\n  \"id\": \"69cc22b1fb9e1145a29af643\",\n  \"title\": \"Designer Monogram Backpack\",\n  \"description\": \"Pre-owned designer backpack in good condition. Stylish monogram pattern with adjustable straps and multiple compartments for a laptop and books. Ideal for students seeking a trendy and functional bag for campus life.\",\n  \"price\": 3049.98,\n  \"category\": \"Other\",\n  \"condition\": \"good\",\n  \"sustainable\": false,\n  \"images\": [\n    \"/images/69cc22aefb9e1145a29af63b\"\n  ],\n  \"seller_id\": \"69caae08c46de1c5a4e48713\",\n  \"status\": \"available\",\n  \"views\": 5,\n  \"boosted_at\": null,\n  \"created_at\": \"2026-03-31T19:38:25.042000\",\n  \"updated_at\": \"2026-03-31T19:38:25.042000\",\n  \"thumb_url\": null,\n  \"is_favorited\": false\n},\n{\n  \"id\": \"69cc217cfb9e1145a29af638\",\n  \"title\": \"Stylish Denim Designer Handbag\",\n  \"description\": \"Gently used designer handbag featuring a trendy denim look with gold hardware. Perfect for students who appreciate fashion and need a spacious, stylish bag for campus essentials. Includes external pockets for easy access and a comfortable strap for daily use.\",\n  \"price\": 2970,\n  \"category\": \"Clothing\",\n  \"condition\": \"good\",\n  \"sustainable\": false,\n  \"images\": [\n    \"/images/69cc216efb9e1145a29af632\"\n  ],\n  \"seller_id\": \"69caae08c46de1c5a4e48713\",\n  \"status\": \"available\",\n  \"views\": 6,\n  \"boosted_at\": null,\n  \"created_at\": \"2026-03-31T19:33:16.529000\",\n  \"updated_at\": \"2026-03-31T19:33:16.529000\",\n  \"thumb_url\": null,\n  \"is_favorited\": false\n},\n{\n  \"id\": \"69cc1e49fb9e1145a29af62f\",\n  \"title\": \"Luxury Blue Monogram Backpack\",\n  \"description\": \"This luxury backpack features a stylish blue monogram design, perfect for carrying essentials around campus. With durable straps, multiple compartments, and excellent condition, it offers both function and style for students. Ideal for daily use with plenty of storage space.\",\n  \"price\": 2750,\n  \"category\": \"Other\",\n  \"condition\": \"good\",\n  \"sustainable\": false,\n  \"images\": [\n    \"/images/69cc1e45fb9e1145a29af627\"\n  ],\n  \"seller_id\": \"69caae08c46de1c5a4e48713\",\n  \"status\": \"available\",\n  \"views\": 31,\n  \"boosted_at\": null,\n  \"created_at\": \"2026-03-31T19:19:37.826000\",\n  \"updated_at\": \"2026-03-31T19:19:37.826000\",\n  \"thumb_url\": null,\n  \"is_favorited\": false\n}\n        ],\n        \"headers\": {\n\"date\": \"Mon, 04 May 2026 19:41:07 GMT\",\n\"server\": \"uvicorn\",\n\"content-length\": \"16774\",\n\"content-type\": \"application/json\"\n        },\n        \"status\": 200,\n        \"statusText\": \"OK\",\n        \"isOkStatusCode\": true,\n        \"requestHeaders\": {\n\"Connection\": \"keep-alive\",\n\"user-agent\": \"Mozilla/5.0 (Macintosh; Intel Mac OS X 10_15_7) AppleWebKit/537.36 (KHTML, like Gecko) Cypress/15.14.2 Chrome/138.0.7204.251 Electron/37.6.0 Safari/537.36\",\n\"accept\": \"*/*\",\n\"accept-encoding\": \"gzip, deflate\"\n        },\n        \"duration\": 80,\n        \"allRequestResponses\": [\n{\n  \"Request Body\": null,\n  \"Request Headers\": {\n    \"Connection\": \"keep-alive\",\n    \"user-agent\": \"Mozilla/5.0 (Macintosh; Intel Mac OS X 10_15_7) AppleWebKit/537.36 (KHTML, like Gecko) Cypress/15.14.2 Chrome/138.0.7204.251 Electron/37.6.0 Safari/537.36\",\n    \"accept\": \"*/*\",\n    \"accept-encoding\": \"gzip, deflate\"\n  },\n  \"Request URL\": \"http://localhost:8000/products?limit=200\",\n  \"Response Body\": \"[{\\\"id\\\":\\\"69f8f384943cff1a637c7053\\\",\\\"title\\\":\\\"Cypress Test Item #1\\\",\\\"description\\\":\\\"Used textbooks item for E2E testing. __cypress_seed__\\\",\\\"price\\\":10.0,\\\"category\\\":\\\"Textbooks\\\",\\\"condition\\\":\\\"good\\\",\\\"sustainable\\\":true,\\\"images\\\":[],\\\"seller_id\\\":\\\"69f8e5a287b59f6833bbd6cd\\\",\\\"status\\\":\\\"reserved\\\",\\\"views\\\":2,\\\"boosted_at\\\":null,\\\"created_at\\\":\\\"2026-05-04T19:29:08.590000\\\",\\\"updated_at\\\":\\\"2026-05-04T19:41:07.722000\\\",\\\"thumb_url\\\":null,\\\"is_favorited\\\":false},{\\\"id\\\":\\\"69f8f384943cff1a637c7054\\\",\\\"title\\\":\\\"Cypress Test Item #2\\\",\\\"description\\\":\\\"Used electronics item for E2E testing. __cypress_seed__\\\",\\\"price\\\":15.0,\\\"category\\\":\\\"Electronics\\\",\\\"condition\\\":\\\"good\\\",\\\"sustainable\\\":false,\\\"images\\\":[],\\\"seller_id\\\":\\\"69f8e5a287b59f6833bbd6cd\\\",\\\"status\\\":\\\"reserved\\\",\\\"views\\\":4,\\\"boosted_at\\\":null,\\\"created_at\\\":\\\"2026-05-04T19:29:08.590000\\\",\\\"updated_at\\\":\\\"2026-05-04T19:38:22.410000\\\",\\\"thumb_url\\\":null,\\\"is_favorited\\\":false},{\\\"id\\\":\\\"69df7f3a66a590b16db5e967\\\",\\\"title\\\":\\\"Elegant Tri-Stone Gold Ring\\\",\\\"description\\\":\\\"This exquisite tri-stone gold ring features a modern design with three dazzling stones, perfect for adding a touch of elegance to any outfit. In excellent condition, it's an ideal accessory for special occasions or daily wear, appealing to students looking for sophistication on a budget.\\\",\\\"price\\\":99.0,\\\"category\\\":\\\"Other\\\",\\\"condition\\\":\\\"good\\\",\\\"sustainable\\\":false,\\\"images\\\":[\\\"/images/69df7ef766a590b16db5e961\\\"],\\\"seller_id\\\":\\\"69cc1f83b5b0079a05e27728\\\",\\\"status\\\":\\\"available\\\",\\\"views\\\":1,\\\"boosted_at\\\":null,\\\"created_at\\\":\\\"2026-04-15T12:06:18.265000\\\",\\\"updated_at\\\":\\\"2026-04-15T12:06:18.265000\\\",\\\"thumb_url\\\":null,\\\"is_favorited\\\":false},{\\\"id\\\":\\\"69df7e6166a590b16db5e95a\\\",\\\"title\\\":\\\"Elegant Sterling Silver Ring with Gemstone\\\",\\\"description\\\":\\\"This exquisite sterling silver ring features a brilliant central gemstone, flanked by smaller stones for added sparkle. Its elegant design is perfect for special occasions or everyday wear. The ring is in excellent condition, making it a great addition to any student's jewelry collection.\\\",\\\"price\\\":1000.0,\\\"category\\\":\\\"Other\\\",\\\"condition\\\":\\\"good\\\",\\\"sustainable\\\":false,\\\"images\\\":[\\\"/images/69df7e4466a590b16db5e958\\\"],\\\"seller_id\\\":\\\"69cc1f83b5b0079a05e27728\\\",\\\"status\\\":\\\"available\\\",\\\"views\\\":1,\\\"boosted_at\\\":null,\\\"created_at\\\":\\\"2026-04-15T12:02:41.856000\\\",\\\"updated_at\\\":\\\"2026-04-15T12:02:41.856000\\\",\\\"thumb_url\\\":null,\\\"is_favorited\\\":false},{\\\"id\\\":\\\"69df79ab66a590b16db5e950\\\",\\\"title\\\":\\\"Stylish White Suede Sneakers\\\",\\\"description\\\":\\\"These trendy white sneakers feature suede accents and a comfortable fit, perfect for campus walks and casual outings. With a durable sole and clean design, they are a versatile addition to any student wardrobe. They are in excellent condition, offering style and practicality.\\\",\\\"price\\\":53.97,\\\"category\\\":\\\"Clothing\\\",\\\"condition\\\":\\\"good\\\",\\\"sustainable\\\":false,\\\"images\\\":[\\\"/images/69df799a66a590b16db5e94b\\\"],\\\"seller_id\\\":\\\"69cc1f83b5b0079a05e27728\\\",\\\"status\\\":\\\"available\\\",\\\"views\\\":4,\\\"boosted_at\\\":null,\\\"created_at\\\":\\\"2026-04-15T11:42:35.230000\\\",\\\"updated_at\\\":\\\"2026-04-15T11:42:35.230000\\\",\\\"thumb_url\\\":null,\\\"is_favorited\\\":false},{\\\"id\\\":\\\"69df786281566a9921e58934\\\",\\\"title\\\":\\\"Black and White Casual Sneakers\\\",\\\"description\\\":\\\"Stylish black and white sneakers perfect for campus life. In excellent condition with a comfortable fit and durable build, these shoes are ideal for everyday wear. Their classic design will appeal to fashion-forward students looking to make a statement.\\\",\\\"price\\\":57.97,\\\"category\\\":\\\"Clothing\\\",\\\"condition\\\":\\\"good\\\",\\\"sustainable\\\":false,\\\"images\\\":[\\\"/images/69df785881566a9921e58930\\\"],\\\"seller_id\\\":\\\"69cc1f83b5b0079a05e27728\\\",\\\"status\\\":\\\"available\\\",\\\"views\\\":2,\\\"boosted_at\\\":null,\\\"created_at\\\":\\\"2026-04-15T11:37:06.501000\\\",\\\"updated_at\\\":\\\"2026-04-15T11:37:06.501000\\\",\\\"thumb_url\\\":null,\\\"is_favorited\\\":false},{\\\"id\\\":\\\"69d625a132b75706d78cac7e\\\",\\\"title\\\":\\\"Ultraman Action Figure Statue\\\",\\\"description\\\":\\\"This superhero figure is in excellent condition, featuring striking red and silver colors. Ideal for students who love collectibles or want a unique room decor piece. Stands out with its iconic design, perfect for anime and comic enthusiasts.\\\",\\\"price\\\":12.0,\\\"category\\\":\\\"Other\\\",\\\"condition\\\":\\\"good\\\",\\\"sustainable\\\":false,\\\"images\\\":[\\\"/images/69d6259132b75706d78cac7c\\\"],\\\"seller_id\\\":\\\"69d5993b32b75706d78cac3f\\\",\\\"status\\\":\\\"reserved\\\",\\\"views\\\":37,\\\"boosted_at\\\":null,\\\"created_at\\\":\\\"2026-04-08T09:53:37.514000\\\",\\\"updated_at\\\":\\\"2026-04-12T14:09:07.738000\\\",\\\"thumb_url\\\":null,\\\"is_favorited\\\":false},{\\\"id\\\":\\\"69d413b8068a7f8bc788e002\\\",\\\"title\\\":\\\"Chelsea Football Club Soccer Ball\\\",\\\"description\\\":\\\"Gently used Chelsea Football Club soccer ball in excellent condition. Perfect for campus games or decor for passionate fans. Lightweight and durable, ensuring hours of play. A must-have for student soccer enthusiasts.\\\",\\\"price\\\":8.0,\\\"category\\\":\\\"Sports\\\",\\\"condition\\\":\\\"good\\\",\\\"sustainable\\\":false,\\\"images\\\":[\\\"/images/69d413af068a7f8bc788e000\\\"],\\\"seller_id\\\":\\\"69cbff634e6c645108f3c215\\\",\\\"status\\\":\\\"available\\\",\\\"views\\\":11,\\\"boosted_at\\\":null,\\\"created_at\\\":\\\"2026-04-06T20:12:40.297000\\\",\\\"updated_at\\\":\\\"2026-04-06T20:12:40.297000\\\",\\\"thumb_url\\\":null,\\\"is_favorited\\\":false},{\\\"id\\\":\\\"69d41152068a7f8bc788dfed\\\",\\\"title\\\":\\\"Orange Smartphone with Three Cameras\\\",\\\"description\\\":\\\"This stylish orange smartphone features a triple-camera system for high-quality photography. In excellent condition, it's perfect for capturing campus memories and staying connected. Sleek design and vibrant color make it stand out in any crowd.\\\",\\\"price\\\":1198.99,\\\"category\\\":\\\"Electronics\\\",\\\"condition\\\":\\\"good\\\",\\\"sustainable\\\":false,\\\"images\\\":[\\\"/images/69d3d177068a7f8bc788dfe4\\\"],\\\"seller_id\\\":\\\"69cbff634e6c645108f3c215\\\",\\\"status\\\":\\\"available\\\",\\\"views\\\":13,\\\"boosted_at\\\":null,\\\"created_at\\\":\\\"2026-04-06T20:02:26.920000\\\",\\\"updated_at\\\":\\\"2026-04-06T20:02:26.920000\\\",\\\"thumb_url\\\":null,\\\"is_favorited\\\":false},{\\\"id\\\":\\\"69cffbb9f680e295c22f07bd\\\",\\\"title\\\":\\\"harman kardon\\\",\\\"description\\\":\\\"very good\\\",\\\"price\\\":256.0,\\\"category\\\":\\\"Electronics\\\",\\\"condition\\\":\\\"good\\\",\\\"sustainable\\\":false,\\\"images\\\":[\\\"/images/69cffbb8f680e295c22f07b9\\\"],\\\"seller_id\\\":\\\"69cc1f83b5b0079a05e27728\\\",\\\"status\\\":\\\"available\\\",\\\"views\\\":3,\\\"boosted_at\\\":null,\\\"created_at\\\":\\\"2026-04-03T17:41:13.808000\\\",\\\"updated_at\\\":\\\"2026-04-03T17:41:13.808000\\\",\\\"thumb_url\\\":\\\"/images/69cffbb9f680e295c22f07bb\\\",\\\"is_favorited\\\":false},{\\\"id\\\":\\\"69cedba5f680e295c22f07a1\\\",\\\"title\\\":\\\"Multifunctional Kitchen Scissors\\\",\\\"description\\\":\\\"Gently used multifunctional kitchen scissors ideal for students. Features comfortable grip handles with sharp steel blades. Perfect for cutting various foods, herbs, and packaging. A versatile tool for any dorm kitchen.\\\",\\\"price\\\":5.03,\\\"category\\\":\\\"Kitchen\\\",\\\"condition\\\":\\\"good\\\",\\\"sustainable\\\":false,\\\"images\\\":[\\\"/images/69cedb38f680e295c22f079b\\\"],\\\"seller_id\\\":\\\"69cc18bdb3d0a34cc2856fb5\\\",\\\"status\\\":\\\"available\\\",\\\"views\\\":11,\\\"boosted_at\\\":null,\\\"created_at\\\":\\\"2026-04-02T21:12:05.200000\\\",\\\"updated_at\\\":\\\"2026-04-02T21:12:05.200000\\\",\\\"thumb_url\\\":null,\\\"is_favorited\\\":false},{\\\"id\\\":\\\"69cedad4f680e295c22f0796\\\",\\\"title\\\":\\\"Electric Crepe Maker with Accessories\\\",\\\"description\\\":\\\"Pre-owned electric crepe maker, ideal for creating delicious homemade crepes. It features adjustable temperature settings and comes with a wooden spreader. Perfect for students who love to cook and entertain friends. In good condition, ready for your next campus get-together.\\\",\\\"price\\\":39.5,\\\"category\\\":\\\"Kitchen\\\",\\\"condition\\\":\\\"good\\\",\\\"sustainable\\\":false,\\\"images\\\":[\\\"/images/69cedab7f680e295c22f0793\\\"],\\\"seller_id\\\":\\\"69cc18bdb3d0a34cc2856fb5\\\",\\\"status\\\":\\\"available\\\",\\\"views\\\":15,\\\"boosted_at\\\":null,\\\"created_at\\\":\\\"2026-04-02T21:08:36.776000\\\",\\\"updated_at\\\":\\\"2026-04-02T21:08:36.776000\\\",\\\"thumb_url\\\":null,\\\"is_favorited\\\":false},{\\\"id\\\":\\\"69ced856e72df647d88312b1\\\",\\\"title\\\":\\\"Compact Stainless Steel Deep Fryer\\\",\\\"description\\\":\\\"Lightly used compact deep fryer perfect for dorm cooking. Features adjustable temperature control and a spacious basket for easy frying. Ideal for students seeking convenient home-cooked meals. Stainless steel design ensures durability and easy cleaning, making it a great addition to any campus kitchen.\\\",\\\"price\\\":25.0,\\\"category\\\":\\\"Kitchen\\\",\\\"condition\\\":\\\"good\\\",\\\"sustainable\\\":false,\\\"images\\\":[\\\"/images/69ced851e72df647d88312ae\\\"],\\\"seller_id\\\":\\\"69caae08c46de1c5a4e48713\\\",\\\"status\\\":\\\"available\\\",\\\"views\\\":2,\\\"boosted_at\\\":null,\\\"created_at\\\":\\\"2026-04-02T20:57:58.270000\\\",\\\"updated_at\\\":\\\"2026-04-02T20:57:58.270000\\\",\\\"thumb_url\\\":null,\\\"is_favorited\\\":false},{\\\"id\\\":\\\"69ced78ff680e295c22f0788\\\",\\\"title\\\":\\\"Comfortable Single Mattress\\\",\\\"description\\\":\\\"Gently used single mattress in excellent condition, perfect for dorm rooms. Features a firm yet comfortable surface with a stylish quilted design. Ideal for students seeking an affordable and restful sleep solution. Easy to transport and fits most standard bed frames.\\\",\\\"price\\\":231.0,\\\"category\\\":\\\"Furniture\\\",\\\"condition\\\":\\\"good\\\",\\\"sustainable\\\":false,\\\"images\\\":[\\\"/images/69ced77df680e295c22f0786\\\"],\\\"seller_id\\\":\\\"69cc18bdb3d0a34cc2856fb5\\\",\\\"status\\\":\\\"available\\\",\\\"views\\\":9,\\\"boosted_at\\\":null,\\\"created_at\\\":\\\"2026-04-02T20:54:39.966000\\\",\\\"updated_at\\\":\\\"2026-04-02T20:54:39.966000\\\",\\\"thumb_url\\\":null,\\\"is_favorited\\\":false},{\\\"id\\\":\\\"69ced486f680e295c22f0780\\\",\\\"title\\\":\\\"Gundam RX-93 ν Model Kit\\\",\\\"description\\\":\\\"High-quality Gundam RX-93 ν model kit in excellent condition. Detailed design with intricate parts, perfect for collectors or enthusiasts. A striking addition to any room decor, ideal for students who appreciate sci-fi and anime culture.\\\",\\\"price\\\":800.0,\\\"category\\\":\\\"Other\\\",\\\"condition\\\":\\\"good\\\",\\\"sustainable\\\":false,\\\"images\\\":[\\\"/images/69ced47bf680e295c22f077e\\\"],\\\"seller_id\\\":\\\"69caae08c46de1c5a4e48713\\\",\\\"status\\\":\\\"available\\\",\\\"views\\\":13,\\\"boosted_at\\\":null,\\\"created_at\\\":\\\"2026-04-02T20:41:42.398000\\\",\\\"updated_at\\\":\\\"2026-04-06T02:23:00.559000\\\",\\\"thumb_url\\\":null,\\\"is_favorited\\\":false},{\\\"id\\\":\\\"69ced37df680e295c22f0775\\\",\\\"title\\\":\\\"Ultraman Tiga & Dyna Figures\\\",\\\"description\\\":\\\"Set of Ultraman Tiga and Dyna collectible figures in excellent condition. These iconic characters are perfect for students who love Japanese pop culture and superhero memorabilia. Compact and durable, they add flair to any dorm or study space.\\\",\\\"price\\\":135.0,\\\"category\\\":\\\"Other\\\",\\\"condition\\\":\\\"good\\\",\\\"sustainable\\\":false,\\\"images\\\":[\\\"/images/69ced36ff680e295c22f0773\\\"],\\\"seller_id\\\":\\\"69caae08c46de1c5a4e48713\\\",\\\"status\\\":\\\"reserved\\\",\\\"views\\\":44,\\\"boosted_at\\\":null,\\\"created_at\\\":\\\"2026-04-02T20:37:17.457000\\\",\\\"updated_at\\\":\\\"2026-04-06T20:11:58.480000\\\",\\\"thumb_url\\\":null,\\\"is_favorited\\\":false},{\\\"id\\\":\\\"69ced26be72df647d88312a7\\\",\\\"title\\\":\\\"Stylish Aviator Sunglasses\\\",\\\"description\\\":\\\"These aviator sunglasses feature a classic design perfect for campus life. With durable frames and tinted lenses, they offer both style and UV protection. Ideal for any student looking to enhance their look while staying cool outdoors.\\\",\\\"price\\\":150.0,\\\"category\\\":\\\"Other\\\",\\\"condition\\\":\\\"good\\\",\\\"sustainable\\\":false,\\\"images\\\":[\\\"/images/69ced25be72df647d88312a5\\\"],\\\"seller_id\\\":\\\"69caae08c46de1c5a4e48713\\\",\\\"status\\\":\\\"available\\\",\\\"views\\\":15,\\\"boosted_at\\\":null,\\\"created_at\\\":\\\"2026-04-02T20:32:43.855000\\\",\\\"updated_at\\\":\\\"2026-04-02T20:32:43.855000\\\",\\\"thumb_url\\\":null,\\\"is_favorited\\\":false},{\\\"id\\\":\\\"69ced150f680e295c22f0760\\\",\\\"title\\\":\\\"Colorful Refillable Lighters Set\\\",\\\"description\\\":\\\"Set of five colorful refillable lighters in excellent condition. Ideal for students who enjoy camping, outdoor events, or need a reliable flame source on campus. Compact and portable with a sleek design.\\\",\\\"price\\\":1.0,\\\"category\\\":\\\"Other\\\",\\\"condition\\\":\\\"good\\\",\\\"sustainable\\\":false,\\\"images\\\":[\\\"/images/69ced14af680e295c22f075e\\\"],\\\"seller_id\\\":\\\"69cc1f83b5b0079a05e27728\\\",\\\"status\\\":\\\"available\\\",\\\"views\\\":3,\\\"boosted_at\\\":null,\\\"created_at\\\":\\\"2026-04-02T20:28:00.108000\\\",\\\"updated_at\\\":\\\"2026-04-02T20:28:00.108000\\\",\\\"thumb_url\\\":null,\\\"is_favorited\\\":false},{\\\"id\\\":\\\"69cecf70f680e295c22f0747\\\",\\\"title\\\":\\\"Non-Stick Rice Paddle\\\",\\\"description\\\":\\\"Lightweight non-stick rice paddle in excellent condition. Features a textured surface to prevent sticking, ideal for easy serving. A must-have for student kitchens and essential for quick meal prep. Easy to clean and store with convenient hanging hole.\\\",\\\"price\\\":5.0,\\\"category\\\":\\\"Kitchen\\\",\\\"condition\\\":\\\"good\\\",\\\"sustainable\\\":false,\\\"images\\\":[\\\"/images/69cecf67f680e295c22f0745\\\"],\\\"seller_id\\\":\\\"69cc18bdb3d0a34cc2856fb5\\\",\\\"status\\\":\\\"reserved\\\",\\\"views\\\":3,\\\"boosted_at\\\":null,\\\"created_at\\\":\\\"2026-04-02T20:20:00.390000\\\",\\\"updated_at\\\":\\\"2026-04-02T20:22:52.315000\\\",\\\"thumb_url\\\":null,\\\"is_favorited\\\":false},{\\\"id\\\":\\\"69cecf23f680e295c22f073f\\\",\\\"title\\\":\\\"Mountain Bike with Lock\\\",\\\"description\\\":\\\"Sturdy mountain bike in excellent condition, perfect for campus commuting. Features a comfortable seat and durable frame. Includes a secure lock, offering students an affordable and eco-friendly transportation option.\\\",\\\"price\\\":100.0,\\\"category\\\":\\\"Sports\\\",\\\"condition\\\":\\\"good\\\",\\\"sustainable\\\":false,\\\"images\\\":[\\\"/images/69cecf17f680e295c22f073d\\\"],\\\"seller_id\\\":\\\"69cc1f83b5b0079a05e27728\\\",\\\"status\\\":\\\"reserved\\\",\\\"views\\\":6,\\\"boosted_at\\\":null,\\\"created_at\\\":\\\"2026-04-02T20:18:43.001000\\\",\\\"updated_at\\\":\\\"2026-04-02T20:23:02.274000\\\",\\\"thumb_url\\\":null,\\\"is_favorited\\\":false},{\\\"id\\\":\\\"69cece9bf680e295c22f0736\\\",\\\"title\\\":\\\"Russell Hobbs Rice Cooker with Steamer\\\",\\\"description\\\":\\\"Gently used Russell Hobbs rice cooker perfect for quick meals. Includes a built-in steamer, ideal for healthy student cooking. Compact design fits easily in dorm rooms. In good working condition with all accessories included.\\\",\\\"price\\\":15.0,\\\"category\\\":\\\"Kitchen\\\",\\\"condition\\\":\\\"good\\\",\\\"sustainable\\\":true,\\\"images\\\":[\\\"/images/69cece8af680e295c22f0734\\\"],\\\"seller_id\\\":\\\"69cc18bdb3d0a34cc2856fb5\\\",\\\"status\\\":\\\"available\\\",\\\"views\\\":1,\\\"boosted_at\\\":null,\\\"created_at\\\":\\\"2026-04-02T20:16:27.821000\\\",\\\"updated_at\\\":\\\"2026-04-02T20:16:27.821000\\\",\\\"thumb_url\\\":null,\\\"is_favorited\\\":false},{\\\"id\\\":\\\"69cecaae7aba662dc7975084\\\",\\\"title\\\":\\\"Chanel No. 5 Eau de Parfum\\\",\\\"description\\\":\\\"Classic Chanel No. 5 Eau de Parfum, lightly used. Timeless floral fragrance perfect for daily wear and special occasions. Ideal for students looking to elevate their style with a touch of sophistication. Elegant bottle design adds a classy touch to any vanity.\\\",\\\"price\\\":156.0,\\\"category\\\":\\\"Other\\\",\\\"condition\\\":\\\"good\\\",\\\"sustainable\\\":false,\\\"images\\\":[\\\"/images/69ceca8b7aba662dc7975081\\\"],\\\"seller_id\\\":\\\"69cc1f83b5b0079a05e27728\\\",\\\"status\\\":\\\"available\\\",\\\"views\\\":4,\\\"boosted_at\\\":null,\\\"created_at\\\":\\\"2026-04-02T19:59:42.411000\\\",\\\"updated_at\\\":\\\"2026-04-02T19:59:42.411000\\\",\\\"thumb_url\\\":null,\\\"is_favorited\\\":false},{\\\"id\\\":\\\"69cd623fe77a0365c7d69d47\\\",\\\"title\\\":\\\"Apple MacBook Air 2023\\\",\\\"description\\\":\\\"Sleek Apple MacBook Air 2023 in excellent condition. Features vibrant Retina display, long battery life, and lightweight design. Perfect for students needing portability and performance for studies and entertainment. Ideal for lectures, assignments, and creative projects.\\\",\\\"price\\\":360.0,\\\"category\\\":\\\"Electronics\\\",\\\"condition\\\":\\\"good\\\",\\\"sustainable\\\":true,\\\"images\\\":[\\\"/images/69cd6228e77a0365c7d69d44\\\"],\\\"seller_id\\\":\\\"69cc1f83b5b0079a05e27728\\\",\\\"status\\\":\\\"available\\\",\\\"views\\\":51,\\\"boosted_at\\\":null,\\\"created_at\\\":\\\"2026-04-01T18:21:51.412000\\\",\\\"updated_at\\\":\\\"2026-04-01T18:21:51.412000\\\",\\\"thumb_url\\\":null,\\\"is_favorited\\\":false},{\\\"id\\\":\\\"69cc22b1fb9e1145a29af643\\\",\\\"title\\\":\\\"Designer Monogram Backpack\\\",\\\"description\\\":\\\"Pre-owned designer backpack in good condition. Stylish monogram pattern with adjustable straps and multiple compartments for a laptop and books. Ideal for students seeking a trendy and functional bag for campus life.\\\",\\\"price\\\":3049.98,\\\"category\\\":\\\"Other\\\",\\\"condition\\\":\\\"good\\\",\\\"sustainable\\\":false,\\\"images\\\":[\\\"/images/69cc22aefb9e1145a29af63b\\\"],\\\"seller_id\\\":\\\"69caae08c46de1c5a4e48713\\\",\\\"status\\\":\\\"available\\\",\\\"views\\\":5,\\\"boosted_at\\\":null,\\\"created_at\\\":\\\"2026-03-31T19:38:25.042000\\\",\\\"updated_at\\\":\\\"2026-03-31T19:38:25.042000\\\",\\\"thumb_url\\\":null,\\\"is_favorited\\\":false},{\\\"id\\\":\\\"69cc217cfb9e1145a29af638\\\",\\\"title\\\":\\\"Stylish Denim Designer Handbag\\\",\\\"description\\\":\\\"Gently used designer handbag featuring a trendy denim look with gold hardware. Perfect for students who appreciate fashion and need a spacious, stylish bag for campus essentials. Includes external pockets for easy access and a comfortable strap for daily use.\\\",\\\"price\\\":2970.0,\\\"category\\\":\\\"Clothing\\\",\\\"condition\\\":\\\"good\\\",\\\"sustainable\\\":false,\\\"images\\\":[\\\"/images/69cc216efb9e1145a29af632\\\"],\\\"seller_id\\\":\\\"69caae08c46de1c5a4e48713\\\",\\\"status\\\":\\\"available\\\",\\\"views\\\":6,\\\"boosted_at\\\":null,\\\"created_at\\\":\\\"2026-03-31T19:33:16.529000\\\",\\\"updated_at\\\":\\\"2026-03-31T19:33:16.529000\\\",\\\"thumb_url\\\":null,\\\"is_favorited\\\":false},{\\\"id\\\":\\\"69cc1e49fb9e1145a29af62f\\\",\\\"title\\\":\\\"Luxury Blue Monogram Backpack\\\",\\\"description\\\":\\\"This luxury backpack features a stylish blue monogram design, perfect for carrying essentials around campus. With durable straps, multiple compartments, and excellent condition, it offers both function and style for students. Ideal for daily use with plenty of storage space.\\\",\\\"price\\\":2750.0,\\\"category\\\":\\\"Other\\\",\\\"condition\\\":\\\"good\\\",\\\"sustainable\\\":false,\\\"images\\\":[\\\"/images/69cc1e45fb9e1145a29af627\\\"],\\\"seller_id\\\":\\\"69caae08c46de1c5a4e48713\\\",\\\"status\\\":\\\"available\\\",\\\"views\\\":31,\\\"boosted_at\\\":null,\\\"created_at\\\":\\\"2026-03-31T19:19:37.826000\\\",\\\"updated_at\\\":\\\"2026-03-31T19:19:37.826000\\\",\\\"thumb_url\\\":null,\\\"is_favorited\\\":false}]\",\n  \"Response Headers\": {\n    \"date\": \"Mon, 04 May 2026 19:41:07 GMT\",\n    \"server\": \"uvicorn\",\n    \"content-length\": \"16774\",\n    \"content-type\": \"application/json\"\n  },\n  \"Response Status\": 200\n}\n        ]\n      }\n    }\n  ]\n}\n\n\nhttps://on.cypress.io/request",
                "estack": "CypressError: `cy.request()` failed on:\n\nhttp://localhost:8000/orders\n\nThe response we received from your web server was:\n\n  > 422: Unprocessable Entity\n\nThis was considered a failure because the status code was not `2xx` or `3xx`.\n\nIf you do not want status codes to cause failures pass the option: `failOnStatusCode: false`\n\n-----------------------------------------------------------\n\nThe request we sent was:\n\nMethod: POST\nURL: http://localhost:8000/orders\nHeaders: {\n  \"Connection\": \"keep-alive\",\n  \"Authorization\": \"Bearer eyJhbGciOiJIUzI1NiIsInR5cCI6IkpXVCJ9.eyJzdWIiOiI2OWY4ZTVhMTg3YjU5ZjY4MzNiYmQ2Y2MiLCJlbWFpbCI6InBlcmZ0ZXN0QHVuaXZlcnNpdHkuZWR1IiwiZXhwIjoxNzc4NTI4NDY2fQ.X0_3CXP5W_wwRfucxRSx9kmlcf06WZmFhV0KGTU8u4A\",\n  \"user-agent\": \"Mozilla/5.0 (Macintosh; Intel Mac OS X 10_15_7) AppleWebKit/537.36 (KHTML, like Gecko) Cypress/15.14.2 Chrome/138.0.7204.251 Electron/37.6.0 Safari/537.36\",\n  \"accept\": \"*/*\",\n  \"accept-encoding\": \"gzip, deflate\",\n  \"content-type\": \"application/json\",\n  \"content-length\": 35889\n}\nBody: {\"product_id\":{\"body\":[{\"id\":\"69f8f384943cff1a637c7053\",\"title\":\"Cypress Test Item #1\",\"description\":\"Used textbooks item for E2E testing. __cypress_seed__\",\"price\":10,\"category\":\"Textbooks\",\"condition\":\"good\",\"sustainable\":true,\"images\":[],\"seller_id\":\"69f8e5a287b59f6833bbd6cd\",\"status\":\"reserved\",\"views\":2,\"boosted_at\":null,\"created_at\":\"2026-05-04T19:29:08.590000\",\"updated_at\":\"2026-05-04T19:41:07.722000\",\"thumb_url\":null,\"is_favorited\":false},{\"id\":\"69f8f384943cff1a637c7054\",\"title\":\"Cypress Test Item #2\",\"description\":\"Used electronics item for E2E testing. __cypress_seed__\",\"price\":15,\"category\":\"Electronics\",\"condition\":\"good\",\"sustainable\":false,\"images\":[],\"seller_id\":\"69f8e5a287b59f6833bbd6cd\",\"status\":\"reserved\",\"views\":4,\"boosted_at\":null,\"created_at\":\"2026-05-04T19:29:08.590000\",\"updated_at\":\"2026-05-04T19:38:22.410000\",\"thumb_url\":null,\"is_favorited\":false},{\"id\":\"69df7f3a66a590b16db5e967\",\"title\":\"Elegant Tri-Stone Gold Ring\",\"description\":\"This exquisite tri-stone gold ring features a modern design with three dazzling stones, perfect for adding a touch of elegance to any outfit. In excellent condition, it's an ideal accessory for special occasions or daily wear, appealing to students looking for sophistication on a budget.\",\"price\":99,\"category\":\"Other\",\"condition\":\"good\",\"sustainable\":false,\"images\":[\"/images/69df7ef766a590b16db5e961\"],\"seller_id\":\"69cc1f83b5b0079a05e27728\",\"status\":\"available\",\"views\":1,\"boosted_at\":null,\"created_at\":\"2026-04-15T12:06:18.265000\",\"updated_at\":\"2026-04-15T12:06:18.265000\",\"thumb_url\":null,\"is_favorited\":false},{\"id\":\"69df7e6166a590b16db5e95a\",\"title\":\"Elegant Sterling Silver Ring with Gemstone\",\"description\":\"This exquisite sterling silver ring features a brilliant central gemstone, flanked by smaller stones for added sparkle. Its elegant design is perfect for special occasions or everyday wear. The ring is in excellent condition, making it a great addition to any student's jewelry collection.\",\"price\":1000,\"categ...\n\n-----------------------------------------------------------\n\nThe response we got was:\n\nStatus: 422 - Unprocessable Entity\nHeaders: {\n  \"date\": \"Mon, 04 May 2026 19:41:07 GMT\",\n  \"server\": \"uvicorn\",\n  \"content-length\": \"35985\",\n  \"content-type\": \"application/json\"\n}\nBody: {\n  \"detail\": [\n    {\n      \"type\": \"string_type\",\n      \"loc\": [\n        \"body\",\n        \"product_id\"\n      ],\n      \"msg\": \"Input should be a valid string\",\n      \"input\": {\n        \"body\": [\n{\n  \"id\": \"69f8f384943cff1a637c7053\",\n  \"title\": \"Cypress Test Item #1\",\n  \"description\": \"Used textbooks item for E2E testing. __cypress_seed__\",\n  \"price\": 10,\n  \"category\": \"Textbooks\",\n  \"condition\": \"good\",\n  \"sustainable\": true,\n  \"images\": [],\n  \"seller_id\": \"69f8e5a287b59f6833bbd6cd\",\n  \"status\": \"reserved\",\n  \"views\": 2,\n  \"boosted_at\": null,\n  \"created_at\": \"2026-05-04T19:29:08.590000\",\n  \"updated_at\": \"2026-05-04T19:41:07.722000\",\n  \"thumb_url\": null,\n  \"is_favorited\": false\n},\n{\n  \"id\": \"69f8f384943cff1a637c7054\",\n  \"title\": \"Cypress Test Item #2\",\n  \"description\": \"Used electronics item for E2E testing. __cypress_seed__\",\n  \"price\": 15,\n  \"category\": \"Electronics\",\n  \"condition\": \"good\",\n  \"sustainable\": false,\n  \"images\": [],\n  \"seller_id\": \"69f8e5a287b59f6833bbd6cd\",\n  \"status\": \"reserved\",\n  \"views\": 4,\n  \"boosted_at\": null,\n  \"created_at\": \"2026-05-04T19:29:08.590000\",\n  \"updated_at\": \"2026-05-04T19:38:22.410000\",\n  \"thumb_url\": null,\n  \"is_favorited\": false\n},\n{\n  \"id\": \"69df7f3a66a590b16db5e967\",\n  \"title\": \"Elegant Tri-Stone Gold Ring\",\n  \"description\": \"This exquisite tri-stone gold ring features a modern design with three dazzling stones, perfect for adding a touch of elegance to any outfit. In excellent condition, it's an ideal accessory for special occasions or daily wear, appealing to students looking for sophistication on a budget.\",\n  \"price\": 99,\n  \"category\": \"Other\",\n  \"condition\": \"good\",\n  \"sustainable\": false,\n  \"images\": [\n    \"/images/69df7ef766a590b16db5e961\"\n  ],\n  \"seller_id\": \"69cc1f83b5b0079a05e27728\",\n  \"status\": \"available\",\n  \"views\": 1,\n  \"boosted_at\": null,\n  \"created_at\": \"2026-04-15T12:06:18.265000\",\n  \"updated_at\": \"2026-04-15T12:06:18.265000\",\n  \"thumb_url\": null,\n  \"is_favorited\": false\n},\n{\n  \"id\": \"69df7e6166a590b16db5e95a\",\n  \"title\": \"Elegant Sterling Silver Ring with Gemstone\",\n  \"description\": \"This exquisite sterling silver ring features a brilliant central gemstone, flanked by smaller stones for added sparkle. Its elegant design is perfect for special occasions or everyday wear. The ring is in excellent condition, making it a great addition to any student's jewelry collection.\",\n  \"price\": 1000,\n  \"category\": \"Other\",\n  \"condition\": \"good\",\n  \"sustainable\": false,\n  \"images\": [\n    \"/images/69df7e4466a590b16db5e958\"\n  ],\n  \"seller_id\": \"69cc1f83b5b0079a05e27728\",\n  \"status\": \"available\",\n  \"views\": 1,\n  \"boosted_at\": null,\n  \"created_at\": \"2026-04-15T12:02:41.856000\",\n  \"updated_at\": \"2026-04-15T12:02:41.856000\",\n  \"thumb_url\": null,\n  \"is_favorited\": false\n},\n{\n  \"id\": \"69df79ab66a590b16db5e950\",\n  \"title\": \"Stylish White Suede Sneakers\",\n  \"description\": \"These trendy white sneakers feature suede accents and a comfortable fit, perfect for campus walks and casual outings. With a durable sole and clean design, they are a versatile addition to any student wardrobe. They are in excellent condition, offering style and practicality.\",\n  \"price\": 53.97,\n  \"category\": \"Clothing\",\n  \"condition\": \"good\",\n  \"sustainable\": false,\n  \"images\": [\n    \"/images/69df799a66a590b16db5e94b\"\n  ],\n  \"seller_id\": \"69cc1f83b5b0079a05e27728\",\n  \"status\": \"available\",\n  \"views\": 4,\n  \"boosted_at\": null,\n  \"created_at\": \"2026-04-15T11:42:35.230000\",\n  \"updated_at\": \"2026-04-15T11:42:35.230000\",\n  \"thumb_url\": null,\n  \"is_favorited\": false\n},\n{\n  \"id\": \"69df786281566a9921e58934\",\n  \"title\": \"Black and White Casual Sneakers\",\n  \"description\": \"Stylish black and white sneakers perfect for campus life. In excellent condition with a comfortable fit and durable build, these shoes are ideal for everyday wear. Their classic design will appeal to fashion-forward students looking to make a statement.\",\n  \"price\": 57.97,\n  \"category\": \"Clothing\",\n  \"condition\": \"good\",\n  \"sustainable\": false,\n  \"images\": [\n    \"/images/69df785881566a9921e58930\"\n  ],\n  \"seller_id\": \"69cc1f83b5b0079a05e27728\",\n  \"status\": \"available\",\n  \"views\": 2,\n  \"boosted_at\": null,\n  \"created_at\": \"2026-04-15T11:37:06.501000\",\n  \"updated_at\": \"2026-04-15T11:37:06.501000\",\n  \"thumb_url\": null,\n  \"is_favorited\": false\n},\n{\n  \"id\": \"69d625a132b75706d78cac7e\",\n  \"title\": \"Ultraman Action Figure Statue\",\n  \"description\": \"This superhero figure is in excellent condition, featuring striking red and silver colors. Ideal for students who love collectibles or want a unique room decor piece. Stands out with its iconic design, perfect for anime and comic enthusiasts.\",\n  \"price\": 12,\n  \"category\": \"Other\",\n  \"condition\": \"good\",\n  \"sustainable\": false,\n  \"images\": [\n    \"/images/69d6259132b75706d78cac7c\"\n  ],\n  \"seller_id\": \"69d5993b32b75706d78cac3f\",\n  \"status\": \"reserved\",\n  \"views\": 37,\n  \"boosted_at\": null,\n  \"created_at\": \"2026-04-08T09:53:37.514000\",\n  \"updated_at\": \"2026-04-12T14:09:07.738000\",\n  \"thumb_url\": null,\n  \"is_favorited\": false\n},\n{\n  \"id\": \"69d413b8068a7f8bc788e002\",\n  \"title\": \"Chelsea Football Club Soccer Ball\",\n  \"description\": \"Gently used Chelsea Football Club soccer ball in excellent condition. Perfect for campus games or decor for passionate fans. Lightweight and durable, ensuring hours of play. A must-have for student soccer enthusiasts.\",\n  \"price\": 8,\n  \"category\": \"Sports\",\n  \"condition\": \"good\",\n  \"sustainable\": false,\n  \"images\": [\n    \"/images/69d413af068a7f8bc788e000\"\n  ],\n  \"seller_id\": \"69cbff634e6c645108f3c215\",\n  \"status\": \"available\",\n  \"views\": 11,\n  \"boosted_at\": null,\n  \"created_at\": \"2026-04-06T20:12:40.297000\",\n  \"updated_at\": \"2026-04-06T20:12:40.297000\",\n  \"thumb_url\": null,\n  \"is_favorited\": false\n},\n{\n  \"id\": \"69d41152068a7f8bc788dfed\",\n  \"title\": \"Orange Smartphone with Three Cameras\",\n  \"description\": \"This stylish orange smartphone features a triple-camera system for high-quality photography. In excellent condition, it's perfect for capturing campus memories and staying connected. Sleek design and vibrant color make it stand out in any crowd.\",\n  \"price\": 1198.99,\n  \"category\": \"Electronics\",\n  \"condition\": \"good\",\n  \"sustainable\": false,\n  \"images\": [\n    \"/images/69d3d177068a7f8bc788dfe4\"\n  ],\n  \"seller_id\": \"69cbff634e6c645108f3c215\",\n  \"status\": \"available\",\n  \"views\": 13,\n  \"boosted_at\": null,\n  \"created_at\": \"2026-04-06T20:02:26.920000\",\n  \"updated_at\": \"2026-04-06T20:02:26.920000\",\n  \"thumb_url\": null,\n  \"is_favorited\": false\n},\n{\n  \"id\": \"69cffbb9f680e295c22f07bd\",\n  \"title\": \"harman kardon\",\n  \"description\": \"very good\",\n  \"price\": 256,\n  \"category\": \"Electronics\",\n  \"condition\": \"good\",\n  \"sustainable\": false,\n  \"images\": [\n    \"/images/69cffbb8f680e295c22f07b9\"\n  ],\n  \"seller_id\": \"69cc1f83b5b0079a05e27728\",\n  \"status\": \"available\",\n  \"views\": 3,\n  \"boosted_at\": null,\n  \"created_at\": \"2026-04-03T17:41:13.808000\",\n  \"updated_at\": \"2026-04-03T17:41:13.808000\",\n  \"thumb_url\": \"/images/69cffbb9f680e295c22f07bb\",\n  \"is_favorited\": false\n},\n{\n  \"id\": \"69cedba5f680e295c22f07a1\",\n  \"title\": \"Multifunctional Kitchen Scissors\",\n  \"description\": \"Gently used multifunctional kitchen scissors ideal for students. Features comfortable grip handles with sharp steel blades. Perfect for cutting various foods, herbs, and packaging. A versatile tool for any dorm kitchen.\",\n  \"price\": 5.03,\n  \"category\": \"Kitchen\",\n  \"condition\": \"good\",\n  \"sustainable\": false,\n  \"images\": [\n    \"/images/69cedb38f680e295c22f079b\"\n  ],\n  \"seller_id\": \"69cc18bdb3d0a34cc2856fb5\",\n  \"status\": \"available\",\n  \"views\": 11,\n  \"boosted_at\": null,\n  \"created_at\": \"2026-04-02T21:12:05.200000\",\n  \"updated_at\": \"2026-04-02T21:12:05.200000\",\n  \"thumb_url\": null,\n  \"is_favorited\": false\n},\n{\n  \"id\": \"69cedad4f680e295c22f0796\",\n  \"title\": \"Electric Crepe Maker with Accessories\",\n  \"description\": \"Pre-owned electric crepe maker, ideal for creating delicious homemade crepes. It features adjustable temperature settings and comes with a wooden spreader. Perfect for students who love to cook and entertain friends. In good condition, ready for your next campus get-together.\",\n  \"price\": 39.5,\n  \"category\": \"Kitchen\",\n  \"condition\": \"good\",\n  \"sustainable\": false,\n  \"images\": [\n    \"/images/69cedab7f680e295c22f0793\"\n  ],\n  \"seller_id\": \"69cc18bdb3d0a34cc2856fb5\",\n  \"status\": \"available\",\n  \"views\": 15,\n  \"boosted_at\": null,\n  \"created_at\": \"2026-04-02T21:08:36.776000\",\n  \"updated_at\": \"2026-04-02T21:08:36.776000\",\n  \"thumb_url\": null,\n  \"is_favorited\": false\n},\n{\n  \"id\": \"69ced856e72df647d88312b1\",\n  \"title\": \"Compact Stainless Steel Deep Fryer\",\n  \"description\": \"Lightly used compact deep fryer perfect for dorm cooking. Features adjustable temperature control and a spacious basket for easy frying. Ideal for students seeking convenient home-cooked meals. Stainless steel design ensures durability and easy cleaning, making it a great addition to any campus kitchen.\",\n  \"price\": 25,\n  \"category\": \"Kitchen\",\n  \"condition\": \"good\",\n  \"sustainable\": false,\n  \"images\": [\n    \"/images/69ced851e72df647d88312ae\"\n  ],\n  \"seller_id\": \"69caae08c46de1c5a4e48713\",\n  \"status\": \"available\",\n  \"views\": 2,\n  \"boosted_at\": null,\n  \"created_at\": \"2026-04-02T20:57:58.270000\",\n  \"updated_at\": \"2026-04-02T20:57:58.270000\",\n  \"thumb_url\": null,\n  \"is_favorited\": false\n},\n{\n  \"id\": \"69ced78ff680e295c22f0788\",\n  \"title\": \"Comfortable Single Mattress\",\n  \"description\": \"Gently used single mattress in excellent condition, perfect for dorm rooms. Features a firm yet comfortable surface with a stylish quilted design. Ideal for students seeking an affordable and restful sleep solution. Easy to transport and fits most standard bed frames.\",\n  \"price\": 231,\n  \"category\": \"Furniture\",\n  \"condition\": \"good\",\n  \"sustainable\": false,\n  \"images\": [\n    \"/images/69ced77df680e295c22f0786\"\n  ],\n  \"seller_id\": \"69cc18bdb3d0a34cc2856fb5\",\n  \"status\": \"available\",\n  \"views\": 9,\n  \"boosted_at\": null,\n  \"created_at\": \"2026-04-02T20:54:39.966000\",\n  \"updated_at\": \"2026-04-02T20:54:39.966000\",\n  \"thumb_url\": null,\n  \"is_favorited\": false\n},\n{\n  \"id\": \"69ced486f680e295c22f0780\",\n  \"title\": \"Gundam RX-93 ν Model Kit\",\n  \"description\": \"High-quality Gundam RX-93 ν model kit in excellent condition. Detailed design with intricate parts, perfect for collectors or enthusiasts. A striking addition to any room decor, ideal for students who appreciate sci-fi and anime culture.\",\n  \"price\": 800,\n  \"category\": \"Other\",\n  \"condition\": \"good\",\n  \"sustainable\": false,\n  \"images\": [\n    \"/images/69ced47bf680e295c22f077e\"\n  ],\n  \"seller_id\": \"69caae08c46de1c5a4e48713\",\n  \"status\": \"available\",\n  \"views\": 13,\n  \"boosted_at\": null,\n  \"created_at\": \"2026-04-02T20:41:42.398000\",\n  \"updated_at\": \"2026-04-06T02:23:00.559000\",\n  \"thumb_url\": null,\n  \"is_favorited\": false\n},\n{\n  \"id\": \"69ced37df680e295c22f0775\",\n  \"title\": \"Ultraman Tiga & Dyna Figures\",\n  \"description\": \"Set of Ultraman Tiga and Dyna collectible figures in excellent condition. These iconic characters are perfect for students who love Japanese pop culture and superhero memorabilia. Compact and durable, they add flair to any dorm or study space.\",\n  \"price\": 135,\n  \"category\": \"Other\",\n  \"condition\": \"good\",\n  \"sustainable\": false,\n  \"images\": [\n    \"/images/69ced36ff680e295c22f0773\"\n  ],\n  \"seller_id\": \"69caae08c46de1c5a4e48713\",\n  \"status\": \"reserved\",\n  \"views\": 44,\n  \"boosted_at\": null,\n  \"created_at\": \"2026-04-02T20:37:17.457000\",\n  \"updated_at\": \"2026-04-06T20:11:58.480000\",\n  \"thumb_url\": null,\n  \"is_favorited\": false\n},\n{\n  \"id\": \"69ced26be72df647d88312a7\",\n  \"title\": \"Stylish Aviator Sunglasses\",\n  \"description\": \"These aviator sunglasses feature a classic design perfect for campus life. With durable frames and tinted lenses, they offer both style and UV protection. Ideal for any student looking to enhance their look while staying cool outdoors.\",\n  \"price\": 150,\n  \"category\": \"Other\",\n  \"condition\": \"good\",\n  \"sustainable\": false,\n  \"images\": [\n    \"/images/69ced25be72df647d88312a5\"\n  ],\n  \"seller_id\": \"69caae08c46de1c5a4e48713\",\n  \"status\": \"available\",\n  \"views\": 15,\n  \"boosted_at\": null,\n  \"created_at\": \"2026-04-02T20:32:43.855000\",\n  \"updated_at\": \"2026-04-02T20:32:43.855000\",\n  \"thumb_url\": null,\n  \"is_favorited\": false\n},\n{\n  \"id\": \"69ced150f680e295c22f0760\",\n  \"title\": \"Colorful Refillable Lighters Set\",\n  \"description\": \"Set of five colorful refillable lighters in excellent condition. Ideal for students who enjoy camping, outdoor events, or need a reliable flame source on campus. Compact and portable with a sleek design.\",\n  \"price\": 1,\n  \"category\": \"Other\",\n  \"condition\": \"good\",\n  \"sustainable\": false,\n  \"images\": [\n    \"/images/69ced14af680e295c22f075e\"\n  ],\n  \"seller_id\": \"69cc1f83b5b0079a05e27728\",\n  \"status\": \"available\",\n  \"views\": 3,\n  \"boosted_at\": null,\n  \"created_at\": \"2026-04-02T20:28:00.108000\",\n  \"updated_at\": \"2026-04-02T20:28:00.108000\",\n  \"thumb_url\": null,\n  \"is_favorited\": false\n},\n{\n  \"id\": \"69cecf70f680e295c22f0747\",\n  \"title\": \"Non-Stick Rice Paddle\",\n  \"description\": \"Lightweight non-stick rice paddle in excellent condition. Features a textured surface to prevent sticking, ideal for easy serving. A must-have for student kitchens and essential for quick meal prep. Easy to clean and store with convenient hanging hole.\",\n  \"price\": 5,\n  \"category\": \"Kitchen\",\n  \"condition\": \"good\",\n  \"sustainable\": false,\n  \"images\": [\n    \"/images/69cecf67f680e295c22f0745\"\n  ],\n  \"seller_id\": \"69cc18bdb3d0a34cc2856fb5\",\n  \"status\": \"reserved\",\n  \"views\": 3,\n  \"boosted_at\": null,\n  \"created_at\": \"2026-04-02T20:20:00.390000\",\n  \"updated_at\": \"2026-04-02T20:22:52.315000\",\n  \"thumb_url\": null,\n  \"is_favorited\": false\n},\n{\n  \"id\": \"69cecf23f680e295c22f073f\",\n  \"title\": \"Mountain Bike with Lock\",\n  \"description\": \"Sturdy mountain bike in excellent condition, perfect for campus commuting. Features a comfortable seat and durable frame. Includes a secure lock, offering students an affordable and eco-friendly transportation option.\",\n  \"price\": 100,\n  \"category\": \"Sports\",\n  \"condition\": \"good\",\n  \"sustainable\": false,\n  \"images\": [\n    \"/images/69cecf17f680e295c22f073d\"\n  ],\n  \"seller_id\": \"69cc1f83b5b0079a05e27728\",\n  \"status\": \"reserved\",\n  \"views\": 6,\n  \"boosted_at\": null,\n  \"created_at\": \"2026-04-02T20:18:43.001000\",\n  \"updated_at\": \"2026-04-02T20:23:02.274000\",\n  \"thumb_url\": null,\n  \"is_favorited\": false\n},\n{\n  \"id\": \"69cece9bf680e295c22f0736\",\n  \"title\": \"Russell Hobbs Rice Cooker with Steamer\",\n  \"description\": \"Gently used Russell Hobbs rice cooker perfect for quick meals. Includes a built-in steamer, ideal for healthy student cooking. Compact design fits easily in dorm rooms. In good working condition with all accessories included.\",\n  \"price\": 15,\n  \"category\": \"Kitchen\",\n  \"condition\": \"good\",\n  \"sustainable\": true,\n  \"images\": [\n    \"/images/69cece8af680e295c22f0734\"\n  ],\n  \"seller_id\": \"69cc18bdb3d0a34cc2856fb5\",\n  \"status\": \"available\",\n  \"views\": 1,\n  \"boosted_at\": null,\n  \"created_at\": \"2026-04-02T20:16:27.821000\",\n  \"updated_at\": \"2026-04-02T20:16:27.821000\",\n  \"thumb_url\": null,\n  \"is_favorited\": false\n},\n{\n  \"id\": \"69cecaae7aba662dc7975084\",\n  \"title\": \"Chanel No. 5 Eau de Parfum\",\n  \"description\": \"Classic Chanel No. 5 Eau de Parfum, lightly used. Timeless floral fragrance perfect for daily wear and special occasions. Ideal for students looking to elevate their style with a touch of sophistication. Elegant bottle design adds a classy touch to any vanity.\",\n  \"price\": 156,\n  \"category\": \"Other\",\n  \"condition\": \"good\",\n  \"sustainable\": false,\n  \"images\": [\n    \"/images/69ceca8b7aba662dc7975081\"\n  ],\n  \"seller_id\": \"69cc1f83b5b0079a05e27728\",\n  \"status\": \"available\",\n  \"views\": 4,\n  \"boosted_at\": null,\n  \"created_at\": \"2026-04-02T19:59:42.411000\",\n  \"updated_at\": \"2026-04-02T19:59:42.411000\",\n  \"thumb_url\": null,\n  \"is_favorited\": false\n},\n{\n  \"id\": \"69cd623fe77a0365c7d69d47\",\n  \"title\": \"Apple MacBook Air 2023\",\n  \"description\": \"Sleek Apple MacBook Air 2023 in excellent condition. Features vibrant Retina display, long battery life, and lightweight design. Perfect for students needing portability and performance for studies and entertainment. Ideal for lectures, assignments, and creative projects.\",\n  \"price\": 360,\n  \"category\": \"Electronics\",\n  \"condition\": \"good\",\n  \"sustainable\": true,\n  \"images\": [\n    \"/images/69cd6228e77a0365c7d69d44\"\n  ],\n  \"seller_id\": \"69cc1f83b5b0079a05e27728\",\n  \"status\": \"available\",\n  \"views\": 51,\n  \"boosted_at\": null,\n  \"created_at\": \"2026-04-01T18:21:51.412000\",\n  \"updated_at\": \"2026-04-01T18:21:51.412000\",\n  \"thumb_url\": null,\n  \"is_favorited\": false\n},\n{\n  \"id\": \"69cc22b1fb9e1145a29af643\",\n  \"title\": \"Designer Monogram Backpack\",\n  \"description\": \"Pre-owned designer backpack in good condition. Stylish monogram pattern with adjustable straps and multiple compartments for a laptop and books. Ideal for students seeking a trendy and functional bag for campus life.\",\n  \"price\": 3049.98,\n  \"category\": \"Other\",\n  \"condition\": \"good\",\n  \"sustainable\": false,\n  \"images\": [\n    \"/images/69cc22aefb9e1145a29af63b\"\n  ],\n  \"seller_id\": \"69caae08c46de1c5a4e48713\",\n  \"status\": \"available\",\n  \"views\": 5,\n  \"boosted_at\": null,\n  \"created_at\": \"2026-03-31T19:38:25.042000\",\n  \"updated_at\": \"2026-03-31T19:38:25.042000\",\n  \"thumb_url\": null,\n  \"is_favorited\": false\n},\n{\n  \"id\": \"69cc217cfb9e1145a29af638\",\n  \"title\": \"Stylish Denim Designer Handbag\",\n  \"description\": \"Gently used designer handbag featuring a trendy denim look with gold hardware. Perfect for students who appreciate fashion and need a spacious, stylish bag for campus essentials. Includes external pockets for easy access and a comfortable strap for daily use.\",\n  \"price\": 2970,\n  \"category\": \"Clothing\",\n  \"condition\": \"good\",\n  \"sustainable\": false,\n  \"images\": [\n    \"/images/69cc216efb9e1145a29af632\"\n  ],\n  \"seller_id\": \"69caae08c46de1c5a4e48713\",\n  \"status\": \"available\",\n  \"views\": 6,\n  \"boosted_at\": null,\n  \"created_at\": \"2026-03-31T19:33:16.529000\",\n  \"updated_at\": \"2026-03-31T19:33:16.529000\",\n  \"thumb_url\": null,\n  \"is_favorited\": false\n},\n{\n  \"id\": \"69cc1e49fb9e1145a29af62f\",\n  \"title\": \"Luxury Blue Monogram Backpack\",\n  \"description\": \"This luxury backpack features a stylish blue monogram design, perfect for carrying essentials around campus. With durable straps, multiple compartments, and excellent condition, it offers both function and style for students. Ideal for daily use with plenty of storage space.\",\n  \"price\": 2750,\n  \"category\": \"Other\",\n  \"condition\": \"good\",\n  \"sustainable\": false,\n  \"images\": [\n    \"/images/69cc1e45fb9e1145a29af627\"\n  ],\n  \"seller_id\": \"69caae08c46de1c5a4e48713\",\n  \"status\": \"available\",\n  \"views\": 31,\n  \"boosted_at\": null,\n  \"created_at\": \"2026-03-31T19:19:37.826000\",\n  \"updated_at\": \"2026-03-31T19:19:37.826000\",\n  \"thumb_url\": null,\n  \"is_favorited\": false\n}\n        ],\n        \"headers\": {\n\"date\": \"Mon, 04 May 2026 19:41:07 GMT\",\n\"server\": \"uvicorn\",\n\"content-length\": \"16774\",\n\"content-type\": \"application/json\"\n        },\n        \"status\": 200,\n        \"statusText\": \"OK\",\n        \"isOkStatusCode\": true,\n        \"requestHeaders\": {\n\"Connection\": \"keep-alive\",\n\"user-agent\": \"Mozilla/5.0 (Macintosh; Intel Mac OS X 10_15_7) AppleWebKit/537.36 (KHTML, like Gecko) Cypress/15.14.2 Chrome/138.0.7204.251 Electron/37.6.0 Safari/537.36\",\n\"accept\": \"*/*\",\n\"accept-encoding\": \"gzip, deflate\"\n        },\n        \"duration\": 80,\n        \"allRequestResponses\": [\n{\n  \"Request Body\": null,\n  \"Request Headers\": {\n    \"Connection\": \"keep-alive\",\n    \"user-agent\": \"Mozilla/5.0 (Macintosh; Intel Mac OS X 10_15_7) AppleWebKit/537.36 (KHTML, like Gecko) Cypress/15.14.2 Chrome/138.0.7204.251 Electron/37.6.0 Safari/537.36\",\n    \"accept\": \"*/*\",\n    \"accept-encoding\": \"gzip, deflate\"\n  },\n  \"Request URL\": \"http://localhost:8000/products?limit=200\",\n  \"Response Body\": \"[{\\\"id\\\":\\\"69f8f384943cff1a637c7053\\\",\\\"title\\\":\\\"Cypress Test Item #1\\\",\\\"description\\\":\\\"Used textbooks item for E2E testing. __cypress_seed__\\\",\\\"price\\\":10.0,\\\"category\\\":\\\"Textbooks\\\",\\\"condition\\\":\\\"good\\\",\\\"sustainable\\\":true,\\\"images\\\":[],\\\"seller_id\\\":\\\"69f8e5a287b59f6833bbd6cd\\\",\\\"status\\\":\\\"reserved\\\",\\\"views\\\":2,\\\"boosted_at\\\":null,\\\"created_at\\\":\\\"2026-05-04T19:29:08.590000\\\",\\\"updated_at\\\":\\\"2026-05-04T19:41:07.722000\\\",\\\"thumb_url\\\":null,\\\"is_favorited\\\":false},{\\\"id\\\":\\\"69f8f384943cff1a637c7054\\\",\\\"title\\\":\\\"Cypress Test Item #2\\\",\\\"description\\\":\\\"Used electronics item for E2E testing. __cypress_seed__\\\",\\\"price\\\":15.0,\\\"category\\\":\\\"Electronics\\\",\\\"condition\\\":\\\"good\\\",\\\"sustainable\\\":false,\\\"images\\\":[],\\\"seller_id\\\":\\\"69f8e5a287b59f6833bbd6cd\\\",\\\"status\\\":\\\"reserved\\\",\\\"views\\\":4,\\\"boosted_at\\\":null,\\\"created_at\\\":\\\"2026-05-04T19:29:08.590000\\\",\\\"updated_at\\\":\\\"2026-05-04T19:38:22.410000\\\",\\\"thumb_url\\\":null,\\\"is_favorited\\\":false},{\\\"id\\\":\\\"69df7f3a66a590b16db5e967\\\",\\\"title\\\":\\\"Elegant Tri-Stone Gold Ring\\\",\\\"description\\\":\\\"This exquisite tri-stone gold ring features a modern design with three dazzling stones, perfect for adding a touch of elegance to any outfit. In excellent condition, it's an ideal accessory for special occasions or daily wear, appealing to students looking for sophistication on a budget.\\\",\\\"price\\\":99.0,\\\"category\\\":\\\"Other\\\",\\\"condition\\\":\\\"good\\\",\\\"sustainable\\\":false,\\\"images\\\":[\\\"/images/69df7ef766a590b16db5e961\\\"],\\\"seller_id\\\":\\\"69cc1f83b5b0079a05e27728\\\",\\\"status\\\":\\\"available\\\",\\\"views\\\":1,\\\"boosted_at\\\":null,\\\"created_at\\\":\\\"2026-04-15T12:06:18.265000\\\",\\\"updated_at\\\":\\\"2026-04-15T12:06:18.265000\\\",\\\"thumb_url\\\":null,\\\"is_favorited\\\":false},{\\\"id\\\":\\\"69df7e6166a590b16db5e95a\\\",\\\"title\\\":\\\"Elegant Sterling Silver Ring with Gemstone\\\",\\\"description\\\":\\\"This exquisite sterling silver ring features a brilliant central gemstone, flanked by smaller stones for added sparkle. Its elegant design is perfect for special occasions or everyday wear. The ring is in excellent condition, making it a great addition to any student's jewelry collection.\\\",\\\"price\\\":1000.0,\\\"category\\\":\\\"Other\\\",\\\"condition\\\":\\\"good\\\",\\\"sustainable\\\":false,\\\"images\\\":[\\\"/images/69df7e4466a590b16db5e958\\\"],\\\"seller_id\\\":\\\"69cc1f83b5b0079a05e27728\\\",\\\"status\\\":\\\"available\\\",\\\"views\\\":1,\\\"boosted_at\\\":null,\\\"created_at\\\":\\\"2026-04-15T12:02:41.856000\\\",\\\"updated_at\\\":\\\"2026-04-15T12:02:41.856000\\\",\\\"thumb_url\\\":null,\\\"is_favorited\\\":false},{\\\"id\\\":\\\"69df79ab66a590b16db5e950\\\",\\\"title\\\":\\\"Stylish White Suede Sneakers\\\",\\\"description\\\":\\\"These trendy white sneakers feature suede accents and a comfortable fit, perfect for campus walks and casual outings. With a durable sole and clean design, they are a versatile addition to any student wardrobe. They are in excellent condition, offering style and practicality.\\\",\\\"price\\\":53.97,\\\"category\\\":\\\"Clothing\\\",\\\"condition\\\":\\\"good\\\",\\\"sustainable\\\":false,\\\"images\\\":[\\\"/images/69df799a66a590b16db5e94b\\\"],\\\"seller_id\\\":\\\"69cc1f83b5b0079a05e27728\\\",\\\"status\\\":\\\"available\\\",\\\"views\\\":4,\\\"boosted_at\\\":null,\\\"created_at\\\":\\\"2026-04-15T11:42:35.230000\\\",\\\"updated_at\\\":\\\"2026-04-15T11:42:35.230000\\\",\\\"thumb_url\\\":null,\\\"is_favorited\\\":false},{\\\"id\\\":\\\"69df786281566a9921e58934\\\",\\\"title\\\":\\\"Black and White Casual Sneakers\\\",\\\"description\\\":\\\"Stylish black and white sneakers perfect for campus life. In excellent condition with a comfortable fit and durable build, these shoes are ideal for everyday wear. Their classic design will appeal to fashion-forward students looking to make a statement.\\\",\\\"price\\\":57.97,\\\"category\\
[...]
 make a statement.\\\",\\\"price\\\":57.97,\\\"category\\\":\\\"Clothing\\\",\\\"condition\\\":\\\"good\\\",\\\"sustainable\\\":false,\\\"images\\\":[\\\"/images/69df785881566a9921e58930\\\"],\\\"seller_id\\\":\\\"69cc1f83b5b0079a05e27728\\\",\\\"status\\\":\\\"available\\\",\\\"views\\\":2,\\\"boosted_at\\\":null,\\\"created_at\\\":\\\"2026-04-15T11:37:06.501000\\\",\\\"updated_at\\\":\\\"2026-04-15T11:37:06.501000\\\",\\\"thumb_url\\\":null,\\\"is_favorited\\\":false},{\\\"id\\\":\\\"69d625a132b75706d78cac7e\\\",\\\"title\\\":\\\"Ultraman Action Figure Statue\\\",\\\"description\\\":\\\"This superhero figure is in excellent condition, featuring striking red and silver colors. Ideal for students who love collectibles or want a unique room decor piece. Stands out with its iconic design, perfect for anime and comic enthusiasts.\\\",\\\"price\\\":12.0,\\\"category\\\":\\\"Other\\\",\\\"condition\\\":\\\"good\\\",\\\"sustainable\\\":false,\\\"images\\\":[\\\"/images/69d6259132b75706d78cac7c\\\"],\\\"seller_id\\\":\\\"69d5993b32b75706d78cac3f\\\",\\\"status\\\":\\\"reserved\\\",\\\"views\\\":37,\\\"boosted_at\\\":null,\\\"created_at\\\":\\\"2026-04-08T09:53:37.514000\\\",\\\"updated_at\\\":\\\"2026-04-12T14:09:07.738000\\\",\\\"thumb_url\\\":null,\\\"is_favorited\\\":false},{\\\"id\\\":\\\"69d413b8068a7f8bc788e002\\\",\\\"title\\\":\\\"Chelsea Football Club Soccer Ball\\\",\\\"description\\\":\\\"Gently used Chelsea Football Club soccer ball in excellent condition. Perfect for campus games or decor for passionate fans. Lightweight and durable, ensuring hours of play. A must-have for student soccer enthusiasts.\\\",\\\"price\\\":8.0,\\\"category\\\":\\\"Sports\\\",\\\"condition\\\":\\\"good\\\",\\\"sustainable\\\":false,\\\"images\\\":[\\\"/images/69d413af068a7f8bc788e000\\\"],\\\"seller_id\\\":\\\"69cbff634e6c645108f3c215\\\",\\\"status\\\":\\\"available\\\",\\\"views\\\":11,\\\"boosted_at\\\":null,\\\"created_at\\\":\\\"2026-04-06T20:12:40.297000\\\",\\\"updated_at\\\":\\\"2026-04-06T20:12:40.297000\\\",\\\"thumb_url\\\":null,\\\"is_favorited\\\":false},{\\\"id\\\":\\\"69d41152068a7f8bc788dfed\\\",\\\"title\\\":\\\"Orange Smartphone with Three Cameras\\\",\\\"description\\\":\\\"This stylish orange smartphone features a triple-camera system for high-quality photography. In excellent condition, it's perfect for capturing campus memories and staying connected. Sleek design and vibrant color make it stand out in any crowd.\\\",\\\"price\\\":1198.99,\\\"category\\\":\\\"Electronics\\\",\\\"condition\\\":\\\"good\\\",\\\"sustainable\\\":false,\\\"images\\\":[\\\"/images/69d3d177068a7f8bc788dfe4\\\"],\\\"seller_id\\\":\\\"69cbff634e6c645108f3c215\\\",\\\"status\\\":\\\"available\\\",\\\"views\\\":13,\\\"boosted_at\\\":null,\\\"created_at\\\":\\\"2026-04-06T20:02:26.920000\\\",\\\"updated_at\\\":\\\"2026-04-06T20:02:26.920000\\\",\\\"thumb_url\\\":null,\\\"is_favorited\\\":false},{\\\"id\\\":\\\"69cffbb9f680e295c22f07bd\\\",\\\"title\\\":\\\"harman kardon\\\",\\\"description\\\":\\\"very good\\\",\\\"price\\\":256.0,\\\"category\\\":\\\"Electronics\\\",\\\"condition\\\":\\\"good\\\",\\\"sustainable\\\":false,\\\"images\\\":[\\\"/images/69cffbb8f680e295c22f07b9\\\"],\\\"seller_id\\\":\\\"69cc1f83b5b0079a05e27728\\\",\\\"status\\\":\\\"available\\\",\\\"views\\\":3,\\\"boosted_at\\\":null,\\\"created_at\\\":\\\"2026-04-03T17:41:13.808000\\\",\\\"updated_at\\\":\\\"2026-04-03T17:41:13.808000\\\",\\\"thumb_url\\\":\\\"/images/69cffbb9f680e295c22f07bb\\\",\\\"is_favorited\\\":false},{\\\"id\\\":\\\"69cedba5f680e295c22f07a1\\\",\\\"title\\\":\\\"Multifunctional Kitchen Scissors\\\",\\\"description\\\":\\\"Gently used multifunctional kitchen scissors ideal for students. Features comfortable grip handles with sharp steel blades. Perfect for cutting various foods, herbs, and packaging. A versatile tool for any dorm kitchen.\\\",\\\"price\\\":5.03,\\\"category\\\":\\\"Kitchen\\\",\\\"condition\\\":\\\"good\\\",\\\"sustainable\\\":false,\\\"images\\\":[\\\"/images/69cedb38f680e295c22f079b\\\"],\\\"seller_id\\\":\\\"69cc18bdb3d0a34cc2856fb5\\\",\\\"status\\\":\\\"available\\\",\\\"views\\\":11,\\\"boosted_at\\\":null,\\\"created_at\\\":\\\"2026-04-02T21:12:05.200000\\\",\\\"updated_at\\\":\\\"2026-04-02T21:12:05.200000\\\",\\\"thumb_url\\\":null,\\\"is_favorited\\\":false},{\\\"id\\\":\\\"69cedad4f680e295c22f0796\\\",\\\"title\\\":\\\"Electric Crepe Maker with Accessories\\\",\\\"description\\\":\\\"Pre-owned electric crepe maker, ideal for creating delicious homemade crepes. It features adjustable temperature settings and comes with a wooden spreader. Perfect for students who love to cook and entertain friends. In good condition, ready for your next campus get-together.\\\",\\\"price\\\":39.5,\\\"category\\\":\\\"Kitchen\\\",\\\"condition\\\":\\\"good\\\",\\\"sustainable\\\":false,\\\"images\\\":[\\\"/images/69cedab7f680e295c22f0793\\\"],\\\"seller_id\\\":\\\"69cc18bdb3d0a34cc2856fb5\\\",\\\"status\\\":\\\"available\\\",\\\"views\\\":15,\\\"boosted_at\\\":null,\\\"created_at\\\":\\\"2026-04-02T21:08:36.776000\\\",\\\"updated_at\\\":\\\"2026-04-02T21:08:36.776000\\\",\\\"thumb_url\\\":null,\\\"is_favorited\\\":false},{\\\"id\\\":\\\"69ced856e72df647d88312b1\\\",\\\"title\\\":\\\"Compact Stainless Steel Deep Fryer\\\",\\\"description\\\":\\\"Lightly used compact deep fryer perfect for dorm cooking. Features adjustable temperature control and a spacious basket for easy frying. Ideal for students seeking convenient home-cooked meals. Stainless steel design ensures durability and easy cleaning, making it a great addition to any campus kitchen.\\\",\\\"price\\\":25.0,\\\"category\\\":\\\"Kitchen\\\",\\\"condition\\\":\\\"good\\\",\\\"sustainable\\\":false,\\\"images\\\":[\\\"/images/69ced851e72df647d88312ae\\\"],\\\"seller_id\\\":\\\"69caae08c46de1c5a4e48713\\\",\\\"status\\\":\\\"available\\\",\\\"views\\\":2,\\\"boosted_at\\\":null,\\\"created_at\\\":\\\"2026-04-02T20:57:58.270000\\\",\\\"updated_at\\\":\\\"2026-04-02T20:57:58.270000\\\",\\\"thumb_url\\\":null,\\\"is_favorited\\\":false},{\\\"id\\\":\\\"69ced78ff680e295c22f0788\\\",\\\"title\\\":\\\"Comfortable Single Mattress\\\",\\\"description\\\":\\\"Gently used single mattress in excellent condition, perfect for dorm rooms. Features a firm yet comfortable surface with a stylish quilted design. Ideal for students seeking an affordable and restful sleep solution. Easy to transport and fits most standard bed frames.\\\",\\\"price\\\":231.0,\\\"category\\\":\\\"Furniture\\\",\\\"condition\\\":\\\"good\\\",\\\"sustainable\\\":false,\\\"images\\\":[\\\"/images/69ced77df680e295c22f0786\\\"],\\\"seller_id\\\":\\\"69cc18bdb3d0a34cc2856fb5\\\",\\\"status\\\":\\\"available\\\",\\\"views\\\":9,\\\"boosted_at\\\":null,\\\"created_at\\\":\\\"2026-04-02T20:54:39.966000\\\",\\\"updated_at\\\":\\\"2026-04-02T20:54:39.966000\\\",\\\"thumb_url\\\":null,\\\"is_favorited\\\":false},{\\\"id\\\":\\\"69ced486f680e295c22f0780\\\",\\\"title\\\":\\\"Gundam RX-93 ν Model Kit\\\",\\\"description\\\":\\\"High-quality Gundam RX-93 ν model kit in excellent condition. Detailed design with intricate parts, perfect for collectors or enthusiasts. A striking addition to any room decor, ideal for students who appreciate sci-fi and anime culture.\\\",\\\"price\\\":800.0,\\\"category\\\":\\\"Other\\\",\\\"condition\\\":\\\"good\\\",\\\"sustainable\\\":false,\\\"images\\\":[\\\"/images/69ced47bf680e295c22f077e\\\"],\\\"seller_id\\\":\\\"69caae08c46de1c5a4e48713\\\",\\\"status\\\":\\\"available\\\",\\\"views\\\":13,\\\"boosted_at\\\":null,\\\"created_at\\\":\\\"2026-04-02T20:41:42.398000\\\",\\\"updated_at\\\":\\\"2026-04-06T02:23:00.559000\\\",\\\"thumb_url\\\":null,\\\"is_favorited\\\":false},{\\\"id\\\":\\\"69ced37df680e295c22f0775\\\",\\\"title\\\":\\\"Ultraman Tiga & Dyna Figures\\\",\\\"description\\\":\\\"Set of Ultraman Tiga and Dyna collectible figures in excellent condition. These iconic characters are perfect for students who love Japanese pop culture and superhero memorabilia. Compact and durable, they add flair to any dorm or study space.\\\",\\\"price\\\":135.0,\\\"category\\\":\\\"Other\\\",\\\"condition\\\":\\\"good\\\",\\\"sustainable\\\":false,\\\"images\\\":[\\\"/images/69ced36ff680e295c22f0773\\\"],\\\"seller_id\\\":\\\"69caae08c46de1c5a4e48713\\\",\\\"status\\\":\\\"reserved\\\",\\\"views\\\":44,\\\"boosted_at\\\":null,\\\"created_at\\\":\\\"2026-04-02T20:37:17.457000\\\",\\\"updated_at\\\":\\\"2026-04-06T20:11:58.480000\\\",\\\"thumb_url\\\":null,\\\"is_favorited\\\":false},{\\\"id\\\":\\\"69ced26be72df647d88312a7\\\",\\\"title\\\":\\\"Stylish Aviator Sunglasses\\\",\\\"description\\\":\\\"These aviator sunglasses feature a classic design perfect for campus life. With durable frames and tinted lenses, they offer both style and UV protection. Ideal for any student looking to enhance their look while staying cool outdoors.\\\",\\\"price\\\":150.0,\\\"category\\\":\\\"Other\\\",\\\"condition\\\":\\\"good\\\",\\\"sustainable\\\":false,\\\"images\\\":[\\\"/images/69ced25be72df647d88312a5\\\"],\\\"seller_id\\\":\\\"69caae08c46de1c5a4e48713\\\",\\\"status\\\":\\\"available\\\",\\\"views\\\":15,\\\"boosted_at\\\":null,\\\"created_at\\\":\\\"2026-04-02T20:32:43.855000\\\",\\\"updated_at\\\":\\\"2026-04-02T20:32:43.855000\\\",\\\"thumb_url\\\":null,\\\"is_favorited\\\":false},{\\\"id\\\":\\\"69ced150f680e295c22f0760\\\",\\\"title\\\":\\\"Colorful Refillable Lighters Set\\\",\\\"description\\\":\\\"Set of five colorful refillable lighters in excellent condition. Ideal for students who enjoy camping, outdoor events, or need a reliable flame source on campus. Compact and portable with a sleek design.\\\",\\\"price\\\":1.0,\\\"category\\\":\\\"Other\\\",\\\"condition\\\":\\\"good\\\",\\\"sustainable\\\":false,\\\"images\\\":[\\\"/images/69ced14af680e295c22f075e\\\"],\\\"seller_id\\\":\\\"69cc1f83b5b0079a05e27728\\\",\\\"status\\\":\\\"available\\\",\\\"views\\\":3,\\\"boosted_at\\\":null,\\\"created_at\\\":\\\"2026-04-02T20:28:00.108000\\\",\\\"updated_at\\\":\\\"2026-04-02T20:28:00.108000\\\",\\\"thumb_url\\\":null,\\\"is_favorited\\\":false},{\\\"id\\\":\\\"69cecf70f680e295c22f0747\\\",\\\"title\\\":\\\"Non-Stick Rice Paddle\\\",\\\"description\\\":\\\"Lightweight non-stick rice paddle in excellent condition. Features a textured surface to prevent sticking, ideal for easy serving. A must-have for student kitchens and essential for quick meal prep. Easy to clean and store with convenient hanging hole.\\\",\\\"price\\\":5.0,\\\"category\\\":\\\"Kitchen\\\",\\\"condition\\\":\\\"good\\\",\\\"sustainable\\\":false,\\\"images\\\":[\\\"/images/69cecf67f680e295c22f0745\\\"],\\\"seller_id\\\":\\\"69cc18bdb3d0a34cc2856fb5\\\",\\\"status\\\":\\\"reserved\\\",\\\"views\\\":3,\\\"boosted_at\\\":null,\\\"created_at\\\":\\\"2026-04-02T20:20:00.390000\\\",\\\"updated_at\\\":\\\"2026-04-02T20:22:52.315000\\\",\\\"thumb_url\\\":null,\\\"is_favorited\\\":false},{\\\"id\\\":\\\"69cecf23f680e295c22f073f\\\",\\\"title\\\":\\\"Mountain Bike with Lock\\\",\\\"description\\\":\\\"Sturdy mountain bike in excellent condition, perfect for campus commuting. Features a comfortable seat and durable frame. Includes a secure lock, offering students an affordable and eco-friendly transportation option.\\\",\\\"price\\\":100.0,\\\"category\\\":\\\"Sports\\\",\\\"condition\\\":\\\"good\\\",\\\"sustainable\\\":false,\\\"images\\\":[\\\"/images/69cecf17f680e295c22f073d\\\"],\\\"seller_id\\\":\\\"69cc1f83b5b0079a05e27728\\\",\\\"status\\\":\\\"reserved\\\",\\\"views\\\":6,\\\"boosted_at\\\":null,\\\"created_at\\\":\\\"2026-04-02T20:18:43.001000\\\",\\\"updated_at\\\":\\\"2026-04-02T20:23:02.274000\\\",\\\"thumb_url\\\":null,\\\"is_favorited\\\":false},{\\\"id\\\":\\\"69cece9bf680e295c22f0736\\\",\\\"title\\\":\\\"Russell Hobbs Rice Cooker with Steamer\\\",\\\"description\\\":\\\"Gently used Russell Hobbs rice cooker perfect for quick meals. Includes a built-in steamer, ideal for healthy student cooking. Compact design fits easily in dorm rooms. In good working condition with all accessories included.\\\",\\\"price\\\":15.0,\\\"category\\\":\\\"Kitchen\\\",\\\"condition\\\":\\\"good\\\",\\\"sustainable\\\":true,\\\"images\\\":[\\\"/images/69cece8af680e295c22f0734\\\"],\\\"seller_id\\\":\\\"69cc18bdb3d0a34cc2856fb5\\\",\\\"status\\\":\\\"available\\\",\\\"views\\\":1,\\\"boosted_at\\\":null,\\\"created_at\\\":\\\"2026-04-02T20:16:27.821000\\\",\\\"updated_at\\\":\\\"2026-04-02T20:16:27.821000\\\",\\\"thumb_url\\\":null,\\\"is_favorited\\\":false},{\\\"id\\\":\\\"69cecaae7aba662dc7975084\\\",\\\"title\\\":\\\"Chanel No. 5 Eau de Parfum\\\",\\\"description\\\":\\\"Classic Chanel No. 5 Eau de Parfum, lightly used. Timeless floral fragrance perfect for daily wear and special occasions. Ideal for students looking to elevate their style with a touch of sophistication. Elegant bottle design adds a classy touch to any vanity.\\\",\\\"price\\\":156.0,\\\"category\\\":\\\"Other\\\",\\\"condition\\\":\\\"good\\\",\\\"sustainable\\\":false,\\\"images\\\":[\\\"/images/69ceca8b7aba662dc7975081\\\"],\\\"seller_id\\\":\\\"69cc1f83b5b0079a05e27728\\\",\\\"status\\\":\\\"available\\\",\\\"views\\\":4,\\\"boosted_at\\\":null,\\\"created_at\\\":\\\"2026-04-02T19:59:42.411000\\\",\\\"updated_at\\\":\\\"2026-04-02T19:59:42.411000\\\",\\\"thumb_url\\\":null,\\\"is_favorited\\\":false},{\\\"id\\\":\\\"69cd623fe77a0365c7d69d47\\\",\\\"title\\\":\\\"Apple MacBook Air 2023\\\",\\\"description\\\":\\\"Sleek Apple MacBook Air 2023 in excellent condition. Features vibrant Retina display, long battery life, and lightweight design. Perfect for students needing portability and performance for studies and entertainment. Ideal for lectures, assignments, and creative projects.\\\",\\\"price\\\":360.0,\\\"category\\\":\\\"Electronics\\\",\\\"condition\\\":\\\"good\\\",\\\"sustainable\\\":true,\\\"images\\\":[\\\"/images/69cd6228e77a0365c7d69d44\\\"],\\\"seller_id\\\":\\\"69cc1f83b5b0079a05e27728\\\",\\\"status\\\":\\\"available\\\",\\\"views\\\":51,\\\"boosted_at\\\":null,\\\"created_at\\\":\\\"2026-04-01T18:21:51.412000\\\",\\\"updated_at\\\":\\\"2026-04-01T18:21:51.412000\\\",\\\"thumb_url\\\":null,\\\"is_favorited\\\":false},{\\\"id\\\":\\\"69cc22b1fb9e1145a29af643\\\",\\\"title\\\":\\\"Designer Monogram Backpack\\\",\\\"description\\\":\\\"Pre-owned designer backpack in good condition. Stylish monogram pattern with adjustable straps and multiple compartments for a laptop and books. Ideal for students seeking a trendy and functional bag for campus life.\\\",\\\"price\\\":3049.98,\\\"category\\\":\\\"Other\\\",\\\"condition\\\":\\\"good\\\",\\\"sustainable\\\":false,\\\"images\\\":[\\\"/images/69cc22aefb9e1145a29af63b\\\"],\\\"seller_id\\\":\\\"69caae08c46de1c5a4e48713\\\",\\\"status\\\":\\\"available\\\",\\\"views\\\":5,\\\"boosted_at\\\":null,\\\"created_at\\\":\\\"2026-03-31T19:38:25.042000\\\",\\\"updated_at\\\":\\\"2026-03-31T19:38:25.042000\\\",\\\"thumb_url\\\":null,\\\"is_favorited\\\":false},{\\\"id\\\":\\\"69cc217cfb9e1145a29af638\\\",\\\"title\\\":\\\"Stylish Denim Designer Handbag\\\",\\\"description\\\":\\\"Gently used designer handbag featuring a trendy denim look with gold hardware. Perfect for students who appreciate fashion and need a spacious, stylish bag for campus essentials. Includes external pockets for easy access and a comfortable strap for daily use.\\\",\\\"price\\\":2970.0,\\\"category\\\":\\\"Clothing\\\",\\\"condition\\\":\\\"good\\\",\\\"sustainable\\\":false,\\\"images\\\":[\\\"/images/69cc216efb9e1145a29af632\\\"],\\\"seller_id\\\":\\\"69caae08c46de1c5a4e48713\\\",\\\"status\\\":\\\"available\\\",\\\"views\\\":6,\\\"boosted_at\\\":null,\\\"created_at\\\":\\\"2026-03-31T19:33:16.529000\\\",\\\"updated_at\\\":\\\"2026-03-31T19:33:16.529000\\\",\\\"thumb_url\\\":null,\\\"is_favorited\\\":false},{\\\"id\\\":\\\"69cc1e49fb9e1145a29af62f\\\",\\\"title\\\":\\\"Luxury Blue Monogram Backpack\\\",\\\"description\\\":\\\"This luxury backpack features a stylish blue monogram design, perfect for carrying essentials around campus. With durable straps, multiple compartments, and excellent condition, it offers both function and style for students. Ideal for daily use with plenty of storage space.\\\",\\\"price\\\":2750.0,\\\"category\\\":\\\"Other\\\",\\\"condition\\\":\\\"good\\\",\\\"sustainable\\\":false,\\\"images\\\":[\\\"/images/69cc1e45fb9e1145a29af627\\\"],\\\"seller_id\\\":\\\"69caae08c46de1c5a4e48713\\\",\\\"status\\\":\\\"available\\\",\\\"views\\\":31,\\\"boosted_at\\\":null,\\\"created_at\\\":\\\"2026-03-31T19:19:37.826000\\\",\\\"updated_at\\\":\\\"2026-03-31T19:19:37.826000\\\",\\\"thumb_url\\\":null,\\\"is_favorited\\\":false}]\",\n  \"Response Headers\": {\n    \"date\": \"Mon, 04 May 2026 19:41:10 GMT\",\n    \"server\": \"uvicorn\",\n    \"content-length\": \"16774\",\n    \"content-type\": \"application/json\"\n  },\n  \"Response Status\": 200\n}\n        ]\n      }\n    }\n  ]\n}\n\n\nhttps://on.cypress.io/request\n    at <unknown> (http://localhost:5173/__cypress/runner/cypress_runner.js:136585:72)\n    at tryCatcher (http://localhost:5173/__cypress/runner/cypress_runner.js:1777:23)\n    at Promise._settlePromiseFromHandler (http://localhost:5173/__cypress/runner/cypress_runner.js:1489:31)\n    at Promise._settlePromise (http://localhost:5173/__cypress/runner/cypress_runner.js:1546:18)\n    at Promise._settlePromise0 (http://localhost:5173/__cypress/runner/cypress_runner.js:1591:10)\n    at Promise._settlePromises (http://localhost:5173/__cypress/runner/cypress_runner.js:1671:18)\n    at _drainQueueStep (http://localhost:5173/__cypress/runner/cypress_runner.js:2377:12)\n    at _drainQueue (http://localhost:5173/__cypress/runner/cypress_runner.js:2370:9)\n    at Async._drainQueues (http://localhost:5173/__cypress/runner/cypress_runner.js:2386:5)\n    at Async.drainQueues (http://localhost:5173/__cypress/runner/cypress_runner.js:2256:14)\nFrom Your Spec Code:\n    at Context.eval (webpack://frontend/./cypress/e2e/order.cy.js:171:9)\n    at getRet (http://localhost:5173/__cypress/runner/cypress_runner.js:122944:20)\n    at tryCatcher (http://localhost:5173/__cypress/runner/cypress_runner.js:1777:23)\n    at Promise.attempt.Promise.try (http://localhost:5173/__cypress/runner/cypress_runner.js:4285:29)\n    at Context.thenFn (http://localhost:5173/__cypress/runner/cypress_runner.js:122955:66)\n    at Context.then (http://localhost:5173/__cypress/runner/cypress_runner.js:123206:21)\n    at wrapped (http://localhost:5173/__cypress/runner/cypress_runner.js:146482:19)",
                "diff": null
              },
              "uuid": "34f81471-66c3-4743-a748-7245858a4d74",
              "parentUUID": "6be0ad75-3d02-4ec6-a9e5-03f7ea3b4df1",
              "isHook": false,
              "skipped": false
            }
          ],
          "suites": [],
          "passes": [
            "7724ce35-12b8-40b0-87a7-a088657e0af5"
          ],
          "failures": [
            "8e12b887-8b52-464a-bdfc-e85e64b2f3a1",
            "34f81471-66c3-4743-a748-7245858a4d74"
          ],
          "pending": [],
          "skipped": [],
          "duration": 6639,
          "root": false,
          "rootEmpty": false,
          "_timeout": 2000
        }
      ],
      "passes": [],
      "failures": [],
      "pending": [],
      "skipped": [],
      "duration": 0,
      "root": true,
      "rootEmpty": true,
      "_timeout": 2000
    }
  ],
  "meta": {
    "mocha": {
      "version": "7.2.0"
    },
    "mochawesome": {
      "options": {
        "quiet": false,
        "reportFilename": "mochawesome",
        "saveHtml": false,
        "saveJson": true,
        "consoleReporter": "spec",
        "useInlineDiffs": false,
        "code": true
      },
      "version": "7.1.4"
    },
    "marge": {
      "options": {
        "reportDir": "cypress/reports",
        "overwrite": false,
        "html": false,
        "json": true
      },
      "version": "6.3.2"
    }
  }
}