{
  "stats": {
    "suites": 1,
    "tests": 4,
    "passes": 4,
    "pending": 0,
    "failures": 0,
    "start": "2026-05-20T19:58:54.915Z",
    "end": "2026-05-20T19:58:59.004Z",
    "duration": 4089,
    "testsRegistered": 4,
    "passPercent": 100,
    "pendingPercent": 0,
    "other": 0,
    "hasOther": false,
    "skipped": 0,
    "hasSkipped": false
  },
  "results": [
    {
      "uuid": "5261e3a5-698e-4901-85a5-6f3253c6df97",
      "title": "",
      "fullFile": "cypress/e2e/login.cy.js",
      "file": "cypress/e2e/login.cy.js",
      "beforeHooks": [],
      "afterHooks": [],
      "tests": [],
      "suites": [
        {
          "uuid": "d59af5af-26e4-47ae-ba6b-0b9dc49ddb98",
          "title": "Login workflow",
          "fullFile": "",
          "file": "",
          "beforeHooks": [],
          "afterHooks": [],
          "tests": [
            {
              "title": "happy path: correct credentials log in and redirect home",
              "fullTitle": "Login workflow happy path: correct credentials log in and redirect home",
              "timedOut": null,
              "duration": 1334,
              "state": "passed",
              "speed": "fast",
              "pass": true,
              "fail": false,
              "pending": false,
              "context": null,
              "code": "cy.intercept('POST', '**/auth/login').as('login');\ncy.visit('/login');\ncy.get('input[placeholder*=\"university email\"]').type(Cypress.env('testEmail'));\ncy.get('input[placeholder*=\"••\"]').type(Cypress.env('testPassword'));\ncy.contains('button', /Sign in/i).click();\ncy.wait('@login').then(interception => {\n  expect(interception.response.statusCode).to.eq(200);\n  expect(interception.response.body.access_token).to.be.a('string');\n  expect(interception.response.body.user.email).to.eq(Cypress.env('testEmail'));\n});\n// 登录成功后 token 应进 storage（默认 sessionStorage，rememberMe=true 时进 localStorage）\ncy.window().then(win => {\n  const token = win.sessionStorage.getItem('token') || win.localStorage.getItem('token');\n  expect(token, 'token in storage').to.match(/^eyJ/);\n});\n// 应跳转到首页（或某个已登录页面）\ncy.url({\n  timeout: 6000\n}).should('not.include', '/login');",
              "err": {},
              "uuid": "99abc600-9659-4c2d-8706-be6c74675129",
              "parentUUID": "d59af5af-26e4-47ae-ba6b-0b9dc49ddb98",
              "isHook": false,
              "skipped": false
            },
            {
              "title": "rejects wrong password (HTTP 401)",
              "fullTitle": "Login workflow rejects wrong password (HTTP 401)",
              "timedOut": null,
              "duration": 1181,
              "state": "passed",
              "speed": "fast",
              "pass": true,
              "fail": false,
              "pending": false,
              "context": null,
              "code": "cy.intercept('POST', '**/auth/login').as('login');\ncy.visit('/login');\ncy.get('input[placeholder*=\"university email\"]').type(Cypress.env('testEmail'));\ncy.get('input[placeholder*=\"••\"]').type('WrongPassword999!');\ncy.contains('button', /Sign in/i).click();\ncy.wait('@login').then(interception => {\n  expect(interception.response.statusCode).to.eq(401);\n});\n// 错误信息应显示\ncy.contains(/Invalid|Incorrect|wrong|password/i, {\n  timeout: 5000\n}).should('be.visible');\n// 任何 storage 都不应有 token\ncy.window().then(win => {\n  expect(win.localStorage.getItem('token')).to.be.null;\n  expect(win.sessionStorage.getItem('token')).to.be.null;\n});",
              "err": {},
              "uuid": "be09b9e7-84c1-433c-800e-723bf65f48dd",
              "parentUUID": "d59af5af-26e4-47ae-ba6b-0b9dc49ddb98",
              "isHook": false,
              "skipped": false
            },
            {
              "title": "rejects unknown email (HTTP 401)",
              "fullTitle": "Login workflow rejects unknown email (HTTP 401)",
              "timedOut": null,
              "duration": 1109,
              "state": "passed",
              "speed": "fast",
              "pass": true,
              "fail": false,
              "pending": false,
              "context": null,
              "code": "cy.intercept('POST', '**/auth/login').as('login');\ncy.visit('/login');\ncy.get('input[placeholder*=\"university email\"]').type('definitelydoesnotexist@university.edu');\ncy.get('input[placeholder*=\"••\"]').type('Password123!');\ncy.contains('button', /Sign in/i).click();\ncy.wait('@login').then(interception => {\n  expect(interception.response.statusCode).to.eq(401);\n});\ncy.contains(/Invalid|Incorrect/i, {\n  timeout: 5000\n}).should('be.visible');",
              "err": {},
              "uuid": "dafdf2a4-e0be-46f4-ac4c-3183768b02d2",
              "parentUUID": "d59af5af-26e4-47ae-ba6b-0b9dc49ddb98",
              "isHook": false,
              "skipped": false
            },
            {
              "title": "preserves token across page reloads (session persistence)",
              "fullTitle": "Login workflow preserves token across page reloads (session persistence)",
              "timedOut": null,
              "duration": 393,
              "state": "passed",
              "speed": "fast",
              "pass": true,
              "fail": false,
              "pending": false,
              "context": null,
              "code": "cy.loginAsTestUser();\ncy.visit('/');\ncy.window().then(win => {\n  expect(win.localStorage.getItem('token')).to.match(/^eyJ/);\n});\n// reload — token 应仍在\ncy.reload();\ncy.window().then(win => {\n  expect(win.localStorage.getItem('token')).to.match(/^eyJ/);\n});",
              "err": {},
              "uuid": "a727008e-c952-456d-b600-c02d3b420660",
              "parentUUID": "d59af5af-26e4-47ae-ba6b-0b9dc49ddb98",
              "isHook": false,
              "skipped": false
            }
          ],
          "suites": [],
          "passes": [
            "99abc600-9659-4c2d-8706-be6c74675129",
            "be09b9e7-84c1-433c-800e-723bf65f48dd",
            "dafdf2a4-e0be-46f4-ac4c-3183768b02d2",
            "a727008e-c952-456d-b600-c02d3b420660"
          ],
          "failures": [],
          "pending": [],
          "skipped": [],
          "duration": 4017,
          "root": false,
          "rootEmpty": false,
          "_timeout": 2000
        }
      ],
      "passes": [],
      "failures": [],
      "pending": [],
      "skipped": [],
      "duration": 0,
      "root": true,
      "rootEmpty": true,
      "_timeout": 2000
    }
  ],
  "meta": {
    "mocha": {
      "version": "7.2.0"
    },
    "mochawesome": {
      "options": {
        "quiet": false,
        "reportFilename": "mochawesome",
        "saveHtml": false,
        "saveJson": true,
        "consoleReporter": "spec",
        "useInlineDiffs": false,
        "code": true
      },
      "version": "7.1.4"
    },
    "marge": {
      "options": {
        "reportDir": "cypress/reports",
        "overwrite": false,
        "html": false,
        "json": true,
        "reportFilename": "mochawesome"
      },
      "version": "6.3.2"
    }
  }
}