{
  "stats": {
    "suites": 1,
    "tests": 2,
    "passes": 2,
    "pending": 0,
    "failures": 0,
    "start": "2026-05-20T19:58:50.082Z",
    "end": "2026-05-20T19:58:54.314Z",
    "duration": 4232,
    "testsRegistered": 2,
    "passPercent": 100,
    "pendingPercent": 0,
    "other": 0,
    "hasOther": false,
    "skipped": 0,
    "hasSkipped": false
  },
  "results": [
    {
      "uuid": "3bb981ce-3789-4f89-b5b7-ddf356378cc1",
      "title": "",
      "fullFile": "cypress/e2e/ai_listing.cy.js",
      "file": "cypress/e2e/ai_listing.cy.js",
      "beforeHooks": [],
      "afterHooks": [],
      "tests": [],
      "suites": [
        {
          "uuid": "342ef40f-7681-4d19-895a-4fdb0da654cd",
          "title": "AI Listing workflow",
          "fullFile": "",
          "file": "",
          "beforeHooks": [],
          "afterHooks": [],
          "tests": [
            {
              "title": "unauthenticated user is redirected away from /publish",
              "fullTitle": "AI Listing workflow unauthenticated user is redirected away from /publish",
              "timedOut": null,
              "duration": 274,
              "state": "passed",
              "speed": "fast",
              "pass": true,
              "fail": false,
              "pending": false,
              "context": null,
              "code": "cy.visit('/publish');\ncy.url({\n  timeout: 6000\n}).should('match', /login|home|\\/$/);",
              "err": {},
              "uuid": "87affcb5-3f39-49cb-9b78-89af464e3206",
              "parentUUID": "342ef40f-7681-4d19-895a-4fdb0da654cd",
              "isHook": false,
              "skipped": false
            },
            {
              "title": "verified user uploads image → AI fills form → publish succeeds",
              "fullTitle": "AI Listing workflow verified user uploads image → AI fills form → publish succeeds",
              "timedOut": null,
              "duration": 3920,
              "state": "passed",
              "speed": "fast",
              "pass": true,
              "fail": false,
              "pending": false,
              "context": null,
              "code": "cy.intercept('POST', '**/ai/analyze-and-save').as('aiSave');\n// POST /products 或 POST /products/with-image（** 同时匹配两者）\ncy.intercept('POST', '**/products**').as('createProduct');\ncy.loginAsTestUser().then(() => {\n  cy.visit('/publish');\n  // 上传图片到 AI 卡片的隐藏 input\n  cy.get('input[type=file]').first().selectFile('cypress/fixtures/test_product.png', {\n    force: true\n  });\n  // 点击 AI Smart Publish\n  cy.contains('button', /AI Smart Publish/i).should('be.visible').click();\n  // 等真实 OpenAI 响应（最多 30s 留出网络余量；耗时<8s 单独断言）\n  cy.wait('@aiSave', {\n    timeout: 30000\n  }).then(interception => {\n    var _interception$respons, _interception$respons2, _interception$respons3;\n    expect(interception.response.statusCode).to.eq(200);\n    const body = interception.response.body || {};\n    const data = body.data || {};\n    expect(data).to.include.keys('title', 'description', 'category');\n    // CA2 性能目标：AI 响应 < 8s\n    const elapsed = ((_interception$respons = interception.response.headers) === null || _interception$respons === void 0 ? void 0 : _interception$respons['x-response-time-ms']) && Number(interception.response.headers['x-response-time-ms']) || ((_interception$respons2 = (_interception$respons3 = interception.response) === null || _interception$respons3 === void 0 ? void 0 : _interception$respons3.duration) !== null && _interception$respons2 !== void 0 ? _interception$respons2 : 0);\n    if (elapsed) {\n      expect(elapsed, 'AI response time (ms)').to.be.lessThan(8000);\n    }\n  });\n  // 后端可能因低置信度弹出 \"Confirm AI Result\" 模态；若有就点 Apply to Form\n  cy.get('body').then($body => {\n    if ($body.find(':contains(\"Confirm AI Result\")').length) {\n      cy.contains('button', /Apply to Form/i).click();\n    }\n  });\n  // 表单 title 应被 AI 数据填充\n  cy.get('input[placeholder=\"Product title\"]', {\n    timeout: 8000\n  }).should('not.have.value', '');\n  // 价格手填（AI 不返回价格）\n  cy.get('input[placeholder=\"0.00\"]').clear().type('29.99');\n  // 提交\n  cy.contains('button', /Confirm.*Publish/i).click();\n  cy.wait('@createProduct', {\n    timeout: 15000\n  }).then(interception => {\n    expect([200, 201]).to.include(interception.response.statusCode);\n  });\n});",
              "err": {},
              "uuid": "06fd31c9-e581-4c58-8915-071b996d82a3",
              "parentUUID": "342ef40f-7681-4d19-895a-4fdb0da654cd",
              "isHook": false,
              "skipped": false
            }
          ],
          "suites": [],
          "passes": [
            "87affcb5-3f39-49cb-9b78-89af464e3206",
            "06fd31c9-e581-4c58-8915-071b996d82a3"
          ],
          "failures": [],
          "pending": [],
          "skipped": [],
          "duration": 4194,
          "root": false,
          "rootEmpty": false,
          "_timeout": 2000
        }
      ],
      "passes": [],
      "failures": [],
      "pending": [],
      "skipped": [],
      "duration": 0,
      "root": true,
      "rootEmpty": true,
      "_timeout": 2000
    }
  ],
  "meta": {
    "mocha": {
      "version": "7.2.0"
    },
    "mochawesome": {
      "options": {
        "quiet": false,
        "reportFilename": "mochawesome",
        "saveHtml": false,
        "saveJson": true,
        "consoleReporter": "spec",
        "useInlineDiffs": false,
        "code": true
      },
      "version": "7.1.4"
    },
    "marge": {
      "options": {
        "reportDir": "cypress/reports",
        "overwrite": false,
        "html": false,
        "json": true,
        "reportFilename": "mochawesome"
      },
      "version": "6.3.2"
    }
  }
}