<?xml version="1.0" encoding="utf-8"?><testsuites name="pytest tests"><testsuite name="pytest" errors="0" failures="0" skipped="0" tests="328" time="68.654" timestamp="2026-05-04T19:38:26.661302+01:00" hostname="wcydeMacBook-Pro.local"><testcase classname="tests.test_admin.TestAdminPermissionIsolation" name="test_non_admin_cannot_list_users" time="0.195" /><testcase classname="tests.test_admin.TestAdminPermissionIsolation" name="test_non_admin_cannot_ban" time="0.177" /><testcase classname="tests.test_admin.TestAdminPermissionIsolation" name="test_non_admin_cannot_takedown" time="0.177" /><testcase classname="tests.test_admin.TestAdminPermissionIsolation" name="test_non_admin_cannot_list_reports" time="0.176" /><testcase classname="tests.test_admin.TestAdminPermissionIsolation" name="test_non_admin_cannot_review_product" time="0.176" /><testcase classname="tests.test_admin.TestAdminPermissionIsolation" name="test_anonymous_request_blocked" time="0.001" /><testcase classname="tests.test_admin.TestListUsers" name="test_list_users_success" time="0.354" /><testcase classname="tests.test_admin.TestListUsers" name="test_list_users_search" time="0.352" /><testcase classname="tests.test_admin.TestListUsers" name="test_list_users_pagination" time="1.053" /><testcase classname="tests.test_admin.TestBanUnbanUser" name="test_ban_user_success" time="0.352" /><testcase classname="tests.test_admin.TestBanUnbanUser" name="test_admin_cannot_ban_self" time="0.176" /><testcase classname="tests.test_admin.TestBanUnbanUser" name="test_ban_unknown_user_returns_404" time="0.176" /><testcase classname="tests.test_admin.TestBanUnbanUser" name="test_ban_invalid_user_id" time="0.176" /><testcase classname="tests.test_admin.TestBanUnbanUser" name="test_unban_user_success" time="0.351" /><testcase classname="tests.test_admin.TestSetUserRole" name="test_set_role_success" time="0.352" /><testcase classname="tests.test_admin.TestSetUserRole" name="test_admin_cannot_change_own_role" time="0.176" /><testcase classname="tests.test_admin.TestSetUserRole" name="test_invalid_role_rejected" time="0.351" /><testcase classname="tests.test_admin.TestSetUserVerified" name="test_admin_can_verify_user" time="0.351" /><testcase classname="tests.test_admin.TestSetUserVerified" name="test_admin_can_unverify_user" time="0.351" /><testcase classname="tests.test_admin.TestAdminListProducts" name="test_list_returns_paginated_products" time="0.354" /><testcase classname="tests.test_admin.TestAdminListProducts" name="test_list_filtered_by_status" time="0.352" /><testcase classname="tests.test_admin.TestAdminListProducts" name="test_pending_list_only_returns_pending" time="0.353" /><testcase classname="tests.test_admin.TestTakedownRestore" name="test_takedown_success" time="0.353" /><testcase classname="tests.test_admin.TestTakedownRestore" name="test_cannot_takedown_already_removed" time="0.352" /><testcase classname="tests.test_admin.TestTakedownRestore" name="test_takedown_not_found" time="0.177" /><testcase classname="tests.test_admin.TestTakedownRestore" name="test_restore_success" time="0.355" /><testcase classname="tests.test_admin.TestTakedownRestore" name="test_cannot_restore_non_removed" time="0.352" /><testcase classname="tests.test_admin.TestAdminReports" name="test_list_reports" time="0.529" /><testcase classname="tests.test_admin.TestAdminReports" name="test_list_reports_filter_by_status" time="0.527" /><testcase classname="tests.test_admin.TestAdminReports" name="test_resolve_report_takedown_action" time="0.527" /><testcase classname="tests.test_admin.TestAdminReports" name="test_resolve_report_dismissed_action" time="0.527" /><testcase classname="tests.test_admin.TestAdminReports" name="test_resolve_invalid_status" time="0.526" /><testcase classname="tests.test_admin.TestReviewProduct" name="test_approve_pending_product" time="0.352" /><testcase classname="tests.test_admin.TestReviewProduct" name="test_reject_pending_product" time="0.351" /><testcase classname="tests.test_admin.TestReviewProduct" name="test_review_invalid_action" time="0.351" /><testcase classname="tests.test_admin.TestReviewProduct" name="test_cannot_review_non_pending_product" time="0.351" /><testcase classname="tests.test_admin.TestAdminNotificationSideEffects" name="test_takedown_notifies_seller" time="0.351" /><testcase classname="tests.test_admin.TestAdminNotificationSideEffects" name="test_restore_notifies_seller" time="0.351" /><testcase classname="tests.test_admin.TestAdminNotificationSideEffects" name="test_resolve_report_takedown_notifies_seller" time="0.527" /><testcase classname="tests.test_admin.TestAdminNotificationSideEffects" name="test_review_approve_notifies_seller" time="0.352" /><testcase classname="tests.test_admin.TestAdminNotificationSideEffects" name="test_review_reject_notifies_seller" time="0.351" /><testcase classname="tests.test_ai.TestAIUsage" name="test_usage_when_no_calls" time="0.176" /><testcase classname="tests.test_ai.TestAIUsage" name="test_usage_reflects_count" time="0.176" /><testcase classname="tests.test_ai.TestAIUsage" name="test_usage_at_quota_boundary_19_to_20" time="0.177" /><testcase classname="tests.test_ai.TestAIUsage" name="test_usage_resets_across_days" time="0.179" /><testcase classname="tests.test_ai.TestAIUsage" name="test_usage_invalid_user_id_returns_401" time="0.177" /><testcase classname="tests.test_ai.TestAnalyzeImage" name="test_analyze_success" time="0.176" /><testcase classname="tests.test_ai.TestAnalyzeImage" name="test_analyze_invalid_extension" time="0.176" /><testcase classname="tests.test_ai.TestAnalyzeImage" name="test_analyze_quota_exceeded" time="0.176" /><testcase classname="tests.test_ai.TestAnalyzeImage" name="test_analyze_unverified_user_forbidden" time="0.176" /><testcase classname="tests.test_ai.TestAnalyzeImage" name="test_analyze_returns_500_on_ai_failure" time="0.177" /><testcase classname="tests.test_ai.TestAnalyzeImage" name="test_analyze_oversized_file_returns_413" time="0.196" /><testcase classname="tests.test_ai.TestAnalyzeAndSave" name="test_analyze_and_save_success" time="0.176" /><testcase classname="tests.test_ai.TestAnalyzeAndSave" name="test_analyze_and_save_invalid_extension" time="0.177" /><testcase classname="tests.test_ai.TestAnalyzeAndSave" name="test_analyze_and_save_quota_exceeded" time="0.176" /><testcase classname="tests.test_ai.TestAnalyzeAndSave" name="test_analyze_and_save_unverified_user_forbidden" time="0.176" /><testcase classname="tests.test_ai.TestAnalyzeAndSave" name="test_analyze_and_save_returns_500_on_ai_failure" time="0.176" /><testcase classname="tests.test_ai.TestAnalyzeAndSave" name="test_analyze_and_save_oversized_file_returns_413" time="0.192" /><testcase classname="tests.test_ai.TestAnalyzeAndSave" name="test_analyze_and_save_gridfs_failure_returns_500" time="0.177" /><testcase classname="tests.test_ai.TestAICategories" name="test_returns_category_list" time="0.001" /><testcase classname="tests.test_auth.TestRegister" name="test_register_success" time="0.180" /><testcase classname="tests.test_auth.TestRegister" name="test_register_rejects_non_university_email" time="0.001" /><testcase classname="tests.test_auth.TestRegister" name="test_register_duplicate_verified_email_fails" time="0.176" /><testcase classname="tests.test_auth.TestRegister" name="test_register_duplicate_username_fails" time="0.176" /><testcase classname="tests.test_auth.TestSendVerificationCode" name="test_send_code_for_unverified_user_succeeds" time="0.177" /><testcase classname="tests.test_auth.TestSendVerificationCode" name="test_send_code_for_unknown_email_returns_404" time="0.001" /><testcase classname="tests.test_auth.TestSendVerificationCode" name="test_send_code_for_already_verified_returns_message" time="0.176" /><testcase classname="tests.test_auth.TestVerifyEmail" name="test_verify_email_success" time="0.177" /><testcase classname="tests.test_auth.TestVerifyEmail" name="test_verify_email_wrong_code_fails" time="0.176" /><testcase classname="tests.test_auth.TestVerifyEmail" name="test_verify_email_invalid_format" time="0.176" /><testcase classname="tests.test_auth.TestLogin" name="test_login_success" time="0.352" /><testcase classname="tests.test_auth.TestLogin" name="test_login_wrong_password" time="0.351" /><testcase classname="tests.test_auth.TestLogin" name="test_login_unverified_email_rejected" time="0.176" /><testcase classname="tests.test_auth.TestLogin" name="test_login_unknown_email" time="0.001" /><testcase classname="tests.test_auth.TestLogin" name="test_login_banned_account" time="0.176" /><testcase classname="tests.test_auth.TestGetMe" name="test_get_me_with_valid_token" time="0.176" /><testcase classname="tests.test_auth.TestGetMe" name="test_get_me_without_token_returns_401_or_403" time="0.001" /><testcase classname="tests.test_auth.TestGetMe" name="test_get_me_with_bad_token" time="0.001" /><testcase classname="tests.test_auth.TestUpdateMe" name="test_update_username" time="0.176" /><testcase classname="tests.test_auth.TestUpdateMe" name="test_update_username_conflict" time="0.351" /><testcase classname="tests.test_auth.TestChangePassword" name="test_change_password_success" time="0.702" /><testcase classname="tests.test_auth.TestChangePassword" name="test_change_password_wrong_old" time="0.351" /><testcase classname="tests.test_auth.TestPublicUser" name="test_public_user_success" time="0.178" /><testcase classname="tests.test_auth.TestPublicUser" name="test_public_user_invalid_id" time="0.001" /><testcase classname="tests.test_auth.TestPublicUser" name="test_public_user_not_found" time="0.002" /><testcase classname="tests.test_auth.TestPasswordReset" name="test_forgot_password_always_returns_200" time="0.178" /><testcase classname="tests.test_auth.TestPasswordReset" name="test_forgot_password_unknown_email_also_200" time="0.001" /><testcase classname="tests.test_auth.TestPasswordReset" name="test_forgot_password_cooldown_silently_skips_resend" time="0.176" /><testcase classname="tests.test_auth.TestPasswordReset" name="test_reset_password_with_valid_token" time="0.527" /><testcase classname="tests.test_auth.TestPasswordReset" name="test_reset_password_invalid_token" time="0.001" /><testcase classname="tests.test_auth.TestPasswordReset" name="test_reset_password_expired_token" time="0.176" /><testcase classname="tests.test_auth.TestPasswordReset" name="test_reset_password_already_used_token" time="0.176" /><testcase classname="tests.test_auth.TestOTPEdgeCases" name="test_verify_email_expired_code" time="0.176" /><testcase classname="tests.test_auth.TestOTPEdgeCases" name="test_verify_email_too_many_attempts" time="0.176" /><testcase classname="tests.test_auth.TestLoginLockout" name="test_account_locks_after_max_failures" time="0.176" /><testcase classname="tests.test_auth.TestUploadAvatar" name="test_upload_avatar_success" time="0.176" /><testcase classname="tests.test_auth.TestUploadAvatar" name="test_upload_avatar_invalid_extension" time="0.176" /><testcase classname="tests.test_auth.TestUploadAvatar" name="test_upload_avatar_too_large" time="0.191" /><testcase classname="tests.test_auth.TestUploadAvatar" name="test_upload_avatar_requires_auth" time="0.001" /><testcase classname="tests.test_favorites.TestGetFavorites" name="test_empty_when_no_favorites" time="0.176" /><testcase classname="tests.test_favorites.TestGetFavorites" name="test_returns_user_favorites" time="0.176" /><testcase classname="tests.test_favorites.TestGetFavorites" name="test_does_not_leak_other_users_favorites" time="0.351" /><testcase classname="tests.test_favorites.TestGetFavorites" name="test_requires_authentication" time="0.001" /><testcase classname="tests.test_favorites.TestAddFavorite" name="test_add_favorite_success" time="0.176" /><testcase classname="tests.test_favorites.TestAddFavorite" name="test_duplicate_add_is_idempotent" time="0.177" /><testcase classname="tests.test_favorites.TestAddFavorite" name="test_add_nonexistent_product_returns_404" time="0.176" /><testcase classname="tests.test_favorites.TestAddFavorite" name="test_add_invalid_product_id_returns_400" time="0.176" /><testcase classname="tests.test_favorites.TestAddFavorite" name="test_requires_authentication" time="0.176" /><testcase classname="tests.test_favorites.TestRemoveFavorite" name="test_remove_favorite_success" time="0.176" /><testcase classname="tests.test_favorites.TestRemoveFavorite" name="test_remove_when_not_favorited_is_idempotent" time="0.176" /><testcase classname="tests.test_favorites.TestRemoveFavorite" name="test_remove_only_affects_current_user" time="0.352" /><testcase classname="tests.test_favorites.TestRemoveFavorite" name="test_requires_authentication" time="0.176" /><testcase classname="tests.test_favorites.TestFavoritesEdgeCases" name="test_list_silently_skips_deleted_products" time="0.176" /><testcase classname="tests.test_image_service.TestStripExif" name="test_strip_exif_removes_metadata" time="0.003" /><testcase classname="tests.test_image_service.TestStripExif" name="test_strip_exif_preserves_pixel_data" time="0.000" /><testcase classname="tests.test_image_service.TestStripExif" name="test_strip_exif_returns_new_object" time="0.000" /><testcase classname="tests.test_image_service.TestCompressImage" name="test_compress_resizes_oversized_image" time="0.063" /><testcase classname="tests.test_image_service.TestCompressImage" name="test_compress_preserves_aspect_ratio" time="0.041" /><testcase classname="tests.test_image_service.TestCompressImage" name="test_compress_unchanged_for_small_image" time="0.000" /><testcase classname="tests.test_image_service.TestGenerateThumbnail" name="test_thumbnail_fits_target_size" time="0.005" /><testcase classname="tests.test_image_service.TestGenerateThumbnail" name="test_thumbnail_preserves_aspect_ratio" time="0.003" /><testcase classname="tests.test_image_service.TestValidateExtension" name="test_accepts_jpg" time="0.000" /><testcase classname="tests.test_image_service.TestValidateExtension" name="test_accepts_jpeg" time="0.000" /><testcase classname="tests.test_image_service.TestValidateExtension" name="test_accepts_png" time="0.000" /><testcase classname="tests.test_image_service.TestValidateExtension" name="test_accepts_webp" time="0.000" /><testcase classname="tests.test_image_service.TestValidateExtension" name="test_case_insensitive" time="0.000" /><testcase classname="tests.test_image_service.TestValidateExtension" name="test_rejects_pdf" time="0.000" /><testcase classname="tests.test_image_service.TestValidateExtension" name="test_rejects_gif" time="0.000" /><testcase classname="tests.test_image_service.TestValidateExtension" name="test_rejects_no_extension" time="0.000" /><testcase classname="tests.test_image_service.TestValidateSize" name="test_accepts_normal_size" time="0.000" /><testcase classname="tests.test_image_service.TestValidateSize" name="test_accepts_at_boundary" time="0.001" /><testcase classname="tests.test_image_service.TestValidateSize" name="test_rejects_over_limit" time="0.001" /><testcase classname="tests.test_images.TestGetImage" name="test_get_image_success" time="0.001" /><testcase classname="tests.test_images.TestGetImage" name="test_get_image_returns_correct_content_type" time="0.001" /><testcase classname="tests.test_images.TestGetImage" name="test_get_image_sets_cache_header" time="0.001" /><testcase classname="tests.test_images.TestGetImage" name="test_invalid_id_returns_400" time="0.001" /><testcase classname="tests.test_images.TestGetImage" name="test_image_not_found_returns_404" time="0.001" /><testcase classname="tests.test_main.TestRootEndpoints" name="test_root_returns_welcome_message" time="0.001" /><testcase classname="tests.test_main.TestRootEndpoints" name="test_health_check" time="0.001" /><testcase classname="tests.test_main.TestRootEndpoints" name="test_health_check_does_not_require_auth" time="0.001" /><testcase classname="tests.test_messages.TestSendMessage" name="test_send_message_success" time="0.352" /><testcase classname="tests.test_messages.TestSendMessage" name="test_send_message_with_product_link" time="0.351" /><testcase classname="tests.test_messages.TestSendMessage" name="test_cannot_send_message_to_self" time="0.176" /><testcase classname="tests.test_messages.TestSendMessage" name="test_send_to_nonexistent_user_returns_404" time="0.177" /><testcase classname="tests.test_messages.TestSendMessage" name="test_empty_content_rejected" time="0.353" /><testcase classname="tests.test_messages.TestSendMessage" name="test_send_requires_verified_user" time="0.351" /><testcase classname="tests.test_messages.TestGetMessages" name="test_list_returns_messages_to_and_from_user" time="0.355" /><testcase classname="tests.test_messages.TestGetMessages" name="test_list_filtered_by_other_user_id" time="0.565" /><testcase classname="tests.test_messages.TestGetMessages" name="test_list_filtered_by_product_id" time="0.354" /><testcase classname="tests.test_messages.TestGetMessages" name="test_list_does_not_leak_others_messages" time="0.545" /><testcase classname="tests.test_messages.TestGetMessages" name="test_list_requires_authentication" time="0.001" /><testcase classname="tests.test_messages.TestListConversations" name="test_returns_one_row_per_partner" time="0.528" /><testcase classname="tests.test_messages.TestListConversations" name="test_unread_count_only_counts_incoming" time="0.359" /><testcase classname="tests.test_messages.TestListConversations" name="test_empty_when_no_messages" time="0.177" /><testcase classname="tests.test_messages.TestUnreadCount" name="test_returns_correct_unread_count" time="0.352" /><testcase classname="tests.test_messages.TestUnreadCount" name="test_zero_when_no_messages" time="0.177" /><testcase classname="tests.test_messages.TestMarkConversationRead" name="test_marks_incoming_messages_as_read" time="0.352" /><testcase classname="tests.test_messages.TestMarkConversationRead" name="test_does_not_mark_outgoing_as_read" time="0.352" /><testcase classname="tests.test_messages.TestMarkConversationRead" name="test_mark_read_filtered_by_product" time="0.361" /><testcase classname="tests.test_messages.TestMarkConversationRead" name="test_mark_read_invalid_user_id" time="0.176" /><testcase classname="tests.test_notifications.TestListNotifications" name="test_list_returns_user_notifications" time="0.176" /><testcase classname="tests.test_notifications.TestListNotifications" name="test_list_sorted_newest_first" time="0.176" /><testcase classname="tests.test_notifications.TestListNotifications" name="test_list_unread_only_filter" time="0.180" /><testcase classname="tests.test_notifications.TestListNotifications" name="test_list_does_not_leak_others_notifications" time="0.357" /><testcase classname="tests.test_notifications.TestListNotifications" name="test_list_respects_limit" time="0.176" /><testcase classname="tests.test_notifications.TestListNotifications" name="test_list_respects_skip" time="0.176" /><testcase classname="tests.test_notifications.TestListNotifications" name="test_list_requires_authentication" time="0.001" /><testcase classname="tests.test_notifications.TestUnreadCount" name="test_returns_correct_count" time="0.179" /><testcase classname="tests.test_notifications.TestUnreadCount" name="test_zero_when_no_notifications" time="0.177" /><testcase classname="tests.test_notifications.TestMarkOneRead" name="test_mark_read_success" time="0.177" /><testcase classname="tests.test_notifications.TestMarkOneRead" name="test_cannot_mark_other_users_notification" time="0.351" /><testcase classname="tests.test_notifications.TestMarkOneRead" name="test_mark_unknown_notification_returns_404" time="0.176" /><testcase classname="tests.test_notifications.TestMarkOneRead" name="test_mark_invalid_id_returns_400" time="0.176" /><testcase classname="tests.test_notifications.TestReadByLink" name="test_marks_matching_chat_link" time="0.177" /><testcase classname="tests.test_notifications.TestReadByLink" name="test_non_chat_link_returns_zero" time="0.176" /><testcase classname="tests.test_notifications.TestReadByLink" name="test_read_by_link_only_affects_current_user" time="0.351" /><testcase classname="tests.test_notifications.TestReadAll" name="test_marks_all_user_notifications_read" time="0.176" /><testcase classname="tests.test_notifications.TestReadAll" name="test_read_all_does_not_affect_other_users" time="0.352" /><testcase classname="tests.test_notifications.TestReadAll" name="test_read_all_idempotent_on_empty" time="0.176" /><testcase classname="tests.test_notifications.TestClearAll" name="test_deletes_all_user_notifications" time="0.176" /><testcase classname="tests.test_notifications.TestClearAll" name="test_clear_all_only_affects_current_user" time="0.351" /><testcase classname="tests.test_notifications.TestClearAll" name="test_clear_all_requires_authentication" time="0.001" /><testcase classname="tests.test_orders.TestCreateOrder" name="test_create_order_success" time="0.352" /><testcase classname="tests.test_orders.TestCreateOrder" name="test_cannot_order_own_product" time="0.176" /><testcase classname="tests.test_orders.TestCreateOrder" name="test_cannot_order_unavailable_product" time="0.351" /><testcase classname="tests.test_orders.TestCreateOrder" name="test_cannot_double_order_same_product" time="0.527" /><testcase classname="tests.test_orders.TestCreateOrder" name="test_create_order_product_not_found" time="0.176" /><testcase classname="tests.test_orders.TestCreateOrder" name="test_create_requires_verified_user" time="0.351" /><testcase classname="tests.test_orders.TestListOrders" name="test_default_returns_both_roles" time="0.527" /><testcase classname="tests.test_orders.TestListOrders" name="test_role_buyer_only_returns_purchases" time="0.526" /><testcase classname="tests.test_orders.TestListOrders" name="test_role_seller_only_returns_sales" time="0.352" /><testcase classname="tests.test_orders.TestListOrders" name="test_requires_authentication" time="0.001" /><testcase classname="tests.test_orders.TestOrderDetail" name="test_buyer_can_view" time="0.351" /><testcase classname="tests.test_orders.TestOrderDetail" name="test_seller_can_view" time="0.355" /><testcase classname="tests.test_orders.TestOrderDetail" name="test_outsider_cannot_view" time="0.527" /><testcase classname="tests.test_orders.TestOrderDetail" name="test_not_found" time="0.176" /><testcase classname="tests.test_orders.TestConfirmOrder" name="test_seller_confirms_pending_order" time="0.352" /><testcase classname="tests.test_orders.TestConfirmOrder" name="test_buyer_cannot_confirm" time="0.351" /><testcase classname="tests.test_orders.TestConfirmOrder" name="test_cannot_confirm_already_confirmed" time="0.354" /><testcase classname="tests.test_orders.TestConfirmOrder" name="test_cannot_confirm_cancelled" time="0.352" /><testcase classname="tests.test_orders.TestCompleteOrder" name="test_buyer_can_complete_confirmed_order" time="0.351" /><testcase classname="tests.test_orders.TestCompleteOrder" name="test_seller_can_complete_confirmed_order" time="0.351" /><testcase classname="tests.test_orders.TestCompleteOrder" name="test_cannot_complete_pending_order" time="0.352" /><testcase classname="tests.test_orders.TestCompleteOrder" name="test_outsider_cannot_complete" time="0.526" /><testcase classname="tests.test_orders.TestCancelOrder" name="test_buyer_can_cancel_pending" time="0.352" /><testcase classname="tests.test_orders.TestCancelOrder" name="test_seller_can_cancel_pending" time="0.351" /><testcase classname="tests.test_orders.TestCancelOrder" name="test_can_cancel_confirmed" time="0.351" /><testcase classname="tests.test_orders.TestCancelOrder" name="test_cannot_cancel_completed" time="0.352" /><testcase classname="tests.test_orders.TestCancelOrder" name="test_cannot_cancel_already_cancelled" time="0.352" /><testcase classname="tests.test_orders.TestUnknownAction" name="test_unknown_action_returns_400" time="0.351" /><testcase classname="tests.test_orders.TestFullOrderFlow" name="test_happy_path_create_confirm_complete" time="0.353" /><testcase classname="tests.test_orders.TestNotificationSideEffects" name="test_order_creation_notifies_both_buyer_and_seller" time="0.356" /><testcase classname="tests.test_orders.TestNotificationSideEffects" name="test_seller_confirm_notifies_buyer" time="0.352" /><testcase classname="tests.test_products.TestListProducts" name="test_list_returns_available_products" time="0.185" /><testcase classname="tests.test_products.TestListProducts" name="test_list_excludes_sold_by_default" time="0.177" /><testcase classname="tests.test_products.TestListProducts" name="test_list_filter_by_category" time="0.177" /><testcase classname="tests.test_products.TestListProducts" name="test_list_filter_by_price_range" time="0.177" /><testcase classname="tests.test_products.TestListProducts" name="test_list_filter_by_search_keyword" time="0.177" /><testcase classname="tests.test_products.TestListProducts" name="test_list_filter_by_sustainable" time="0.186" /><testcase classname="tests.test_products.TestCategories" name="test_returns_category_list" time="0.001" /><testcase classname="tests.test_products.TestTrending" name="test_trending_sorted_by_views" time="0.177" /><testcase classname="tests.test_products.TestTrending" name="test_trending_respects_limit" time="0.177" /><testcase classname="tests.test_products.TestMyProducts" name="test_returns_only_my_products" time="0.352" /><testcase classname="tests.test_products.TestMyProducts" name="test_requires_authentication" time="0.001" /><testcase classname="tests.test_products.TestSellerProducts" name="test_returns_seller_available_products" time="0.176" /><testcase classname="tests.test_products.TestSellerProducts" name="test_invalid_seller_id_400" time="0.001" /><testcase classname="tests.test_products.TestSellerProducts" name="test_seller_not_found_404" time="0.001" /><testcase classname="tests.test_products.TestProductDetail" name="test_get_detail_increments_views" time="0.176" /><testcase classname="tests.test_products.TestProductDetail" name="test_invalid_id_returns_400" time="0.001" /><testcase classname="tests.test_products.TestProductDetail" name="test_not_found_returns_404" time="0.001" /><testcase classname="tests.test_products.TestProductDetail" name="test_removed_product_returns_410" time="0.176" /><testcase classname="tests.test_products.TestCreateProduct" name="test_create_success" time="0.179" /><testcase classname="tests.test_products.TestCreateProduct" name="test_create_requires_auth" time="0.001" /><testcase classname="tests.test_products.TestCreateProduct" name="test_create_unverified_user_forbidden" time="0.177" /><testcase classname="tests.test_products.TestCreateProduct" name="test_create_banned_user_forbidden" time="0.176" /><testcase classname="tests.test_products.TestCreateProductWithImage" name="test_create_with_image_success" time="0.177" /><testcase classname="tests.test_products.TestCreateProductWithImage" name="test_create_with_image_no_image_fails" time="0.176" /><testcase classname="tests.test_products.TestCreateProductWithImage" name="test_create_with_multiple_images" time="0.177" /><testcase classname="tests.test_products.TestCreateProductWithImage" name="test_create_with_existing_images_only" time="0.176" /><testcase classname="tests.test_products.TestCreateProductWithImage" name="test_create_with_mixed_files_and_existing" time="0.177" /><testcase classname="tests.test_products.TestCreateProductWithImage" name="test_create_with_invalid_existing_images_json" time="0.177" /><testcase classname="tests.test_products.TestUpdateProduct" name="test_owner_can_update" time="0.177" /><testcase classname="tests.test_products.TestUpdateProduct" name="test_non_owner_cannot_update" time="0.356" /><testcase classname="tests.test_products.TestUpdateProduct" name="test_update_unknown_product_404" time="0.179" /><testcase classname="tests.test_products.TestUpdateProduct" name="test_edit_product_deletes_removed_images" time="0.179" /><testcase classname="tests.test_products.TestDeleteProduct" name="test_owner_can_delete" time="0.178" /><testcase classname="tests.test_products.TestDeleteProduct" name="test_non_owner_cannot_delete" time="0.352" /><testcase classname="tests.test_products.TestBoostProduct" name="test_owner_can_boost_available" time="0.178" /><testcase classname="tests.test_products.TestBoostProduct" name="test_non_owner_cannot_boost" time="0.352" /><testcase classname="tests.test_products.TestBoostProduct" name="test_cannot_boost_within_24h" time="0.176" /><testcase classname="tests.test_products.TestBoostProduct" name="test_cannot_boost_sold" time="0.177" /><testcase classname="tests.test_products.TestUploadProductImages" name="test_owner_can_upload_extra_images" time="0.178" /><testcase classname="tests.test_products.TestUploadProductImages" name="test_non_owner_cannot_upload" time="0.353" /><testcase classname="tests.test_products.TestUploadProductImages" name="test_upload_to_nonexistent_product_returns_404" time="0.177" /><testcase classname="tests.test_products.TestUploadProductImages" name="test_upload_invalid_product_id_returns_400" time="0.177" /><testcase classname="tests.test_products.TestBrowsingHistory" name="test_empty_history" time="0.178" /><testcase classname="tests.test_products.TestBrowsingHistory" name="test_returns_recent_views" time="0.178" /><testcase classname="tests.test_products.TestBrowsingHistory" name="test_excludes_removed_products" time="0.177" /><testcase classname="tests.test_products.TestBrowsingHistory" name="test_requires_authentication" time="0.001" /><testcase classname="tests.test_products.TestProductEdgeCases" name="test_seller_profile_hidden_when_banned" time="0.177" /><testcase classname="tests.test_products.TestProductEdgeCases" name="test_detail_marks_is_favorited_for_logged_in_user" time="0.178" /><testcase classname="tests.test_products.TestProductEdgeCases" name="test_detail_view_writes_browsing_history" time="0.177" /><testcase classname="tests.test_products.TestNotificationSideEffects" name="test_price_drop_notifies_all_favoriters" time="0.528" /><testcase classname="tests.test_products.TestNotificationSideEffects" name="test_no_notification_when_price_unchanged" time="0.352" /><testcase classname="tests.test_products.TestNotificationSideEffects" name="test_no_notification_when_price_increased" time="0.353" /><testcase classname="tests.test_products.TestNotificationSideEffects" name="test_seller_not_notified_for_own_product_drop" time="0.177" /><testcase classname="tests.test_products.TestNotificationSideEffects" name="test_edit_available_product_saves_snapshot" time="0.184" /><testcase classname="tests.test_products.TestNotificationSideEffects" name="test_admin_reject_edit_restores_snapshot" time="0.354" /><testcase classname="tests.test_products.TestNotificationSideEffects" name="test_admin_approve_edit_applies_changes" time="0.354" /><testcase classname="tests.test_products.TestNotificationSideEffects" name="test_product_creation_notifies_all_admins" time="0.362" /><testcase classname="tests.test_reports.TestCreateReport" name="test_create_report_success" time="0.354" /><testcase classname="tests.test_reports.TestCreateReport" name="test_cannot_report_own_product" time="0.177" /><testcase classname="tests.test_reports.TestCreateReport" name="test_cannot_create_duplicate_pending_report" time="0.354" /><testcase classname="tests.test_reports.TestCreateReport" name="test_report_nonexistent_product" time="0.177" /><testcase classname="tests.test_reports.TestCreateReport" name="test_report_invalid_product_id" time="0.176" /><testcase classname="tests.test_reports.TestCreateReport" name="test_unverified_user_cannot_report" time="0.356" /><testcase classname="tests.test_reports.TestCreateReport" name="test_invalid_reason_rejected" time="0.352" /><testcase classname="tests.test_reports.TestReportNotificationSideEffect" name="test_report_notifies_all_admins" time="0.529" /><testcase classname="tests.test_reviews.TestCreateReview" name="test_buyer_can_review_completed_order" time="0.353" /><testcase classname="tests.test_reviews.TestCreateReview" name="test_seller_can_review_completed_order" time="0.352" /><testcase classname="tests.test_reviews.TestCreateReview" name="test_cannot_review_non_completed_order" time="0.353" /><testcase classname="tests.test_reviews.TestCreateReview" name="test_cannot_review_pending_order" time="0.352" /><testcase classname="tests.test_reviews.TestCreateReview" name="test_outsider_cannot_review" time="0.529" /><testcase classname="tests.test_reviews.TestCreateReview" name="test_cannot_review_same_order_twice" time="0.352" /><testcase classname="tests.test_reviews.TestCreateReview" name="test_buyer_and_seller_can_both_review" time="0.352" /><testcase classname="tests.test_reviews.TestCreateReview" name="test_review_order_not_found" time="0.177" /><testcase classname="tests.test_reviews.TestCreateReview" name="test_rating_out_of_range_rejected" time="0.353" /><testcase classname="tests.test_reviews.TestCreateReview" name="test_rating_below_minimum_rejected" time="0.354" /><testcase classname="tests.test_reviews.TestCreateReview" name="test_requires_verified_user" time="0.352" /><testcase classname="tests.test_reviews.TestGetUserReviews" name="test_returns_seller_and_buyer_sections" time="0.352" /><testcase classname="tests.test_reviews.TestGetUserReviews" name="test_user_with_no_reviews" time="0.176" /><testcase classname="tests.test_reviews.TestGetUserReviews" name="test_invalid_user_id_returns_400" time="0.001" /><testcase classname="tests.test_reviews.TestMyReviews" name="test_returns_only_my_given_reviews" time="0.528" /><testcase classname="tests.test_reviews.TestMyReviews" name="test_empty_when_no_reviews_given" time="0.176" /><testcase classname="tests.test_reviews.TestMyReviews" name="test_requires_authentication" time="0.001" /><testcase classname="tests.test_utils.TestUniversityEmail" name="test_accepts_university_edu" time="0.000" /><testcase classname="tests.test_utils.TestUniversityEmail" name="test_accepts_student_ac_uk" time="0.000" /><testcase classname="tests.test_utils.TestUniversityEmail" name="test_rejects_gmail" time="0.000" /><testcase classname="tests.test_utils.TestUniversityEmail" name="test_rejects_yahoo" time="0.000" /><testcase classname="tests.test_utils.TestUniversityEmail" name="test_rejects_email_with_university_in_local_part" time="0.000" /><testcase classname="tests.test_utils.TestPasswordHashing" name="test_hash_is_not_plaintext" time="0.175" /><testcase classname="tests.test_utils.TestPasswordHashing" name="test_hash_is_random_each_time" time="0.350" /><testcase classname="tests.test_utils.TestPasswordHashing" name="test_verify_correct_password_returns_true" time="0.353" /><testcase classname="tests.test_utils.TestPasswordHashing" name="test_verify_wrong_password_returns_false" time="0.352" /><testcase classname="tests.test_utils.TestPasswordHashing" name="test_password_too_long_raises_400" time="0.000" /><testcase classname="tests.test_utils.TestPasswordHashing" name="test_password_at_72_bytes_works" time="0.352" /><testcase classname="tests.test_utils.TestJWT" name="test_token_round_trip" time="0.000" /><testcase classname="tests.test_utils.TestJWT" name="test_decode_invalid_token_raises_401" time="0.000" /><testcase classname="tests.test_utils.TestJWT" name="test_decode_tampered_token_raises_401" time="0.001" /><testcase classname="tests.test_utils.TestJWT" name="test_expired_token_raises_401" time="0.000" /><testcase classname="tests.test_utils.TestGenerateNumericCode" name="test_default_length_6" time="0.000" /><testcase classname="tests.test_utils.TestGenerateNumericCode" name="test_custom_length" time="0.000" /><testcase classname="tests.test_utils.TestGenerateNumericCode" name="test_codes_are_random" time="0.000" /><testcase classname="tests.test_utils.TestHashCode" name="test_hash_is_deterministic" time="0.000" /><testcase classname="tests.test_utils.TestHashCode" name="test_different_emails_produce_different_hashes" time="0.000" /><testcase classname="tests.test_utils.TestHashCode" name="test_different_codes_produce_different_hashes" time="0.000" /><testcase classname="tests.test_utils.TestHashCode" name="test_hash_does_not_contain_plaintext_code" time="0.000" /><testcase classname="tests.test_utils.TestHashCode" name="test_hash_does_not_contain_plaintext_email" time="0.000" /><testcase classname="tests.test_ws.TestWebSocketAuth" name="test_no_token_disconnects" time="0.001" /><testcase classname="tests.test_ws.TestWebSocketAuth" name="test_bad_token_disconnects" time="0.001" /><testcase classname="tests.test_ws.TestWebSocketAuth" name="test_token_without_sub_disconnects" time="0.001" /><testcase classname="tests.test_ws.TestWebSocketAuth" name="test_valid_token_accepts_connection" time="0.001" /><testcase classname="tests.test_ws.TestWebSocketProtocol" name="test_ping_pong" time="0.001" /><testcase classname="tests.test_ws.TestWebSocketProtocol" name="test_unknown_message_type_returns_error" time="0.001" /><testcase classname="tests.test_ws.TestWebSocketProtocol" name="test_invalid_json_returns_error" time="0.001" /><testcase classname="tests.test_ws.TestWebSocketProtocol" name="test_chat_missing_required_fields_returns_error" time="0.001" /><testcase classname="tests.test_ws.TestWebSocketProtocol" name="test_chat_to_self_returns_error" time="0.001" /><testcase classname="tests.test_ws.TestWebSocketProtocol" name="test_read_missing_other_user_id_returns_error" time="0.001" /></testsuite></testsuites>